小中学
町村長
前後半
今朝方
出入国
八百長
百合科
中高生
四王天
十姉妹
八里半
入出力
入出金
中山間
出入車
出来高
二合半
七夕馬
一手間
百足足
八少女
高大生
中高年
十六夜
口下手
出来立
黄金虫
青少年
中小生
南北朝
地頭鳥
親父道
角行道
金南風
下野草
自小作
田子作
頭羽数
村八分
名女形
目文字
昼夜間
国公立
小中生
文理科
石南花
大高生
王太子
外内言
金生水
行行子
工工四
高教組
高中年
西南海
山茶花
山野草
上下水
上工水
草行書
男女子
町村会
土生金
内外国
内外人
内外野
入出国
売買春
歩車道
立木竹
中小学
小太刀
秋刀魚
黄金色
土日曜
出来秋
竹麦魚
水水母
出来心
小切手
出来合
車前草
月夜見
青東風
青二才
赤水母
赤四手
赤太刀
赤百合
白地目
家刀自
石水母
石首魚
犬親父
犬四手
海百合
大海月
大太刀
大人色
大人顔
少女子
大原女
小原女
小母顔
小母手
親父顔
川時鳥
川水雲
川原石
切手牛
組太刀
車百合
黒玉子
黒百合
小女子
子百足
細石石
細石岩
白南風
白木耳
白生地
白魚子
手弱女
太刀魚
太刀音
太刀風
太刀先
立女形
谷空木
手水場
出来星
刀自女
夏秋草
野太刀
話下手
母刀自
春時雨
人心地
黒子男
細太刀
馬刀貝
耳心地
虫時雨
村時雨
赤目魚
山時鳥
山百合
木太刀
海人草
文理学
早少女
中高校
内親王
出入口