八百屋
小中学
三十路
町村長
前後半
今朝方
出入国
八百長
百合科
下手物
鉄刀木
洋毛子
三和土
中高生
大部屋
四死球
四王天
十姉妹
八里半
入出力
進入学
登下校
入出金
大仕事
中山間
仕事人
出入車
出来高
五倍子
四十物
九十路
二合半
七夕馬
七夕祭
七十路
一手間
百足足
六十路
八重歯
八少女
八十路
八田部
百合油
百合根
四十路
畑仕事
五十路
高大生
部屋代
中高年
神酒所
十六夜
送配電
口下手
目茶暑
都区部
出来立
中南部
上下流
黄金虫
仕事面
青少年
中小生
前後期
農林業
南北朝
地頭鳥
絵葉書
手間代
公取委
女子仕
親父道
角行道
京言葉
金南風
仕切金
仕切書
下野草
自小作
地言葉
田子作
太神楽
頭羽数
福早生
村八分
名女形
目文字
屋根面
大和相
湯文字
用部屋
中長期
集出荷
昼夜間
長短打
新発意
全人代
国公立
小中生
文理科
消流雪
中新研
農工高
石南花
大高生
動植物
入出院
発受電
王太子
外内言
金生水
行行子
苦楽受
工工四
高教組
高中年
公調委
国漢文
西南海
山茶花
山野草
終始業
集分荷
商工業
受発注
上下院
上下階
上下水
乗下船
上工水
水遊泳
青少対
全交運
全新研
草行書
送受波
送受話
送配水
太平楽
短長打
大小寒
大小乗
男女子
中下級
中高速
中全会
町村会
長短期
転入学
土生金
内外国
内外人
内外野
入出荷
入出庫
入出国
入出所
農工業
発送電
売買春
歩車道
流出入
立木竹
中小学
出来事
仕事着
力仕事
小太刀
秋刀魚
黄金色
酒問屋
土日曜
出来秋
竹麦魚
水水母
手仕事
出来心
夜見世
面白味
小切手
出来合
庭仕事
話言葉
波止場
顔見世
仕様事
花言葉
大葉子
車前草
着心地
角力取
月夜見
波戸場
合言葉
相部屋
青東風
青二才
青屋根
赤小豆
赤水母
赤四手
赤太刀
赤屋根
赤百合
白地目
秋日和
秋冬物
空部屋
明日葉
小豆色
小豆氷
安知女
油問屋
家刀自
石水母
石言葉
石子路
石首魚
石屋戸
板羽根
板屋根
糸問屋
犬親父
犬四手
今言葉
入母屋
歌言葉
打太刀
海羊歯
海百合
売言葉
追羽根
大海月
大時化
大太刀
男言葉
大人色
大人顔
少女子
大原女
小原女
小母顔
小母手
面白話
親父顔
親山羊
女言葉
女部屋
神楽歌
数言葉
歩行荷
勝手口
勝手場
角部屋
川時鳥
川水雲
川原石
神服部
切手牛
黄味色
切見世
草屋根
薬問屋
口言葉
国言葉
組太刀
車百合
黒小豆
黒玉子
黒山羊
黒百合
小女子
氷小豆
言葉数
言葉屋
小羽根
小間物
子百足
米問屋
子山羊
小山羊
細石石
細石岩
里言葉
真田虫
仕入先
仕方話
仕事命
仕事歌
下仕事
仕立物
仕立屋
羊歯油
仕出屋
島言葉
島百合
下部屋
白南風
白小豆
白木耳
白生地
白魚子
白山羊
助太刀
炭問屋
外仕事
手弱女
竹小豆
章魚足
太刀魚
太刀音
太刀風
太刀先
太刀取
太刀持
立女形
谷空木
田平子
玉子酒
玉羊歯
手水場
作物所
土仕事
美人局
寺息子
出来物
出来星
問屋場
外様組
刀自女
鳥問屋
問屋組
土負貝
夏秋草
野太刀
野山羊
乗心地
階子口
話下手
母刀自
母山羊
羽二重
早言葉
春時雨
春夏物
人心地
日向水
日和風
日和見
平言葉
平屋根
広小路
広目屋
広屋根
部屋数
部屋係
部屋着
部屋子
部屋住
黒子男
細太刀
間仕切
町小路
町言葉
馬刀貝
馬刀葉
真刀自
真羽太
丸屋根
円屋根
身言葉
水仕事
見世物
耳心地
都大路
深山路
虫時雨
虫部屋
村時雨
赤目魚
屋形船
山羊男
山羊皮
野次馬
屋根岩
屋根船
屋根屋
屋根雪
矢羽根
山仕事
山時鳥
山百合
指言葉
横羽目
童言葉
大角豆
木太刀
羽根車
海人草
真章魚
船問屋
東都遊
理化学
文理学
鳴電神
早少女
大使主
仕事先
大流行
一仕事
部次長
中高校
仕事場
流行歌
内親王
出入口
小部屋
実父母