男闘呼
八百屋
小中学
大部屋
出入国
三十路
切支丹
町村長
中山間
越歴機
無花果
加比丹
居西干
金平糖
金米糖
牛尾菜
鉄刀木
差不多
汗蒸幕
破天連
洋毛子
加留多
歌留多
今朝方
最高音
米利堅
善知鳥
大統領
一目散
不思議
四死球
一辺倒
三途河
十露盤
三太郎
三太夫
三連複
四王天
十姉妹
八里半
入出力
送受信
投開票
輸出入
離着陸
集大成
進入学
戦病死
登下校
入出金
離転職
離発着
三和土
無鉄砲
町村議
依固地
意固地
有頂天
殺風景
能天気
能転気
脳天気
不可知
太刀帯
前後半
下手物
助兵衛
百百獣
八百長
百合科
中高齢
中小生
致死傷
出来高
激不味
便乱坊
部屋代
出入車
高大生
大仕事
五倍子
風水害
上下巻
畑仕事
右左折
昼御飯
送配電
祖父母
一欠片
四十物
五重衣
九十路
二合半
七夕馬
七夕祭
七十路
一手間
千屈菜
百足足
六十路
八重桜
八重歯
八少女
八百物
八十路
八田部
百合油
百合根
百合樹
四十路
雑魚寝
店仕舞
五十路
農水産
上下流
都区部
英数字
鉱工業
仕事人
中長期
中南部
仮名遣
与野党
不可抗
口下手
素寒貧
昔気質
目茶暑
青少年
前後期
農林業
従兄妹
教職員
一寸見
南北朝
米英軍
昼夜間
病害虫
中高生
新増設
集出荷
幼少年
飲兵衛
地簡裁
新発意
飛遊夢
晩御飯
乳幼児
工鉱業
長短打
現預金
海空軍
全人代
国公立
農工高
内外政
飲食料
絶飲食
文理科
安保理
雨雪量
皇太子
生損保
小中生
中新研
官公労
行財政
豪雨雪
消流雪
官公需
近現代
増養殖
陸海軍
石南花
重軽傷
大高生
動植物
内外装
入出院
無一文
移出入
観世音
歓送迎
給貸与
源五郎
皇大后
皇太后
資器材
資機材
受発信
政財界
地制調
鉄銅製
入出荷
入退院
入退室
人非人
農園芸
発受電
肥飼料
不可侵
未亡人
予消防
握足手
悪太郎
圧痛点
遺家族
移輸出
英米法
遠近法
汚悪水
王太子
海陸軍
海陸風
加減算
加減速
過不及
過不足
官公署
官公庁
官公立
官私線
環保業
外向傾
外内言
鬼子母
客貨車
金生水
議運委
義太夫
行行子
魚虫類
魚腸骨
句歌集
句読点
苦楽受
工工四
郡区庁
経構研
経社理
軽中量
継父母
健推協
紫雲英
原工試
原水禁
原水爆
原被告
高教組
皇太孫
耕宅地
高中年
公調委
高冷地
公労委
国漢文
金輪際
合違憲
歳出入
最大判
最長短
西南海
左義長
作編曲
山茶花
産育休
山査子
山野草
士君子
私公営
私公有
始終端
執行務
飼肥料
集運材
終始業
就退職
就転職
集分荷
出改札
出欠席
出退勤
商工業
商調協
商登規
所基通
触力覚
諸兄姉
初中級
諸堂社
新改築
治工具
自府県
若中年
重傷病
受発注
上下院
上下階
上下水
乗下船
上工水
水気耕
推文字
水遊泳
青少対
政省令
生卒年
正負例
専兼業
全交運
全新研
全半壊
全療協
全労協
草行書
総警務
送受波
送受話
送配水
送変電
増減税
退停学
太平楽
短長打
炭婦協
大小寒
大小便
男女子
地公労
地婦連
着上陸
着脱衣
中下級
中高層
中高速
中執委
中小輪
中上級
中全会
中体連
中低速
中労委
長信銀
鳥獣害
町村会
長短期
朝夕刊
直研連
地労委
低中質
転貸借
転入学
代宮司
電事連
都安例
登下城
頭胴長
唐変木
得失点
特政委
特防秘
道県警
道府民
毒劇物
土性金
土生金
内外圧
内外航
内外国
内外需
内外人
内外野
日英語
入出庫
入出国
入出所
入退団
乳卵類
燃材料
農漁業
農漁民
農工業
農総試
農牧業
農牧産
発送電
阪奈和
売買春
幕政府
麦門冬
番太郎
悲喜劇
被団協
病虫害
風水災
不可触
不可説
不可分
複複線
府県域
府県会
府県史
府県商
府県民
府県立
府省令
部課長
文武官
変退色
放鳥獣
歩車道
本支社
暴騒音
暴風雪
木念仁
民労協
厚皮香
役職員
野暮天
輸移入
輸配送
養介護
養親子
養父母
予警報
預貸証
預貯金
予復習
理化学
陸海運
陸空軍
流出入
立木竹
労判速
公私立
府県警
中小学
幾千万
増改築
目論見
小田巻
十六夜
香具師
仕事面
居心地
仮名序
百舌鳥
名台詞
朝御飯
絵葉書
地頭鳥
仕入量
公取委
子局器
田舎弁
犬御飯
芋御飯
稲熱病
家御飯
梅御飯
得手公
海老茶
海老天
女将役
沖仲仕
大人舎
大人班
女子仕
女子衆
親父道
角行道
神楽殿
旗魚座
為替料
川太郎
河太郎
京言葉
金南風
銀合歓
気配値
剣殺陣
言葉欄
桜御飯
試合場
仕入額
仕置人
仕切金
仕切書
仕事師
為事師
芝居気
下野草
尺岩魚
自小作
地言葉
地団太
地吹雪
背黄青
総仕舞
象鼻虫
田子作
太神楽
段階子
茶香服
賃仕事
土筆坊
手間損
手間代
手間賃
頭羽数
何処大
梨子地
何御飯
何兵衛
納屋頭
仁太夫
階子段
土師部
羽根扇
波布草
波布茶
破礼句
秘太刀
平目筋
福早生
節納屋
不死身
貝独楽
母衣衆
本占地
孫太郎
豆御飯
見栄坊
神酒所
水御飯
不見手
不見転
聖堂守
土産品
麦御飯
無手勝
村八分
名女形
目高卵
目文字
山羊座
山羊乳
屋敷地
屋敷林
屋根面
大和相
夕御飯
浴衣地
紫御飯
湯文字
用部屋
与太連
与太郎
夜御飯
陸海月
陸屋根
治部少
出来事
土日曜
竹麦魚
土師器
見真似
一昨夜
物真似
黄金虫
屋敷跡
公孫樹
権平衛
従兄弟
仕事着
仕事柄
小法師
小太刀
紫陽花
秋刀魚
力仕事
木綿木
片田舎
酒問屋
寝間着
仲見世
出来秋
針仕事
床見世
話言葉
花屋敷
黄金色
片手間
雪花菜
比売知
若魚子
居酒屋
浴衣姿
我楽多
夜見世
兄比売
手仕事
土産物
鬼百合
小切手
落葉松
出来心
鬼海星
田舎漢
片手業
水水母
大葉子
車前草
庭仕事
田舎道
鬼野老
桜吹雪
角力取
紙芝居
花言葉
砂利道
彼方側
梅屋敷
紙吹雪
手土産
派手色
岩清水
川砂利
仕様事
月夜見
波止場
花吹雪
合言葉
家刀自
石清水
乳母車
売言葉
大喜利
貝割菜
顔見世
陰日向
徒士組
着心地
木目込
組屋敷
車海老
小間物
仕入先
仕置場
捨台詞
旅芝居
梅雨寒
天蚕糸
手間暇
出来合
生雲丹
接骨木
微温湯
野良犬
乗心地
波戸場
浜百合
屋形舟
屋形船
野次馬
屋根裏
相部屋
青鹿毛
青東風
青二才
青味紫
青紅葉
青屋根
赤小豆
赤海老
赤水母
赤小灰
赤四手
赤砂利
赤太刀
赤鳥居
赤母衣
赤眼張
赤百舌
赤屋根
赤百合
明御神
現御神
秋日和
秋冬物
空部屋
空屋敷
浅黄色
明日葉
網代木
小豆色
小豆粉
小豆氷
小豆粒
小豆梨
安知女
油問屋
甘海老
甘野老
海人舟
荒木田
荒仕事
荒海布
石水母
石言葉
石子路
石鳥居
石首魚
石屋戸
悪戯心
板羽根
板発条
板屋根
糸問屋
田舎女
田舎話
田舎娘
田舎家
稲子豆
稲妻形
稲荷祭
犬親父
犬四手
犬屋敷
今言葉
入母屋
岩田帯
魚河岸
浮屋根
薄仕立
薄紅葉
歌言葉
歌真似
打太刀
内舎人
雲丹飯
乳母犬
海羊歯
海砂利
海百合
裏小路
裏部屋
愛少女
海老足
海老味
海老芋
海老腰
海老根
海老飯
追羽根
扇問屋
大郎子
大郎女
大海月
大時化
大太刀
大舎人
大御歌
大御食
大御宝
大火傷
可笑味
小賀玉
悪香虫
青香虫
白粉花
雄山羊
男郎花
男言葉
男御子
大人色
大人雄
大人顔
大人側
弟比売
少女子
大原女
小原女
小母顔
小母手
帯曲輪
女郎花
面白話
面白味
親父顔
親山羊
織部正
女言葉
女部屋
女御子
抱屋敷
案山子
神楽歌
欠徳利
鹿毛皮
飾太刀
河岸蔵
河岸端
貸部屋
河岸道
数言葉
片紅葉
歩行荷
勝手口
勝手場
河童頭
河童菜
角部屋
仮名書
仮名読
曲尺割
曲尺手
紙白粉
雷親父
上屋敷
空梅雨
川穴子
可愛子
川海老
川時鳥
川水雲
川原石
河原石
上達部
神服織
神服部
黄占地
着背長
北早稲
切手牛
黄名粉
鬼怒甘
絹羽根
黄母衣
黄味色
切見世
草合歓
草紅葉
草屋敷
草屋根
薬問屋
果物皿
果物畑
果物屋
口言葉
口年増
黄枝花
口真似
朽山吹
国言葉
組太刀
内蔵助
倉屋敷
蔵屋敷
車百合
黒小豆
黒鹿毛
黒玉子
黒母衣
黒眼張
黒山羊
黒百合
小女子
小海老
氷小豆
氷雲丹
小為替
腰曲輪
白帯下
腰長押
越屋根
言葉数
言葉屋
小舎人
粉白粉
小羽根
子百足
米問屋
子山羊
小山羊
破落戸
造酒児
逆茂木
桜海老
桜占地
酒徳利
大角豆
細石石
細石岩
刺水夫
流離人
里言葉
真田虫
皿屋敷
仕入値
塩河岸
塩問屋
塩部屋
塩水雲
枝折戸
仕方話
時雨煮
仕事命
仕事歌
仕事机
下仕事
仕立物
仕立屋
下長押
舌平目
羊歯油
仕出屋
羊歯灰
枝垂桜
志都歌
支払側
支払先
支払月
支払届
支払元
芝海老
仕舞飯
仕舞湯
島言葉
島百合
注連飾
注連縄
仕舞屋
下部屋
下屋敷
背負子
白髪頭
白髪染
不知火
白南風
白真砂
白細砂
白小豆
白独活
白海老
白飛白
白木耳
白生地
白占地
白斜子
白魚子
白山羊
白山吹
白浴衣
砂利浜
末息子
透百合
助太刀
筋井守
条海老
素破頭
巣部屋
炭問屋
勢子石
勢子舟
外仕事
手弱女
高御座
宝屋敷
竹小豆
武屋敷
竹屋敷
章魚足
畳部屋
太刀魚
太刀音
太刀風
太刀傷
太刀先
太刀姿
太刀筋
太刀取
太刀持
立女形
殺陣師
谷空木
頼母子
田平子
玉海老
玉子酒
玉羊歯
玉砂利
垂乳根
手水場
作物所
引火奴
土仕事
美人局
粒雲丹
梅雨雲
梅雨空
梅雨晴
手革包
手古舞
手真似
寺息子
出来立
出来値
出来物
出来星
問屋株
問屋場
外様組
年増女
隣部屋
隣屋敷
殿屋敷
共白髪
鳥問屋
問屋跡
問屋組
何方側
土負貝
仲皇子
長雲丹
泣黒子
夏越祭
夏秋草
夏芝居
生子壁
生若布
波小灰
煮小豆
荷為替
西曲輪
西鳥居
煮玉子
似関船
沼海老
微温火
寝心地
寝部屋
合歓木
直衣姿
野垂死
野太刀
野山羊
野良芋
野良着
祝詞言
灰神楽
羽団扇
南風泊
羽織物
刷毛序
箱階子
階子口
走梅雨
走野老
畑占地
葉丹宝
初時雨
初太刀
初見世
花独活
話下手
花盗人
花紅葉
羽根飾
羽根車
母刀自
母山羊
羽二重
浜言葉
浜木綿
早言葉
早仕舞
流行児
流行眼
腹矢倉
張見世
春時雨
春夏物
発条下
発条指
破礼話
東鳥居
鹿尾菜
直垂姿
左団扇
人心地
人真似
日向側
日向水
日和風
日和見
平言葉
平屋根
鹿子菜
広小路
広目屋
広屋根
編木舞
富士形
富士絹
富士額
舟問屋
兵児帯
兵子帯
部屋数
部屋係
部屋着
部屋子
部屋住
部屋干
部屋割
平矢柄
紅空木
紅白粉
紅枝垂
紅吹雪
黒子男
細太刀
棒手振
迷子石
迷子牛
舞良戸
真鹿児
孫息子
間仕切
町小路
町言葉
町屋敷
松占地
馬刀貝
馬刀葉
真似事
真羽太
忠実男
豆砂利
丸屋根
円屋根
身言葉
水白粉
水仕事
水刷毛
美豆良
見世物
緑小灰
水無月
南屋敷
耳心地
耳年増
土産話
都大路
宮芝居
深山路
海松貝
虫時雨
虫部屋
村時雨
村芝居
目仁奈
雌山羊
目年増
赤目魚
乳母子
海布巻
茂我利
紅絹裏
紅葉狩
紅葉月
矢飛白
焼太刀
山羊男
山羊皮
火傷跡
矢狭間
屋敷裏
屋敷神
屋敷木
屋敷森
奴言葉
寄生木
屋根岩
屋根舟
屋根船
屋根屋
屋根雪
矢羽根
山独活
山折敷
山仕事
山清水
山砂利
山吹色
山吹襲
山紅葉
山百合
遣羽子
木綿髪
木綿付
夕間暮
指言葉
弓張灯
夢心地
横徳利
横羽目
余所子
余所事
余所見
余所目
与太話
黄泉路
黄泉軍
若女将
公魚煮
若白髪
輪注連
渡台詞
輪箱飯
王仁口
童言葉
船問屋
菜種子
木太刀
大御神
日不見
海人草
海仁草
右衛門
数奇屋
中高年
世利売
鳥渡見
東都遊
文理学
従姉妹
一昨年
益荒男
数寄屋
黄花菜
目見得
真章魚
比目魚
未通女
草石蚕
権兵衛
府県連
早少女
太刀洗
大使主
神無月
有難味
家屋敷
早稲田
仮名文
一仕事
部次長
大流行
試合玉
仕事先
中高校
流行歌
賃貸借
仕事場
暴風雨
学協会
小部屋
不得手
子供数
実父母
出入口
試合球