男闘呼
八百屋
千斬切
小中学
卒塔婆
一二塁
大部屋
卒都婆
出入国
三十路
混凝土
亜多母
切支丹
町村長
中山間
一三塁
仙中里
仙人掌
越歴機
亜多綿
無花果
飯食箸
優婆塞
加比丹
甲比丹
居西干
虎列拉
虎烈拉
金平糖
金米糖
参鶏湯
牛尾菜
小籠包
鉄刀木
大掛児
差不多
都維那
天婦羅
尼師今
波羅蜜
汗蒸幕
伴天連
破天連
婆羅門
波羅門
飛竜頭
比丘尼
賓順愛
転桁索
回鍋肉
麻立干
密児拉
洋毛子
加留多
歌留多
今朝方
梅雨頃
最高音
指甲花
米利堅
善知鳥
大統領
二三塁
古拉果
一目散
不思議
如雨露
四死球
一辺倒
三途河
十露盤
一張羅
三太郎
三太夫
三連複
四王天
十姉妹
八里半
入出力
送受信
投開票
輸出入
離着陸
休廃業
吸放湿
集大成
進入学
戦病死
登下校
統廃合
入出金
滅紛失
離転職
離発着
八多羅
三和土
無鉄砲
町村議
無邪気
中建審
依固地
意固地
有頂天
殺風景
能天気
能転気
脳天気
破廉恥
不可知
太刀帯
前後半
下手物
助兵衛
百百獣
八百長
百合科
中高齢
中小生
致死傷
出来高
激不味
便乱坊
部屋代
出入車
風邪薬
高大生
伯父翁
何時頃
大仕事
五倍子
風水害
上下巻
畑仕事
右左折
昼御飯
送配電
擬宝珠
祖父母
身曽岐
一欠片
四十物
五重衣
九十路
二合半
四季施
七夕馬
七夕祭
七十路
一手間
千屈菜
百足足
六十路
八重垣
八重桜
八重歯
八乙女
八少女
八百物
八十路
八田部
百合油
百合根
百合樹
用排水
四十路
雑魚寝
不貞寝
店仕舞
五十路
農水産
綿津見
上下流
都区部
英数字
鉱工業
仕事人
中長期
中南部
仮名遣
与野党
不可抗
口下手
素寒貧
頓珍漢
昔気質
目茶暑
青少年
前後期
農林業
従兄妹
教職員
一寸見
南北朝
米英軍
昼夜間
病害虫
中高生
新増設
集出荷
幼少年
飲兵衛
地簡裁
新発意
飛遊夢
晩御飯
視聴覚
乳幼児
揚排水
工鉱業
長短打
現預金
休廃止
海空軍
全人代
国公立
農工高
内外政
飲食料
冷暖房
絶飲食
文理科
安保理
雨雪量
皇太子
生損保
給排紙
小中生
中新研
官公労
行財政
公社債
豪雨雪
消流雪
投融資
官公需
近現代
増養殖
駐停車
陸海軍
茶華道
石南花
重軽傷
大高生
注排水
動植物
内外装
入出院
排除雪
無一文
移出入
観世音
歓送迎
給貸与
給排水
行催事
源五郎
皇大后
皇太后
資器材
資機材
葬頭河
受委託
受発信
寿護録
数娯録
政財界
青壮年
前中扉
地制調
中教審
鉄銅製
入出荷
入退院
入退室
人非人
農園芸
農畜産
発受電
肥飼料
不可侵
未曽有
未亡人
予消防
握足手
悪太郎
圧痛点
亜麻仁
遺家族
医保審
移輸出
憂喜受
英米法
遠近法
汚悪水
黄褐変
王侯妃
王太子
楷行書
開廃業
海陸軍
海陸風
勘解由
加減算
加減速
過不及
過不足
官公署
官公庁
官公吏
官公立
官私線
環保業
干満珠
外向傾
外内言
菊御飯
鬼子母
客貨車
休廃刊
給排気
胸腰椎
禁嫌煙
金生水
議運委
義太夫
行革審
行行子
行幸啓
行人偏
魚虫類
魚腸骨
句歌集
句読点
苦楽受
工工四
郡区庁
経構研
経社理
軽中量
継父母
健推協
下克上
紫雲英
原工試
原水禁
原水爆
原被告
公企体
高教組
皇太孫
耕宅地
高中年
公調委
高冷地
公労委
国漢文
金輪際
合違憲
恒河沙
採介藻
採貝藻
歳出入
採種穂
最大判
最長短
西南海
催馬楽
採穂種
左義長
作編曲
山茶花
産育休
産構審
山査子
山野草
士君子
私公営
私公有
始終端
執行務
飼肥料
集運材
終始業
就退職
就転職
集分荷
出改札
出欠席
出退勤
出融資
商工業
商調協
商登規
所基通
触力覚
諸兄姉
諸侯伯
所措通
初中級
諸堂社
新改築
治工具
自賠責
自府県
若中年
重傷病
充放電
受発注
上下院
浄活水
上下階
上下水
乗下船
上工水
除排雪
水気耕
推文字
水遊泳
青少対
政省令
生卒年
正負例
生没年
専兼業
全交運
全施協
全施労
全新研
全半壊
全療協
全倫研
全労協
草行書
総警務
送受波
送受話
送配水
送排風
送変電
増減税
贈収賄
退停学
太平楽
短長打
炭婦協
大小寒
大小便
男女子
断末魔
地公労
知藩事
地婦連
着上陸
着脱衣
中下級
中環審
中高層
中高速
中執委
中少尉
中小輪
中上級
中全会
中体連
鋳鍛造
中低速
中労委
長慶子
聴視覚
長信銀
鳥獣害
町村会
長短期
超問員
朝夕刊
直研連
地労委
低中質
転貸借
転入学
転廃業
代宮司
電事連
電調審
都安例
登下城
謄抄本
陶磁器
凍霜害
頭胴長
唐変木
得失点
特政委
特防秘
道県警
道府民
毒劇物
土性金
土生金
度量衡
内外圧
内外航
内外国
内外需
内外人
内外野
日英語
入出庫
入出国
入出所
入退団
乳卵類
妊産婦
燃材料
農漁業
農漁民
農工業
脳脊髄
農総試
農牧業
農牧産
排尿便
発送電
阪奈和
売買春
幕政府
麦門冬
番太郎
悲喜劇
被団協
病虫害
風水災
不可触
不可説
不可分
複複線
府県域
府県会
府県史
府県商
府県民
府県立
府省令
雰囲気
部課長
文武官
併解結
平電炉
変退色
便尿器
放鳥獣
歩車道
布袋草
本支社
暴騒音
暴風雪
木念仁
朴念仁
埋火葬
民行審
民刑事
民労協
無患子
厚皮香
役職員
野暮天
輸移入
輸配送
養介護
葉茎菜
養親子
溶鍛接
養父母
予警報
預貸証
預貯金
予復習
理化学
陸海運
陸空軍
流出入
立木竹
林政審
労判速
公私立
府県警
中小学
幾千万
増改築
目論見
夜多羅
唐辛子
小田巻
十六夜
香具師
仕事面
居心地
仮名序
百舌鳥
鍛冶屋
土壇場
名台詞
朝御飯
絵葉書
地頭鳥
仕掛人
地頭鶏
仕入量
乙女座
公取委
子局器
小豆缶
宛行状
花鶏科
信天翁
田舎弁
犬御飯
芋御飯
稲熱病
海豚漁
家御飯
梅御飯
得手公
海老錠
海老茶
海老天
縁起棚
女将役
沖仲仕
伯父貴
叔父貴
大人舎
大人班
乙女像
女子仕
女子衆
親父道
角行道
神楽殿
旗魚座
冠木門
釜御飯
為替料
川太郎
河太郎
額風呂
菊日和
京言葉
金南風
銀合歓
気配値
拳相撲
剣殺陣
言葉欄
紺飛白
桜御飯
桟敷席
試合場
仕入額
仕置人
仕掛品
仕切金
仕切書
仕事師
為事師
芝居気
下野草
尺岩魚
自小作
地言葉
地団太
地団駄
地吹雪
浄瑠璃
寿司台
寿司通
相撲絵
背黄青
総仕舞
象鼻虫
田子作
誰兵衛
太神楽
段階子
茶香服
手水鉢
賃仕事
土筆坊
手間損
手間代
手間賃
頭羽数
何処大
丼御飯
梨子地
何御飯
何兵衛
納屋頭
錦織部
仁太夫
階子段
土師部
旅籠銭
羽根扇
波布草
波布茶
破礼句
秘太刀
姫沙羅
平目筋
福早生
節納屋
不死身
風呂代
貝独楽
母衣衆
本占地
孫太郎
豆御飯
見栄坊
神酒所
水御飯
不見手
不見転
聖堂守
土産品
麦御飯
無手勝
村八分
名女形
目高卵
目文字
木捻子
山羊座
山羊乳
屋敷地
屋敷林
屋根面
大和相
夕御飯
浴衣地
紫御飯
湯文字
洋辛子
用部屋
与太連
与太郎
夜御飯
乱痴気
陸海月
陸屋根
治部少
出来事
以呂波
土日曜
竹麦魚
土師器
見真似
一昨夜
物真似
黄金虫
屋敷跡
公孫樹
権平衛
従兄弟
仕事着
野良猫
仕事柄
覆盆子
小法師
小太刀
紫陽花
秋刀魚
力仕事
木綿木
片田舎
能弄戯
披露目
酒問屋
咽喉元
寝間着
仲見世
出来秋
針仕事
床見世
相撲人
話言葉
花屋敷
黄金色
片手間
雪花菜
比売知
若魚子
居酒屋
玩具屋
浴衣姿
我楽多
瓦落多
夜見世
兄比売
手仕事
土産物
鬼百合
小切手
落葉松
出来心
鬼海星
花曽女
顎伯父
田舎漢
内風呂
華屋敷
叔父心
猫屋敷
片手業
蚊帳待
水水母
大葉子
車前草
泥仕合
庭仕事
田舎道
鬼野老
桜吹雪
相撲取
角力取
白長須
伯父心
紙芝居
風呂場
穴風呂
巨福呂
泥試合
花言葉
砂利道
彼方側
梅屋敷
恵比須
恵美須
紙吹雪
手土産
派手色
岩清水
卸問屋
川砂利
拶双魚
猿真似
仕様事
月夜見
波止場
花吹雪
合言葉
家刀自
田舎侍
石清水
采女塚
乳母車
売言葉
大喜利
貝割菜
顔見世
陰日向
徒士組
瓦屋根
着心地
木目込
組屋敷
車海老
小間物
仕入先
仕置場
捨台詞
旅芝居
梅雨寒
天蚕糸
手間暇
手間隙
出来合
生雲丹
接骨木
微温湯
野良犬
乗心地
羽交締
波戸場
浜百合
姫百合
袋小路
風呂釜
枕言葉
無駄口
無駄話
屋形舟
屋形船
弥次馬
野次馬
屋根裏
屋根瓦
闇風呂
相部屋
青懸巣
青鹿毛
青蚊帳
青東風
青鶏冠
青二才
青味泥
青味紫
青紅葉
青屋根
赤小豆
赤海胆
赤海老
赤水母
赤小灰
赤四手
赤砂利
赤酸塊
赤太刀
赤出汁
赤鶏冠
赤鳥居
赤母衣
赤眼張
赤百舌
赤屋根
赤百合
明御神
現御神
秋日和
秋冬物
空部屋
空屋敷
灰汁汁
灰汁巻
揚繰網
木通籠
木通袋
浅黄色
麻問屋
朝風呂
明日葉
網代木
小豆色
小豆粉
小豆氷
小豆粒
小豆梨
小豆婆
集真藍
馬酔木
安知女
可惜物
浮子綱
油問屋
甘海老
甘野老
天邪鬼
海人舟
荒木田
荒仕事
荒海布
如何物
稲花餅
膝行足
石海豚
石水母
石言葉
石子路
石鳥居
石風呂
石首魚
石屋戸
悪戯心
板羽根
板発条
板屋根
糸問屋
田舎女
田舎話
田舎娘
田舎家
稲子豆
稲妻形
稲荷祭
犬親父
犬四手
犬屋敷
今言葉
忌言葉
妹弟猫
入母屋
色仕掛
色足袋
囲炉裏
岩田帯
岩雪崩
岩風呂
魚河岸
浮子釣
浮屋根
石斑魚
宇気槽
薄仕立
薄足袋
薄紅葉
歌言葉
歌真似
打太刀
腕相撲
内舎人
雲丹丼
雲丹飯
乳母犬
海羊歯
海砂利
海鶏冠
海百合
裏小路
裏部屋
漆刷毛
愛少女
海老足
海老味
海老芋
海老釜
海老腰
海老根
海老飯
追羽根
扇問屋
追手郭
大欠伸
大炊寮
大炊頭
大郎子
大郎女
大伯父
大叔父
大伯母
大叔母
大海月
大時化
大太刀
大舎人
大御歌
大御食
大御宝
大火傷
可笑味
小賀玉
悪香虫
青香虫
虎魚組
白粉花
叔父子
雄山羊
男郎花
男言葉
男風呂
男御子
大人色
大人雄
大人顔
大人側
弟比売
乙女子
少女子
乙女心
乙女塚
鬼虎魚
大原女
小原女
小母顔
小婆草
小母唇
小母手
小母肌
帯曲輪
女郎花
面白話
面白味
玩具箱
親父顔
親同胞
親山羊
織部正
女言葉
女相撲
女同胞
女風呂
女部屋
女御子
女強請
垣間見
抱屋敷
案山子
柿占地
鍵言葉
角風呂
神楽歌
神楽姫
欠徳利
鹿毛皮
籠松明
籠釣瓶
風邪声
挿頭草
挿頭花
飾太刀
河岸蔵
河岸端
貸部屋
河岸道
鍛冶場
数言葉
刀鍛冶
布葛衣
片紅葉
歩行荷
勝手口
勝手場
河童頭
河童菜
角部屋
仮名書
仮名読
曲尺割
曲尺手
鎌海豚
紙白粉
紙相撲
雷親父
上屋敷
掃部宿
蚊帳布
韓鍛冶
辛子色
辛子酢
空梅雨
川穴子
可愛子
川海老
川時鳥
川水雲
川原石
河原石
上達部
神服織
神服部
冠直衣
柄足袋
黄揚羽
黄占地
着背長
北早稲
切手牛
黄名粉
鬼怒甘
絹羽根
黄母衣
黄味色
黄味肌
木目肌
切見世
茎若布
草相撲
草合歓
草紅葉
草屋敷
草屋根
鯨寿司
久須比
薬問屋
薬風呂
果物籠
果物皿
果物畑
果物屋
口言葉
口年増
黄枝花
口真似
朽山吹
靴足袋
靴刷毛
国言葉
国津神
組太刀
内蔵助
倉屋敷
蔵屋敷
車百合
郭言葉
黒揚羽
黒小豆
黒鹿毛
黒酸塊
黒玉子
黒母衣
黒眼張
黒山羊
黒百合
黒与那
桑屋敷
蹴付鶏
子海豚
小女子
小海老
氷小豆
氷雲丹
小為替
腰曲輪
白帯下
腰長押
越屋根
言葉数
言葉尻
言葉屋
小舎人
粉白粉
粉辛子
小羽根
独楽釜
子百足
米問屋
子山羊
小山羊
紙捻切
枯露柿
破落戸
造酒児
魚出汁
逆茂木
桜海老
桜占地
酒徳利
酒風呂
大角豆
細石石
細石岩
刺水夫
流離人
里言葉
真田虫
侍気質
侍屋敷
皿屋敷
猿芝居
仕入値
塩河岸
塩問屋
塩風呂
塩部屋
塩水雲
枝折戸
仕掛物
仕方話
時雨煮
仕事命
仕事歌
仕事机
仕事猫
下仕事
仕立物
仕立屋
下長押
舌平目
下目蓋
羊歯油
仕出屋
羊歯灰
枝垂桜
枝垂柳
志都歌
支払側
支払先
支払月
支払届
支払元
芝海老
渋団扇
仕舞飯
仕舞湯
島言葉
島百合
注連飾
注連縄
仕舞屋
霜日和
下僕薬
下部屋
下屋敷
背負籠
背負子
塩汁鍋
白髪頭
白髪染
不知火
白南風
白真砂
白細砂
白小豆
白独活
白海老
白飛白
白木耳
白生地
白占地
白足袋
白鶏冠
白斜子
白魚子
白山羊
白山吹
白浴衣
砂利浜
据風呂
末息子
透百合
姿寿司
透木釜
助太刀
寿司酢
寿司種
寿司飯
筋井守
条海老
素破頭
砂風呂
巣部屋
墨曲尺
炭問屋
相撲場
勢子石
勢子舟
瀬野八
背乾鯨
脊乾鯨
背美鯨
脊美鯨
底雪崩
外仕事
外風呂
手弱女
高御座
宝屋敷
竹小豆
武屋敷
竹屋敷
章魚足
畳部屋
太刀魚
太刀音
太刀風
太刀傷
太刀先
太刀姿
太刀筋
太刀取
太刀持
立女形
殺陣師
谷空木
頼母子
足袋靴
田平子
玉海老
玉子酒
玉羊歯
玉砂利
垂乳根
出汁粉
出汁巻
稚児頭
稚児桜
手水場
作物所
引火奴
土仕事
筒井筒
美人局
粒雲丹
摘入汁
摘入鍋
梅雨雲
梅雨空
梅雨晴
面相撲
弦練作
手革包
手古舞
手真似
寺息子
出来立
出来値
出来物
出来星
問屋株
問屋場
藤四郎
常盤津
野老葛
外様組
年増女
徳利襟
徳利鯨
徳利蜂
隣部屋
隣屋敷
殿屋敷
共白髪
虎海老
虎河豚
鳥居脇
鳥問屋
頓痴奇
問屋跡
問屋組
何方側
都都逸
土負貝
泥風呂
仲皇子
長雲丹
長須鯨
長風呂
泣黒子
夏越祭
梨河豚
夏秋草
夏風邪
夏芝居
生欠伸
生臭味
生子壁
生若布
並揚羽
波小灰
滑子汁
煮小豆
苦汁水
荷為替
握寿司
西曲輪
西鳥居
虹屋敷
煮玉子
似関船
布玩具
布魚籠
沼海老
微温火
猫部屋
寝心地
寝悪阻
寝部屋
合歓木
直衣姿
野垂死
野太刀
喉風邪
野山羊
野良芋
野良着
野良鶏
祝詞言
詔刀言
灰神楽
羽団扇
南風泊
羽織物
刷毛序
刷毛斑
箱寿司
箱階子
箱河豚
階子口
走梅雨
走野老
畑占地
旅籠屋
旅籠宿
葉丹宝
肌木目
初時雨
初太刀
初見世
把釣孔
花独活
鼻風邪
話下手
花寿司
花相撲
花盗人
花紅葉
羽根飾
羽根車
羽根枕
母刀自
母山羊
羽二重
浜言葉
浜木綿
早言葉
早仕舞
疾風組
流行児
流行眼
腹矢倉
張見世
針土竜
春時雨
春夏物
発条下
発条指
破礼話
東鳥居
鹿尾菜
直垂姿
左団扇
人心地
人真似
日向側
日向水
霊室木
姫空木
姫黄金
姫御子
日和風
日和見
平言葉
平屋根
鹿子菜
広小路
広目屋
広屋根
編木舞
袋海胆
袋竹刀
袋部屋
袋土竜
河豚汁
河豚鍋
河豚屋
総酸塊
富士形
富士絹
富士額
不如帰
不斗出
舟問屋
風呂番
風呂吹
風呂水
風呂屋
兵児帯
兵子帯
蛇親父
蛇屋敷
部屋数
部屋係
部屋着
部屋子
部屋住
部屋猫
部屋干
部屋割
平矢柄
紅空木
紅白粉
紅枝垂
紅吹雪
黒子男
細太刀
棒手振
迷子石
迷子牛
舞良戸
真海豚
真鹿児
巻寿司
枕発条
馬子唄
孫息子
間仕切
又従兄
斑海豚
町小路
町言葉
町風呂
町屋敷
松占地
馬刀貝
馬刀葉
真魚箸
真似事
真羽太
真河豚
目蓋側
忠実男
豆砂利
繭毛羽
眉刷毛
丸風呂
丸屋根
円屋根
翻車魚
身言葉
美須紙
水白粉
水仕事
水刷毛
水風呂
美豆良
見世棚
見世物
溝真田
祖霊舎
緑小灰
緑河豚
緑遍羅
水無月
南屋敷
耳心地
耳年増
土産話
都大路
宮芝居
深山路
海松貝
零余子
無窮花
虫時雨
蒸寿司
蒸風呂
虫部屋
無駄足
無駄毛
無駄玉
無駄球
無駄花
無駄骨
無駄飯
無駄矢
紫海胆
村時雨
村芝居
目仁奈
雌山羊
目年増
赤目魚
海布茎
乳母子
海布巻
茂我利
虎落笛
土竜塚
水雲酢
戻梅雨
紅絹裏
紅葉狩
紅葉月
諸味酢
矢飛白
焼太刀
山羊男
山羊皮
自棄酒
火傷跡
矢狭間
屋敷裏
屋敷神
屋敷木
屋敷僕
屋敷森
奴言葉
寄生木
柳多留
屋根岩
屋根舟
屋根船
屋根屋
屋根雪
矢羽根
山空穂
山独活
山折敷
山仕事
山清水
山砂利
山吹色
山吹襲
山紅葉
山百合
遣羽子
木綿髪
木綿付
夕間暮
雪雪崩
交譲葉
指言葉
指相撲
湯風呂
弓張灯
夢幻境
夢心地
横徳利
横羽目
横風呂
寄相撲
余所子
余所事
余所見
余所目
与太話
黄泉路
黄泉軍
若女将
公魚煮
若白髪
若布酢
脇部屋
輪注連
渡台詞
輪箱飯
王仁口
童言葉
革足袋
船問屋
菜種子
勝鯨波
木太刀
大御神
歌舞伎
日不見
海人草
海仁草
右衛門
位相附
数奇屋
中高年
世利売
鳥渡見
東都遊
文理学
従姉妹
江浦草
一昨年
益荒男
数寄屋
黄花菜
目見得
真章魚
比目魚
真名鶴
未通女
草石蚕
権兵衛
寿司店
風邪気
府県連
泡風呂
早少女
太刀洗
大使主
神無月
有難味
家屋敷
早稲田
仮名文
一仕事
風呂敷
瀬戸際
部次長
大流行
試合玉
仕事先
中高校
早乙女
流行歌
足袋屋
賃貸借
寿司屋
管弦楽
仕事場
暴風雨
学協会
小部屋
不得手
子供数
実父母
大相撲
出入口
試合球