学校
文字
先生
中学
大学
小学
中年
入力
右中
名山
学年
本年
左下
本気
女子
小生
大口
下車
出入
左中
男女
人生
人口
男子
先日
本人
先月
本日
中二
先年
本月
入口
名目
年下
休日
年上
年金
大王
足下
天文
赤字
空白
学生
青年
森林
大気
車中
中立
目下
見学
空気
右上
木立
校正
先山
女王
生天
大手
出山
手足
本音
天気
入山
水中
出立
正月
出力
出火
生下
白月
花見
休校
入金
入手
上木
下校
下天
出土
入校
入村
入林
林立
人立
上水
雨下
出校
早生
休学
本名
出金
下学
立正
大力
子音
中三
火中
火気
大小
口上
先手
立木
青糸
本土
玉子
入車
気早
空中
大名
大日
子犬
天上
上空
気力
先見
火山
中正
町立
王手
早口
中文
口気
土中
白金
白人
人手
右玉
下町
火木
土木
正人
白字
夕日
立見
青空
水気
空車
音大
円天
生気
木生
中休
中一
気口
赤気
天字
本四
下口
小六
白日
中耳
大火
子女
日字
人気
校名
林木
中金
女人
水生
上人
大八
中火
円石
中字
青花
口音
土手
金糸
文名
王立
水火
水花
生花
花竹
町名
入水
小水
右下
名手
車名
手中
上生
田字
正学
名字
花火
水人
火手
正文
年中
中日
王女
先天
車上
中気
音名
本校
水力
火金
天子
生立
水土
月見
水文
天年
正円
火力
火田
中天
火休
正立
天王
金字
足力
土石
名犬
火石
花石
青石
雨天
天金
土足
石文
花文
金花
金力
空石
月休
正気
上日
先入
天人
日王
名木
赤手
糸竹
雨月
円月
円口
円村
円木
円本
円文
王水
王林
音学
音字
女男
貝玉
水手
学石
気学
木竹
休出
金円
金土
金文
玉音
玉花
玉山
玉車
空山
空文
空名
空力
空林
下足
月夕
月火
月金
月名
月林
下人
校本
左右
山雨
山月
車力
出車
出音
白玉
字中
耳目
入木
上音
上白
女花
人車
人天
人本
水金
水字
水石
水天
青玉
正出
青女
青白
青林
石人
石竹
石中
石林
石火
先王
先学
早年
草本
草林
村名
村立
大白
足玉
大円
男王
竹木
中水
町木
天円
天空
天水
天中
天耳
天女
天目
田土
土音
土休
土人
男人
日人
入気
入玉
年休
白雨
貝子
文金
文人
文草
本円
本草
木石
名玉
名月
名車
木金
木玉
木人
木中
木日
目名
右文
力気
林学
林下
林中
林力
花月
小円
中音
入川
日出
白文
花林
正中
水月
入出
気水
中力
学人
火車
青天
小字
上気
下名
花名
小二
正金
生金
小名
青草
生草
本金
上目
円上
花下
見本
正見
日文
小子
先出
小文
本生
花雨
右目
手上
雨花
本字
金口
右左
日月
入学
学名
小犬
火土
早天
名文
気音
小石
山林
青字
気先
下生
正字
目玉
青金
青本
赤本
女力
木目
草王
小目
小四
白本
上玉
玉目
竹玉
手金
天火
天日
花金
花男
火王
本水
村下
目木
金青
山千
大男
耳下
正音
小手
名石
花虫
上下
足音
大金
右耳
力車
左上
字音
名下
名花
山町
町石
大車
上中
口耳
左足
大雨
名人
左耳
人名
立入
月水
見出
手下
草生
町花
月花
天青
月下
青虫
立金
本青
年子
右足
先人
白目
山水
中人
小休
小三
目上
先口
小人
上天
左目
本立
女中
大入
草子
人出
手立
小花
玉虫
火花
水虫
手口
小町
入子
草字
文中
赤白
赤花
赤青
出生
雨林
男手
上糸
雨音
大目
口車
水音
糸口
女手
木耳
出足
山女
早足
口火
赤玉
雨女
木雨
花水
赤土
空耳
夕立
目先
花入
足手
水木
上口
糸目
女気
小火
天糸
手玉
青足
青貝
青竹
青土
青火
青水
赤糸
赤犬
赤貝
赤車
赤月
赤火
赤水
赤耳
赤虫
赤女
赤目
足白
雨足
雨気
雨空
雨男
生玉
石音
石貝
石子
糸入
糸車
糸雨
糸玉
犬玉
入日
入目
空木
石女
上土
上火
上町
大赤
大足
大犬
大玉
大水
大耳
小車
男車
女車
女文
火雨
花車
花草
金貝
金気
空足
川音
川竹
川虫
生糸
木草
玉手
玉石
草入
下文
口足
口入
口金
口先
口下
口白
口女
車男
小足
小男
小女
小貝
小力
子耳
小耳
小虫
先糸
山気
山人
山草
下糸
下木
下左
下火
下右
下目
正目
白糸
白子
白赤
白犬
白花
水草
早出
空音
空目
田草
竹足
田子
立文
玉糸
田虫
出手
力足
力石
力水
手水
月足
月男
月草
月白
土車
土気
手木
手車
手花
手人
出女
出玉
出花
出目
年女
年玉
中足
中入
中男
中口
中手
中左
中右
生足
生音
生貝
生木
子年
花立
花人
早玉
早耳
日足
火足
火入
火先
火玉
左口
人音
人山
火虫
日女
文車
町口
水青
水足
水糸
水貝
水子
水玉
耳上
耳金
耳水
見目
虫男
虫草
虫気
村男
村雨
女木
目口
女竹
目力
目土
目耳
女山
休石
山足
山犬
山男
山子
山土
夕空
夕月
夕花
田力
中子
水先
大女
名子
見立
大音
草花
川中
日子
下男
川水
川下
白下
早見
文月
月中
人日
火水
耳石
名水
早月
生水
金石
人中
下水
日金
出先
正本
小木
力学
男木
人力
中空
小見
下手
町見
出水
学力
人文
大字
町人
王子
子中
目見
金目
花生
小五
本文
中生
下見
王土
小雨
大貝
年男
赤口
日休
人目
赤子
年月
空手
草木
上手
小一
花木
日中
大空
天花
本手
町中
雨水
人月
目白
手本
山手
赤金
生日
文学
小金
水車
山車
人足
下草
大一
右手
火口
月日
手入
天草
文目
男気
天下
女学
大人
下女
口中
村人
左手
土日
手先
字名
本学
足先
人王
中小
小中
上右
上左
上学
生年
町村
年百
校生
木気