学校
時期
年度
文字
先生
自身
国立
部分
海岸
中学
冬期
期間
人間
日曜
部屋
作業
都市
文化
前後
大学
死後
今後
小学
時間
時代
地下
半生
入院
毎月
流行
人員
国家
区分
公園
大寺
意地
中年
高級
安定
中心
頭金
年間
入力
年長
地方
毎日
開発
月曜
相手
右中
商品
夜中
後半
名山
高校
物語
先週
母音
音楽
時分
今月
反対
書写
平等
近所
計画
公会
相対
前週
文章
旅行
等分
悪化
直後
方式
父親
長年
前年
病院
半分
代表
次元
今週
音声
多数
方面
大体
先住
家屋
数字
地区
毛止
夕方
発足
仕事
県都
場所
前日
学園
同月
学年
麦酒
空間
自国
区間
上期
東遊
住所
発生
地金
後日
使用
東洋
立方
本年
話者
左下
行方
午後
新年
野球
明太
生命
白地
事業
部門
同県
本気
乗車
公用
女子
回転
上皮
本来
分化
半日
用語
道具
打者
食後
小生
図書
上流
大口
注文
分科
明朝
市場
午前
会社
下車
外野
算用
出入
本部
西国
向上
意味
全部
先取
活動
深夜
委員
来年
少女
左中
男女
母国
記者
手首
反発
土台
半数
生前
形式
人生
集合
先着
本当
台数
思考
指向
人口
緑化
休館
今夜
会見
前夜
多面
勝負
男子
次長
全線
品目
面子
温室
平和
外科
生死
同日
役場
行使
仕様
今朝
他動
平年
元年
古代
公式
今日
公明
今秋
今度
白黒
中宮
客車
家族
薬草
前線
科目
転用
落着
兄弟
先日
今回
着工
追放
世代
教室
勉強
投手
都心
平日
出来
方形
近年
会館
生理
中期
両県
鼻音
本人
来月
畑地
少数
乗用
着火
道中
今春
当時
水曜
運用
名所
相場
先月
車線
事実
図表
黒字
親友
表記
本日
金曜
所有
前月
学区
元気
火曜
直前
土曜
円形
行商
手数
作品
小売
通路
始終
前回
地表
中二
近日
大海
来夏
太古
木曜
今夏
前期
鉄道
番地
南西
食前
全員
遊園
反面
先年
同夜
毎回
内心
計算
古来
早朝
今代
今冬
生来
次月
先夜
追日
本月
毎秒
毎分
多少
中等
声明
入口
登坂
行動
海外
公正
発表
帰館
区画
大根
首都
局面
名目
直線
登場
分荷
都会
中止
年下
後年
他行
休日
後楽
入場
発電
病中
長男
安全
南北
道路
放光
放校
酒気
集中
調教
年上
原動
集会
都度
上京
食品
内部
姉妹
出馬
地上
長女
具合
年金
間出
死者
有界
駅員
感心
毎朝
毎夜
今夕
下期
生指
学長
買春
部会
大王
足下
役者
県内
教化
交配
主人
登用
天文
同時
学期
会同
全米
道県
中央
赤字
園内
室内
下宿
和文
親方
落葉
夕食
教員
本国
雨注
回数
空白
作用
学生
入会
起動
新曲
青年
森林
全面
大気
同町
実力
車中
味方
母子
強化
都内
定年
交用
帰社
文言
帰路
整形
後頭
対立
近着
両方
身代
予定
役員
年内
朝市
感動
公有
同区
発動
計上
正路
登山
正午
見分
登院
工業
自分
内生
中部
中立
朝食
放出
昼間
銀行
曲線
次男
研究
社長
交通
道内
人道
苦行
社内
組長
明細
登記
転石
公開
場面
風流
和音
正答
後期
客間
走行
頭身
内面
強大
内科
来日
苦使
実行
多発
外食
波形
転化
野犬
海道
内定
考究
行休
注進
高台
調整
新入
外大
草原
美化
目下
時雨
次第
空頭
公平
父人
語内
放心
放神
出定
父方
転乗
正当
休止
口外
開通
上場
兄妹
帰農
意見
会場
開放
書店
対話
出品
指定
会計
教育
県道
知名
上級
父子
古風
大同
分野
本店
今世
市外
仕進
天元
地形
登仕
実体
長生
道州
反転
活用
交流
半転
番組
人物
発声
路線
対外
太平
南海
行列
用心
書物
自重
持重
開店
数次
台風
同国
手記
赤外
打線
来秋
気分
見学
道理
面皮
間語
南山
開場
社会
年数
整理
空気
開口
活気
助役
前住
分筆
古都
転科
何百
下方
南方
行進
内服
軽水
所期
気味
打点
合計
回遊
通気
転回
何時
下品
後進
高進
住戸
場合
登板
炭化
大台
理想
同船
母親
休電
気風
受学
相待
原作
右上
木立
校正
死語
進歩
商人
気死
首相
帰来
打数
公子
習合
生動
頭数
広遠
高遠
消火
同行
電子
化体
通行
細分
長命
分光
真実
同定
答申
下等
投身
東進
歩行
朝方
画一
物心
次回
筆答
筆記
明方
点字
土地
進入
消長
自記
待合
兄事
開業
王国
着荷
電気
女神
他県
開平
点頭
南下
有平
飲茶
苦力
弓歩
先山
上食
白紙
湯円
茶母
茶語
主思
店里
短工
対子
馬油
白薬
長服
黄米
弱半
少半
同苦
回線
国会
本体
転記
週間
起工
助平
帰港
心配
実家
切開
投入
会合
安心
妹役
両市
作歌
新作
作家
進行
親切
平方
売春
春先
大昔
本章
入定
女王
客死
問注
投球
深考
進向
手当
風化
物流
会談
習学
帰島
帰投
帰東
院内
帰商
矢先
矢庭
遊歩
動転
次期
配流
石庭
生天
族生
白色
投書
投下
頭書
大手
大魚
帰合
実用
回答
先行
命名
乗船
車内
同人
決定
身内
開山
作文
重点
全国
対局
送進
両手
後見
出山
病死
年表
相当
他界
合点
世話
同感
本丸
院長
字体
手足
間食
役人
本音
林業
明記
強行
全県
東上
放言
自転
計都
角行
高談
急行
正心
回帰
電話
公表
出板
相談
進水
他所
親祭
受理
同車
文書
重心
書道
東下
等化
開港
合算
工事
心会
本島
家庭
作曲
天気
心中
通学
安打
自書
実見
入山
上等
金魚
分業
作動
発見
安神
理会
所持
何事
明日
運転
宮中
代用
南行
意思
転地
発行
道里
発音
研学
板書
起業
進級
開校
気化
等級
服飲
夜間
和合
同期
正用
薬湯
交会
水中
動員
地場
運行
気配
後部
取用
乗算
配水
感受
帰院
負荷
会食
商売
実数
多用
会話
画定
転形
上船
林道
詩作
自立
図式
同調
毎秋
出立
代行
通交
同化
正月
全開
同室
発話
流用
直面
直行
出力
交遊
出発
筆写
返上
起行
風習
表明
開葉
交代
始動
月数
帰朝
上向
着地
開会
正言
転向
平気
出火
消化
対交
対向
対校
転校
回頭
県外
注意
注記
通算
苦学
登校
生下
読字
注目
出頭
住寺
通園
年少
列車
自知
美食
引火
行持
耳語
皮肉
面会
両駅
自作
神宮
白月
遊息
回向
会読
回読
学習
大安
花見
強調
集計
前出
通用
発売
売買
運動
休心
休神
想起
草食
長考
道楽
入寺
流入
急進
強記
高名
代理
休校
具体
送気
病気
発光
発車
予知
感取
実習
入金
表出
化石
終止
着用
定着
転作
同道
落下
通商
想見
入手
野宿
発向
毎年
先発
入荷
発明
服用
分界
平行
決算
整流
転院
配分
野生
予想
合同
指教
写生
主客
先勝
着目
直通
流放
海食
帰化
発言
主動
前進
直交
流動
帰休
決心
速定
速決
直感
来所
荷電
休会
拾集
出仕
親和
自首
受業
暗記
起番
合意
商店
自守
調和
直立
病木
放鳥
悪用
下落
国内
自足
整合
定住
投合
土着
合宿
帰国
作刀
算出
算定
植林
想定
調合
通院
通話
入所
筆受
表白
分家
練習
休業
曲言
談合
分配
面談
遠投
帰天
帰店
言明
出世
水泳
足温
着手
通知
入港
配線
発注
明言
来場
開園
開花
学問
決起
高温
語林
算入
手交
消去
商談
進空
上申
乗馬
速答
対決
対談
談話
着服
転落
道取
配当
発想
筆算
服事
命中
由来
来島
安住
遠引
開化
化合
外反
合作
合本
帰県
記入
校合
決着
向首
合流
作画
死去
止血
使送
出家
出動
書見
新市
進転
自習
自負
受行
受注
助長
助力
生育
生息
着色
調波
転医
登第
当直
投薬
入道
入門
発送
反落
服役
物色
文通
返金
返品
勉学
放送
予見
落後
楽勝
合着
悪投
暗合
安息
安着
暗転
安名
育休
引決
引湯
飲福
上木
運休
運算
雲集
運送
運筆
泳動
遠泳
横行
横転
音写
音読
開学
開局
化育
開帳
開田
開表
開門
開立
回礼
科役
下行
火定
活写
活着
活歩
下問
感化
感荷
感合
感作
間作
感通
感電
感服
間歩
外切
合州
帰一
帰去
帰京
帰山
起算
帰住
帰日
帰入
起筆
帰服
帰福
帰米
記名
起毛
急送
休息
急追
急転
急発
究明
急落
教習
強打
強直
教練
曲筆
曲練
曲行
去来
起立
金打
牛飲
行水
行道
空運
空想
空転
空発
苦考
具申
具足
具有
係船
血書
決意
下向
下校
下船
下天
元服
公売
合級
合有
作字
作図
作表
作病
注油
使役
死守
止宿
指南
写書
集荷
集客
集金
集取
終息
集注
集配
終売
集列
習練
宿直
手写
首実
取水
出京
出庫
出社
出走
出炭
出題
出土
出役
出遊
商定
食言
植毛
所立
進宮
進言
身読
進発
心服
自活
自学
直書
直答
直話
自決
実写
実動
自白
自問
弱化
重合
重出
重来
受音
受電
受配
受命
入来
助走
助命
水書
数引
西来
整列
赤化
切言
先決
前定
全休
全有
送客
送金
想出
送出
送水
早着
送波
送本
送話
速写
速読
速記
大言
多作
他出
多食
立食
多読
代読
代筆
打算
打電
着意
着岸
着水
着生
着雪
着船
着想
着電
着筆
着味
茶事
着京
着金
注水
注入
注力
調息
長息
調味
調練
直仕
直進
直上
直送
直読
直売
直流
直帰
追究
追考
通計
通作
通水
通電
通読
通分
通有
転運
転学
転業
転写
転社
転宿
点出
転出
転住
点定
転送
転読
転入
転売
投宿
投出
投石
東流
答礼
同宿
同流
読図
読話
内決
内見
内申
内助
内切
内談
内転
内聞
内命
南進
南面
入集
入園
入館
入京
入局
入庫
入校
入行
入室
入植
入村
入地
入着
入朝
入島
入湯
入番
入北
入明
入林
配合
配車
配乗
配石
配送
配点
配転
配電
配本
配役
配列
波食
発根
発出
発色
発走
発育
発黄
発病
発来
反言
反命
反問
馬食
筆談
筆問
表決
風食
風聞
分球
分合
分宿
分水
分村
分電
分売
分立
分列
分路
平章
平身
平定
平分
返血
返送
返答
返本
返礼
米食
放下
放去
放水
放談
放電
放馬
放流
北面
北流
味読
明答
面話
目算
目礼
野合
遊泳
遊行
用談
予言
予習
来院
来園
来会
来局
来校
来住
来村
来談
来着
来福
来米
来遊
落手
落石
落雪
落第
落鳥
落鉄
落馬
落筆
落命
落球
力泳
力走
立言
流下
流送
流注
両倍
林立
流転
列品
列立
練行
和楽
和談
和読
暗算
引見
回心
横着
開申
区電
口受
人立
全通
送受
直言
内分
入電
発受
発問
分取
分出
分有
北進
発起
本有
鳴動
目送
問答
遊日
石室
運化
交合
作詩
自答
代決
入線
配植
配食
予感
国定
正転
代書
番外
回申
回内
外注
電送
度外
内通
入国
配色
同乗
終決
代言
階上
下乗
明転
来朝
出港
進動
当局
答電
上水
予期
地中
羽化
雨下
水死
転調
集字
見知
追記
朝陽
出校
受用
想化
定植
流出
和歌
内向
黄化
自走
外化
飲食
京進
送電
風発
角度
定立
下命
工作
何物
開所
力行
急死
指名
生長
学内
帰船
指命
整調
公転
開国
原木
何者
横死
世父
正負
明神
発進
前記
発会
期待
食用
語用
発意
深切
調薬
分乗
植皮
根元
登行
同駅
放歌
放火
回想
新橋
板行
来下
回送
代作
早生
内用
丁重
主理
出国
分県
短歌
方正
新調
次代
北西
花期
学道
原語
本表
本番
立身
出荷
発火
来社
上乗
名作
開院
自大
休学
全勝
都県
物理
石高
出向
木化
口答
実直
茶店
本名
役目
苦心
細工
文語
両日
夏期
茶目
農家
弱者
同店
記号
米中
幸福
整地
子細
夜行
陽転
平板
歌人
出金
感光
幸運
里山
神木
下学
農水
山行
洋行
自由
用船
使行
死交
紙工
大息
太息
円高
外戸
立正
水平
外遊
番頭
馬車
長大
重度
電力
火急
有用
心苦
弱小
進出
弱少
多才
直角
暗弱
温和
軽少
下直
高直
小心
小食
少食
小弱
深遠
新式
新生
神速
自明
重悪
全一
多音
多病
短小
大力
中速
鉄火
病弱
分外
文弱
平明
有角
遠大
短気
水色
弱体
後手
国外
入用
平地
部局
山高
子音
中三
下線
西北
本式
白化
意図
大書
対数
悪行
漢字
定数
組員
分地
聞知
下記
海童
開道
北東
高配
方角
風雲
風味
晴和
船員
駅名
農業
打開
帰着
開板
火中
目前
公族
火気
北星
新人
整正
本数
体動
調進
馬上
回国
感知
近道
引用
小豆
薬物
店内
用意
動向
洋犬
同通
何十
線引
整美
送球
手配
読書
飲用
主計
大形
県立
追想
追走
部品
長遠
切土
公安
宿次
足算
引算
店番
油通
楽書
半月
休場
植字
小数
大小
親分
指図
起草
文部
他言
口上
日時
後場
方広
列記
金門
流星
有声
医薬
高速
合手
対手
開始
青春
字間
時感
自館
休部
分流
南国
両親
楽屋
本物
大地
日記
橋台
下馬
木工
手帳
乗組
全体
本神
同年
次女
自生
当用
国道
決行
客室
公言
文科
広言
高言
先手
国歌
州都
商業
海魚
歌話
立木
西下
正使
転生
楽天
世子
正思
青糸
国花
黒化
本土
市内
合図
前場
玉子
絵本
多感
広場
旅館
商工
正対
定期
内食
暗黒
北方
君子
正直
水食
服薬
国王
花屋
半紙
反古
雨後
見世
古意
文明
北道
医事
意字
期首
記主
起手
起首
方今
身方
口語
起原
早世
県名
新聞
軽気
内気
言上
終業
式年
同見
農大
強気
工大
黒鉄
何千
工合
家事
打合
絵画
弱気
気弱
半球
勝気
月歩
入車
顔黒
気重
気早
中深
乗気
少考
消光
立直
社員
草体
空中
送配
算当
分章
文相
車両
外部
心身
新線
大界
始語
子午
詩語
転身
地元
転進
赤面
定考
始業
大名
黄緑
楽章
前半
他家
町方
会期
大日
流会
和平
陽気
心理
多雨
両分
取引
会商
小品
方言
家具
国教
進化
次数
声道
面相
広目
交子
光子
公使
後市
高思
広用
後葉
港市
前代
勝計
小計
神通
合一
先方
定時
中身
家書
歌書
起用
見当
深化
客土
神化
子犬
州間
反目
酒店
待命
真夏
同港
画角
時新
自心
勝手
谷間
通帳
線路
天上
公館
学院
上空
米紙
曲名
気力
左刀
死生
品物
台頭
相図
全集
回生
対当
屋上
様式
自動
全州
全習
半間
屋内
先見
美音
車庫
自死
他方
動作
館内
気道
海水
本社
元日
皮相
買物
親水
区市
同社
来集
悪声
音感
白昼
立地
火山
同数
寺院
表面
時計
代入
理工
都所
本元
油分
中進
追手
工面
時言
今生
中新
生後
同高
表具
教科
遠海
葉書
口頭
公立
油化
中正
船首
正都
空港
年礼
紙本
細書
公国
夜食
語原
先主
船手
地図
本心
赤茶
局注
国交
死角
詩客
投足
同校
道交
道場
市学
同工
原住
事大
対生
家人
高三
同意
歌集
足元
今号
根号
校注
弱年
苦寒
大万
町立
転場
北上
主君
園長
指話
詩話
王手
気持
農楽
夏草
港外
全曲
校外
語感
人神
深心
遠心
木食
柱頭
始生
小父
全道
当主
体外
島主
頭首
記帳
区切
全身
後住
国名
問合
組立
男声
分所
公理
数式
半魚
光行
向光
港口
考工
高工
黄口
当期
工高
仕度
仕合
正東
早口
上院
年頭
語頭
電化
所生
長魚
漢気
地米
電荷
母指
他区
文教
国語
後円
後園
柱角
調音
工期
子葉
紙葉
左方
中文
小国
来館
口気
広記
後記
開三
公礼
真理
医院
深海
長者
当方
子院
詩心
昼三
後夜
詩画
体半
代数
使神
始新
美女
気動
書記
開館
階乗
名書
明所
長所
同館
王室
学館
同市
大物
木馬
食道
冬用
両足
当帰
電車
東北
同上
板金
医員
西岸
体部
当市
半島
内界
野鳥
妹神
大事
相乗
左注
重文
人工
水練
川面
有半
強談
長子
申入
土中
白金
草高
走向
氷上
後送
市章
紙商
詩章
対空
中台
母語
画面
向学
文鳥
歌曲
後者
明目
店頭
白人
見合
自体
地平
文調
文長
流光
何曜
分町
勝馬
合羽
教委
他面
光球
公休
公宮
後宮
北部
和風
人手
立体
声名
右玉
下町
声母
時文
次文
多動
主気
太山
雪山
他馬
有様
大船
全船
有色
図上
火木
根気
皮体
日和
公定
局所
対顔
小形
土木
医者
時点
白銀
声楽
公空
高空
安内
記事
語数
使者
小体
正人
後行
体面
毎語
物体
口分
西人
多幸
同島
水神
右馬
白字
生母
上方
地主
天国
他校
多口
角界
社線
大豆
太陽
定番
所記
西上
追歩
中門
和人
夕日
心友
新友
真友
神遊
年配
反米
分数
安国
立見
青空
字数
馬首
交親
向進
工新
暑気
図中
年調
絵馬
県文
帰寺
校書
本屋
客語
春雨
受水
由花
身命
申命
神名
神命
小船
対気
待期
水気
大黄
本家
茶人
歌語
空車
祭式
全日
長調
当町
東朝
月面
終着
上体
来店
強風
国楽
部数
用字
神物
調色
外様
用事
音大
刀身
洋字
才子
動声
同声
洋名
用命
陽明
子安
実音
電波
糸冬
急電
主都
星人
正動
曲面
乗客
知業
小麦
前歯
色分
漢語
計図
人世
都開
主流
寒心
月光
天地
医科
町家
左図
題字
間引
美写
前売
字母
上意
定意
言動
台上
大乗
原道
社名
実高
医家
書家
下流
地名
天門
物事
動物
円天
円転
大使
長刀
物品
分子
有事
起死
商家
暑夏
計時
死貝
自県
両紙
人肉
海原
世教
西教
大知
対地
体力
図会
美味
楽長
名曲
農用
遊水
大計
女弟
大食
丁年
同点
神曲
名画
帰思
期始
起始
公算
終日
小話
悪文
階数
教院
字記
次記
楽声
画本
女声
商用
先頭
店名
同心
名区
海中
東文
魚貝
書者
小乗
代金
長期
文様
国土
始発
打水
下番
生客
立話
近代
光月
所当
知命
同山
美酒
味見
生気
知工
内声
氷炭
国風
水線
西気
刀心
等深
等親
等身
予算
高声
交声
字庫
長持
国見
指間
歯寒
歯間
公庫
答文
今上
地生
同週
大通
打球
東国
遠出
銀光
月表
古体
語言
車長
木生
文内
家出
死人
正肉
内火
足止
顔負
門出
切死
黒光
行楽
先送
下書
品切
心木
深入
立売
玉切
中休
長鳴
投売
荷受
荷作
鼻歌
歯元
船出
前受
耳打
目皿
湯通
品定
商調
内家
目配
開落
口調
台所
年商
父神
新米
苦手
南館
古人
地球
転期
両家
急談
生研
外台
詩人
本書
暗夜
線形
重陽
青色
筆書
路面
本局
球場
番人
回船
長姉
長詩
道人
筆者
海船
年次
家月
外来
仕送
等方
立国
両相
社歌
風度
本期
本記
漢風
子宮
船中
中一
文野
聞屋
半字
係数
原文
神社
駅長
荷客
外商
終始
古事
楽曲
天漢
寒流
古字
始球
糸球
西土
大風
死球
事体
全会
鳥声
人集
歌手
内数
記文
細君
思春
定度
返歌
地体
帰校
気光
気口
首長
直談
時数
客気
茶色
海洋
血色
高下
実母
真先
赤気
自助
長目
本紙
実科
番号
夜船
両者
土間
転帰
等速
頭足
下根
長方
死体
大兄
化生
画期
石階
早春
東都
東部
階級
白書
人前
長文
天字
点耳
門下
上屋
温中
音注
漢才
多客
広庭
後庭
校定
校庭
高弟
黄庭
身体
助員
他犬
他見
多見
死馬
空家
原頭
国界
新局
弟子
北都
朝一
右近
歌体
球虫
級中
中品
両湖
回天
海天
花道
木具
黒地
進上
悪口
下体
同書
気体
自乗
大作
間葉
親中
文筆
言語
春時
南洋
開元
小指
味感
全犬
車体
門中
本四
社頭
前世
島内
道化
行旅
今期
化工
原題
考古
秋水
下口
火光
火工
元代
州県
秋波
水電
前部
相合
住心
重申
重身
大教
光頭
天開
転会
市道
漢文
園路
起頭
作出
同所
内角
日西
記章
球花
言行
風力
気品
東南
身分
動点
界線
帰台
級化
陽火
回路
新注
身中
全馬
家国
反日
安歩
王朝
長波
親交
同州
岩頭
小店
声点
小点
消点
新口
新港
深交
深高
神幸
神行
身光
反神
当意
本丁
細大
主意
知才
目次
花頭
池中
国父
小六
湯池
谷戸
王代
王台
日間
神理
白丁
犬声
古京
古教
投地
水着
洋食
両村
引首
春秋
内相
音調
食葉
向岸
実子
全土
光線
地所
手近
点化
当所
点数
文庫
白日
通身
画分
前文
黄地
古町
次点
受苦
他者
中耳
台木
中体
級間
夜光
両立
学食
山道
真青
大局
町会
表化
売上
原歌
高教
用後
列島
身長
実線
台本
流木
都下
男物
画用
前列
国使
黒死
上番
手前
本道
大数
着花
油入
色白
星章
短生
大火
活字
子女
真丸
新茶
船体
足弱
大味
客年
期定
究理
口悪
黒山
毛深
先高
先安
耳道
地相
横広
水雲
赤地
黒板
新船
同図
宮家
短刀
緑道
事後
地点
年高
行事
幸水
小部
薬局
山馬
助字
大役
調理
有人
下意
歌意
作物
走者
原色
言色
生家
大商
学用
少年
海線
光火
校歌
高歌
所動
地動
日字
子育
先体
土用
同章
客冬
上図
同生
有生
遊星
対化
安手
和漢
同音
和館
下知
国歩
荷物
丁数
歩調
漢方
親字
南画
同園
有期
指数
主点
同曲
米作
気場
原形
画人
次行
氷期
帰村
所由
人気
有気
分国
分部
期日
校名
全力
木刀
月次
門部
医業
作中
意行
風切
外車
後語
校語
事前
正北
本作
右表
長兄
道立
年番
有歯
遊子
遊糸
主体
農事
風船
洋画
林木
中金
同表
女人
半休
半弓
近県
金研
古語
字行
長上
同品
考見
工部
水生
近見
天外
歩道
本行
公道
上人
都合
外人
世間
用言
後下
教頭
新語
神語
身後
全長
名物
大八
都計
地階
温水
口道
多重
炭水
文楽
有神
神界
定役
地界
中火
早発
相聞
円石
遠赤
学商
局名
口談
様子
公意
校医
高意
走力
正業
西進
前作
中字
同院
青花
火線
寒色
寒食
感色
口音
世家
正神
間色
楽員
早期
汽力
先公
先幸
先考
先後
短大
開気
真身
水用
通風
路地
原子
公社
土手
平調
林間
木地
化土
神祭
乗員
友人
心水
農内
来期
館守
反語
学級
形体
主語
多羽
月夜
人魚
白柱
屋台
今時
自院
丁銀
同者
道者
氷面
油虫
東岸
多回
章魚
台地
父王
自店
図面
大福
魚屋
食感
南朝
親日
高明
天使
名実
夜色
心海
神階
申前
神前
新文
小味
音波
西門
始線
死線
相国
開方
寒暑
工科
歩度
用方
医局
商科
少雪
消雪
花葉
荷葉
国光
実地
全局
前局
当院
東院
何分
宮相
場員
前同
台紙
通所
温感
金糸
主食
落陽
里数
和室
教生
近思
大指
題詩
命日
夜鳥
主力
心線
待時
朝礼
楽式
教理
食肉
字書
次書
自所
対自
安宿
下表
遠方
調書
投打
度者
文名
来客
高次
体育
代地
登園
小母
実姉
両面
王立
体重
名詩
野牛
県東
合理
表語
本業
外客
光明
丁字
発作
本使
左道
茶頭
柱上
分線
王父
国体
国有
所思
心所
神助
板画
両刀
両年
電鉄
土柱
画数
角氷
下部
原人
秋園
神号
身業
洋書
京風
原点
肉用
強意
新板
西語
天池
南曲
息物
外語
対日
茶室
青葉
式内
合金
図記
病室
問題
遊記
原理
水火
水花
生花
国公
同語
福音
母数
緑茶
県央
祭場
刀子
動感
外局
君主
国命
新来
神来
門人
意向
下面
間道
港町
両会
両回
両界
両階
形声
紙上
追分
正葉
正陽
西用
表文
病原
花竹
口内
口鼻
高鼻
小暑
町名
定員
店員
門葉
新薬
上代
水声
石油
朝会
王道
引頭
家業
合糸
当区
白米
反意
岩戸
章名
入水
上客
半波
本館
木道
小水
分身
右下
名手
気海
車名
手中
上生
全町
全鳥
前朝
田字
名酒
明主
社命
週内
正学
同村
波長
真向
両字
両時
両次
意想
海面
画業
古刀
古湯
湖頭
中研
注配
同物
文具
寒苦
金星
苦楽
他局
島都
内使
南高
文面
王家
寒時
出身
先登
太王
他発
放声
洋館
洋服
話風
名局
和字
下放
中流
日章
名字
回虫
空室
黒土
死重
主調
鼻下
本命
小葉
小用
少用
少陽
生葉
手形
花火
分校
分行
文光
文工
両社
外円
軽科
軽荷
古画
子弟
外洋
金庫
想海
金品
月氷
女流
平話
有終
緑地
会記
家計
使人
自筆
天才
風雪
礼服
金鉄
神米
肉体
客足
使丁
姉弟
主用
鉄分
都銀
原土
終期
中肉
本曲
陽葉
海波
下級
歌題
花台
家電
歯石
矢石
水人
中世
薬科
海路
学業
計数
紙面
台帳
農園
上着
火手
火酒
区道
秋期
秋気
集気
声読
正読
全頭
短詩
原始
正文
丁名
朝名
朝命
鳥名
美校
病後
物界
両車
林工
開陽
生薬
新書
実業
短調
中朝
通期
農村
親族
時空
全階
全角
代本
他科
内記
半音
反感
遊人
休題
大発
平開
命題
有音
円去
遠古
球界
言文
当番
会頭
牛肉
空前
相者
短笛
理事
海光
海口
海港
住持
上式
代打
年中
下顔
花顔
体高
当面
木母
林野
会友
海友
地合
耳具
他用
当人
頭板
本意
公流
後流
重体
両店
開教
大光
対光
茶会
中動
用間
院外
上用
多花
昼夜
長広
通年
半人
北洋
立教
両用
王化
家兄
住商
重商
東走
東送
美品
夜具
親書
線文
中日
皮下
両人
温風
丸薬
詩才
新陽
親用
両道
遠人
王女
活力
寒中
時速
水頭
大公
中形
教友
下道
集水
集落
出色
全文
母線
詩体
所作
生安
先天
反当
短頭
半面
祭文
船頭
氷原
和服
他体
薬味
歌業
歌才
市電
新形
上表
図形
全店
和語
和食
県作
原曲
光来
後来
古点
作意
車上
終局
食間
肉声
方天
理知
音形
空母
死期
詩書
市上
自主
場外
大度
茶番
同温
両線
右岸
雲高
火薬
外電
主役
中気
天光
天工
当代
東地
農薬
星空
本号
楽生
両町
音名
紙数
始点
世用
他店
当科
東夏
登花
答歌
頭花
刀商
東声
同引
道員
本科
名門
気色
記実
急調
級長
強弱
橋柱
橋頭
元始
原糸
原紙
原詩
本朝
陽画
両世
両生
雨氷
開合
期数
記数
書名
上行
長形
長計
名声
両局
列強
球心
橋東
原発
行路
主談
出院
前庭
内皮
南天
明文
海東
開湯
開頭
外角
決号
県歌
県花
原本
重力
多住
台形
中級
父兄
本校
礼金
話題
客先
魚口
国画
始原
実兄
水力
年号
本港
理由
路上
悪習
外交
光体
今次
少水
船内
薬食
音間
火金
館主
学究
楽弓
顔面
行内
国庫
細流
酒後
植生
船室
天界
店外
天子
島岸
農地
毎度
医方
外気
古道
食味
食気
全回
代八
重用
転子
風角
風光
風物
父名
分園
委曲
生立
血路
社外
神話
助手
水土
西流
炭山
茶代
同元
道童
白指
白詩
表相
文研
発心
感度
車外
主色
酒色
酒食
真物
全年
速力
通書
月見
定食
肉親
部外
歩速
理数
流央
両三
和洋
学外
受神
線虫
族子
毛人
気流
語気
作者
作分
全野
調光
天体
投炭
入声
発船
悲歌
病人
力作
化研
科研
強起
行頭
細部
小引
正横
知事
中夏
柱下
半弟
表題
明期
和名
感想
血島
黒体
作風
神国
実船
台日
農場
外曲
急用
金葉
才女
深所
神書
船外
前者
草頭
送湯
短長
風調
風鳥
福相
悪人
外板
公金
商船
真空
水文
直球
庭院
度数
年始
美形
雨雪
文身
運命
円通
界面
家用
科落
寒天
起点
血気
高秋
公物
主星
主柱
酒中
重代
正門
鉄板
内地
母星
母体
有理
遊里
和親
客電
交友
校友
牛王
牛黄
詩集
終点
新中
上品
水深
他車
短所
天年
東宮
内円
倍音
美点
外形
強度
公室
後室
後列
強取
死物
小皮
持病
正円
正書
青書
雪面
前言
大弓
庭園
電流
農都
本役
本薬
意中
火力
外登
学祭
汽船
局地
今古
近古
高所
黒円
国対
市会
死界
新植
実形
正形
船社
船車
大行
日乗
表頭
野外
落語
両院
火田
火電
外用
外葉
学行
公助
公女
工女
高女
終身
心室
真筆
対流
中天
当社
農道
配字
白球
白光
文業
面前
役名
両名
医大
音速
学都
楽都
金帰
血流
交線
公船
工船
光路
公路
後路
古式
古書
週市
正客
死力
新春
神族
事主
石炭
先客
前角
大意
大祭
中医
鉄人
同級
農高
反音
反間
物化
分会
文会
文界
平面
北路
洋才
来世
両所
両書
外感
球体
金線
月球
公海
口話
子夜
主祭
市有
詩友
消夏
商館
自発
耳鼻
弱強
水門
世局
全心
体温
多雪
多年
点線
同前
同名
美文
風人
母船
両天
両点
両様
和金
員外
親元
荷室
寒水
画室
元正
教相
決会
血海
県長
下戸
原書
後内
宿命
手動
心受
身受
全戸
台車
池水
波上
板面
表皮
母川
門弟
流水
流線
火休
火球
気球
急所
原画
交番
湖面
秋天
終電
酒道
書人
所定
新顔
新色
神色
進路
自業
次週
人品
水和
正立
全天
全点
前転
送風
打感
調定
天王
定休
田園
当店
皮板
文才
平葉
名品
明部
友国
両朝
暗中
育生
遠洋
屋外
階前
火室
家父
帰命
教本
金銀
元曲
原局
工具
思想
仕服
終曲
主石
酒石
主薬
正風
自船
重油
上葉
水温
整式
西式
整数
正定
切点
早明
多点
短言
題目
代役
茶気
帳台
町代
定式
頭角
半夏
方国
名馬
木炭
力点
両船
羽毛
円板
回次
海事
海自
気転
究局
弓道
局部
金員
口福
今作
歯式
終駅
州道
集童
手指
主題
真皮
心話
新話
自画
上記
自来
水緑
図体
村落
中相
直近
定形
電線
童顔
童女
悲母
分院
名医
命世
門歯
遊出
両校
両港
両行
和声
話声
暗意
円頭
遠東
階下
海気
漢土
画板
金字
牛皮
軽度
元物
原物
工運
行雲
黄道
黄白
校服
黄門
商号
新役
神役
次号
時流
星宿
足力
男色
茶台
中皮
中葉
同族
度表
白血
美色
風向
風神
風林
文園
部族
北曲
目代
野岩
野心
予後
落花
立春
話頭
和様
運気
漢和
外地
楽習
元本
行金
光電
校内
行文
高文
谷頭
合科
業火
死活
宿所
新着
次作
受話
事由
自遊
上知
水族
数理
声門
線外
全形
全室
足刀
多毛
短波
題名
中社
定温
電動
読点
年歯
土石
配船
筆紙
氷点
風来
服地
部首
本祭
名犬
遊女
遊動
様相
羊毛
予行
立命
和犬
和式
悪意
悪事
暗雲
暗室
委中
駅家
雲水
絵様
園主
開明
火石
花石
夏緑
学才
楽才
岩高
気息
気速
金板
空調
苦言
軽車
原級
工役
公所
向暑
公田
公電
後発
国母
号数
宿題
主港
手工
正真
所見
進見
親筆
受章
星学
前医
前院
足心
短形
代休
地銀
長毛
直間
定息
定足
定速
天馬
電工
電神
春宮
等号
投写
当話
答話
同王
同下
同科
道歌
動画
内耳
半角
半農
番犬
筆力
表意
氷島
美白
病期
風雨
風水
風速
分生
本題
薬名
両度
路外
和牛
青石
暗部
医心
雨天
運上
遠足
園庭
円筆
円明
園名
王宮
公事
海角
開角
海図
海雪
開物
寒行
球根
宮主
球道
弓馬
急流
教研
金行
魚相
軽品
計理
校具
公主
工手
行酒
校門
高門
小才
古面
合道
祭天
左岸
作庭
死有
死相
詩想
詩草
社業
写声
車声
終夕
集電
終板
週番
主教
首題
出数
商才
書庫
新秋
新集
深秋
神州
寺号
時習
実正
実員
次表
弱点
上室
正数
世路
前古
全相
全草
前走
全品
前葉
草書
速球
対角
太細
他年
代車
打力
長打
通天
天金
転線
天面
電球
電光
等角
投雪
等族
東天
同女
同列
土足
内宮
肉天
半兄
反動
病理
服色
福神
母校
明意
名勝
夜来
有感
有休
遊休
有形
有礼
洋弓
用所
葉中
来書
緑豆
林相
青波
上馬
悪字
海人
天社
有体
暗化
行火
暗期
暗号
暗点
委細
石工
石文
医書
入相
院体
右羽
海馬
温気
雲気
雲級
雲上
駅商
絵図
園丁
王公
黄光
黄体
王母
大酒
悪寒
海氷
海表
会名
階名
海流
風気
歌神
火神
火進
花神
家門
花文
花門
寒雨
寒木
漢名
画会
画界
学友
画工
画号
画題
岩石
帰根
気根
起重
汽笛
気門
級数
球友
級友
教組
強電
橋南
教父
橋名
去夏
曲池
去声
去世
去冬
金科
金花
金工
金主
近心
近親
近習
金力
金緑
銀漢
空石
空走
苦計
君公
軽合
形勝
計帳
軽油
化身
血族
県会
外題
月休
原炭
原電
原麦
言表
原品
原名
黄石
交直
国事
国字
黒雪
黒表
古言
戸長
合界
合皮
西京
作期
算数
子実
室温
室名
死本
写角
社号
社章
写場
社用
車列
州花
週休
集魚
集光
秋分
秋夕
秋陽
宿意
守戸
取集
主事
出自
主島
手板
主病
春寒
春雪
小医
小委
小角
正角
正気
少室
小身
少心
少進
小組
消息
食農
書風
白頭
白首
新円
真円
心黄
新王
進角
心原
神言
真言
新受
神人
新台
真福
新味
真味
自強
自食
次図
実者
実車
実相
実速
弱起
重星
重電
重土
重役
受光
受礼
上計
上日
上分
上聞
上歩
時様
次葉
自用
自流
神足
水宮
水球
頭寒
正員
正院
星雨
晴雨
晴球
正球
正号
晴日
星図
声息
正着
生着
青米
星列
石風
世相
切歯
雪食
先書
線図
先入
線名
船名
全号
前号
前室
全色
前食
前時
早秋
相動
相同
送入
村会
大守
太主
太守
他室
他州
多心
多神
短弓
短急
短見
打高
地丁
虫具
調号
朝三
直長
通音
通言
通谷
弟王
定言
定線
定船
定理
笛音
鉄橋
天意
天板
天人
電算
電文
当国
等色
東庭
当土
東土
頭皮
当薬
頭薬
当来
当落
同角
童画
同友
土語
内空
内事
内題
南門
肉牛
日王
入光
入市
入店
入刀
人相
配所
発語
波動
半言
半足
半速
反足
半麦
坂路
麦角
板根
番茶
悲運
悲鳴
表見
表式
平声
表章
氷板
悲話
品行
病苦
病根
病相
病体
病名
分期
平温
平音
返球
方図
放題
放楽
方路
歩様
本毛
母公
母港
母名
名記
名運
命運
名園
名言
命言
名走
鳴放
名木
命友
面色
毛細
毛湯
木台
聞思
門神
夜雨
薬理
遊客
有言
有病
油田
用木
葉面
予研
落橋
理外
立県
流体
両山
両州
両色
旅上
列和
路温
和才
和刀
和南
青雲
赤手
赤点
秋雲
秋雨
下語
悪運
悪王
悪月
悪言
悪業
悪才
悪子
悪所
悪書
悪食
悪神
悪水
悪雪
悪相
悪男
悪血
悪虫
悪鳥
悪童
悪道
悪筆
悪病
悪風
悪面
悪役
悪友
悪計
悪見
悪国
悪根
年魚
暗行
暗空
暗君
暗血
暗光
暗語
暗主
暗色
暗線
安分
安立
暗流
暗緑
育草
育毛
育友
育林
活魚
意業
医女
市屋
糸竹
犬面
意馬
意表
今昔
色身
院宮
院家
院号
院主
引水
院線
引転
音物
院門
引力
雨月
牛車
右室
右社
有心
雨声
羽族
雨読
右葉
右列
雲雨
運開
雲海
雲客
雲角
雲外
雲月
雲合
雲山
運指
雲手
温州
運数
運炭
運刀
雲入
雲表
運歩
雲文
雲遊
雲林
泳者
泳力
役牛
駅号
駅子
駅手
駅数
駅丁
駅頭
駅路
会行
会苦
会下
会元
円外
円球
円教
園区
円月
円口
遠交
遠行
園頭
園数
円村
円読
円皮
園服
円木
円本
円文
園門
遠来
園林
黄顔
王業
黄玉
王銀
黄血
黄犬
王号
王親
王水
黄水
王族
王庭
王弟
王命
王有
横流
王林
横列
大業
屋階
音階
音学
温顔
音曲
温血
音工
音高
遠国
温習
音字
温石
温点
音転
女男
音板
遠流
会意
海駅
海王
開音
海客
海区
開式
会心
海深
海進
開心
回族
貝玉
開度
回米
海門
家運
火雲
夏音
下界
角岩
角食
角通
角皮
角筆
水手
家作
歌作
風波
下式
歌数
活水
活画
活人
活神
門前
花肉
歌文
家母
歌友
皮切
寒雲
感温
感音
漢音
漢玉
寒月
寒村
漢族
寒竹
漢竹
間氷
漢薬
漢来
寒林
外運
外役
外王
外画
外銀
外区
外言
外合
外心
外水
外族
外転
外発
外皮
外物
外米
外油
外力
外緑
画院
楽音
楽学
学室
楽所
楽神
学事
学石
楽想
学知
学店
学頭
学半
学風
楽旅
画才
画商
画色
画帳
画調
学活
学兄
合切
合筆
画筆
画名
画友
岩画
岩相
顔相
岩体
元品
岩流
気学
気血
期月
起式
帰宿
帰心
帰神
木竹
気笛
木理
帰名
気鳴
客使
客乗
客注
客分
客遊
客来
急雨
休園
球音
休銀
急言
急坂
宮室
休出
球春
宮女
球速
級地
休店
宮都
急登
休筆
急病
急歩
球面
宮門
休薬
強運
教王
強音
京学
教学
教行
教区
教具
教外
教式
教主
教場
橋上
教線
強族
教体
京中
京内
教内
強馬
強皮
橋北
教母
教木
交名
教門
局外
曲学
局後
局紙
曲集
曲事
曲水
局相
曲想
曲直
曲馬
局番
局方
曲礼
曲路
去月
去秋
去春
近医
金円
近海
金牛
近業
金毛
金言
近国
近作
金神
金相
近村
今体
近体
金談
金土
金馬
金波
近聞
金分
金文
金風
近歩
近来
近流
牛化
牛角
牛形
牛後
牛耳
牛刀
牛馬
牛歩
行学
行実
行住
行数
業通
業転
行服
行力
行礼
玉音
玉花
玉顔
玉山
玉室
玉車
玉体
玉代
玉池
玉笛
玉頭
玉歩
玉門
玉葉
魚形
魚食
魚数
魚族
魚体
魚鳥
魚田
魚道
魚肉
魚板
魚皮
魚病
魚服
魚味
魚文
魚油
銀山
銀糸
銀主
銀地
銀子
銀線
銀台
銀笛
銀頭
銀白
銀歯
銀馬
銀板
銀筆
銀皮
銀緑
空海
空行
空谷
空後
空山
空相
空心
空自
空文
空名
空理
空力
空林
苦役
区会
苦海
区活
口決
口業
草屋
苦受
薬代
区点
苦肉
公方
公役
黒油
黒炭
黒鳥
黒星
君学
君国
君親
君長
君王
君父
君命
具注
軽音
形局
形神
軽打
軽重
軽風
計面
化外
化主
化鳥
血球
血相
血中
血風
血雨
決明
血友
毛見
間水
見台
犬肉
犬馬
犬皮
県木
見面
県有
外京
夏行
外宮
下血
下国
下足
月界
月商
月色
月食
月神
月夕
月央
月火
月金
月図
月台
月内
月名
月明
月来
月林
外道
下人
下薬
原意
言意
言外
原岩
原魚
元号
言者
原水
原図
原石
原体
原注
原虫
原肉
原板
原表
原皮
原味
原毛
原薬
言路
原話
小家
公王
高家
向春
口実
向日
後生
黄肉
公病
向米
広本
校本
後面
古駅
古音
湖海
戸外
古曲
湖魚
国安
黒暗
国意
国記
国号
国章
国図
国朝
国鳥
国電
国都
黒肉
国年
黒曜
古形
湖月
古社
古酒
戸主
古色
古昔
湖川
古相
古茶
古注
国漢
黒球
国金
古年
古筆
古方
古名
古流
根音
今局
根出
根毛
号外
業苦
合谷
合字
号笛
合転
業風
合名
合薬
語根
後号
語業
牛主
午食
牛頭
語族
語長
語問
言中
近門
西院
才学
西客
祭具
細作
祭室
祭主
祭酒
才人
祭神
細太
才知
細動
細馬
才筆
細筆
祭服
才物
祭礼
左羽
酒家
早切
作音
作手
作食
作事
作題
作調
作土
作人
作毛
作問
作礼
作話
左近
左室
左社
左直
左表
左右
茶礼
山雨
山雲
山月
山茶
山色
山体
山流
詩意
指帰
色界
色感
式楽
色光
色食
色神
式事
式次
式日
色弱
色相
式台
色代
式中
色度
色道
式服
式部
式文
色名
色面
式目
指月
歯根
糸根
詩酒
市水
止水
室員
室数
室礼
指頭
死肉
指板
歯板
死番
始筆
紙筆
死病
詩風
指北
子母
市門
死門
社運
社屋
車室
写植
社食
写実
車重
社数
写図
車速
社日
社人
車馬
車番
社風
社福
写本
写野
写友
社友
社有
車力
集王
集音
州外
習気
拾玉
集古
終車
週数
集村
集題
終発
終筆
集品
秋夜
終夜
終油
秋林
主音
主家
酒化
首級
主局
宿悪
宿院
宿雨
宿運
宿王
宿外
宿学
宿業
宿神
宿世
宿村
宿道
宿内
宿年
宿母
宿曜
手具
守国
主根
手根
主室
主神
守心
酒心
酒神
主日
酒数
主知
酒池
宿根
出車
出息
出音
出銀
出母
出門
出用
酒肉
主筆
手筆
主品
酒品
首服
主部
首部
主文
守文
酒母
主木
主馬
主夜
酒友
守礼
春温
春化
春歌
春画
春月
春光
春色
春昼
春天
春分
春本
春遊
春陽
春話
勝運
商運
消音
小工
生国
少実
勝他
勝着
小弟
少弟
商道
商農
小農
消波
正物
章目
勝楽
商流
小流
正流
書屋
書画
所外
書外
書学
食医
食育
食原
植食
食人
食神
植相
食草
食台
食鳥
食通
植福
食服
植列
所化
所言
書語
食客
書板
書筆
書美
所部
書目
所役
書流
書林
白雲
白玉
白面
調役
歯列
白油
白皮
白炭
白点
新院
進運
新駅
深温
新客
神牛
親魚
新銀
神君
心血
心月
新月
神式
真数
新読
真読
身肉
新馬
深発
深部
新風
真風
親米
親北
親明
神馬
心目
進物
神問
神文
神門
親油
深流
寺運
時運
次駅
地黄
時王
直電
直弟
直門
次客
時局
自局
寺家
耳根
自今
自根
時人
時短
地玉
字中
寺中
次注
自注
実教
実根
実竹
実悪
実意
実有
実学
実語
実事
実字
実打
実大
実年
実売
実部
実妹
実名
実話
自読
時風
事物
持明
耳目
地物
次問
自門
弱声
弱肉
弱風
弱形
弱行
弱国
持薬
受育
住院
住屋
住家
重科
重感
重金
重軽
住血
重言
重根
重水
重調
住都
重農
重病
重列
受感
入内
受田
受動
受肉
入木
上音
乗具
上宮
上古
定業
上首
上声
上星
上長
上通
上白
上米
定命
上命
上列
女花
助業
助祭
女色
助炭
女短
女筆
女服
自落
次列
人海
人牛
人血
人言
人才
人車
神水
人天
人頭
人本
人毛
人流
水運
水界
水曲
水金
水牛
水銀
水研
水字
水石
水速
水天
水都
水波
水馬
水筆
水明
水楽
数行
数町
数表
数目
数列
数息
図学
図根
図色
図帳
頭風
図名
星雲
西学
青玉
正銀
生谷
青黒
星主
青秋
世出
正出
青女
正切
正丁
青白
西半
正番
星表
青氷
星夜
西旅
星林
青林
赤雲
石化
赤海
石画
赤球
赤県
赤黄
赤心
昔時
石人
石地
石竹
石中
石柱
昔年
石馬
石板
石筆
赤方
石門
赤緑
石林
石列
世才
世事
世上
世数
石火
雪花
石球
赤血
赤黒
切所
雪中
雪柱
雪白
雪氷
雪風
雪原
雪後
雪上
雪庭
雪皮
雪夜
雪里
世道
世福
船医
船運
先王
先回
線画
先学
船級
先君
先号
先度
先負
線分
線毛
船列
全円
全音
全顔
前岸
全球
全級
前急
全銀
全血
全山
全書
全食
全数
全図
前図
全中
前注
全波
前表
前名
全問
前問
前門
前路
相悪
草画
早強
草魚
相銀
草炭
送炭
相鉄
相人
早年
送筆
相分
草本
送油
草林
相和
速算
足食
息女
息男
速筆
足歩
足根
村医
村寺
村数
村童
村道
村名
村有
村立
族長
族名
族葉
大運
対間
対月
体言
対合
大全
太多
対他
対南
台農
大白
太白
対物
対明
体毛
大礼
大練
他形
他計
多形
竹馬
竹炭
多血
多語
他作
他山
多色
他日
他船
多線
他族
立毛
多調
多肉
多売
他筆
他品
他風
他物
多歩
他本
他力
他流
足玉
短角
炭庫
短才
炭車
短章
短日
炭住
短息
短足
炭柱
短柱
炭田
短命
短毛
題意
台板
大院
大雲
大円
大遠
台下
題画
題言
題号
台皿
代走
代配
大悲
代品
代返
大北
打通
打面
男王
男工
男身
談理
知育
地運
地役
地温
竹園
竹紙
竹頭
竹皮
竹筆
竹木
竹門
竹葉
知者
地集
知州
知足
竹根
地鉄
知日
地番
地文
知分
知米
地歩
池北
地母
池面
地目
茶園
茶金
着外
着車
着数
着点
着肉
着発
着氷
茶家
茶書
茶商
茶通
茶庭
茶味
茶名
中有
中温
注音
中外
中業
中銀
柱式
中秋
中書
中水
柱石
中線
中農
中波
中北
注本
中馬
柱面
中薬
注薬
柱列
知友
鳥雲
長円
調活
帳外
町外
長弓
長近
長君
長元
長祭
長日
調速
長足
長柱
帳面
長頭
町道
丁半
長風
朝米
町木
朝夜
朝野
町有
直員
直音
直受
直生
直投
直登
直配
直方
直毛
直用
直列
直路
直根
追感
追行
追号
追白
追福
通意
通運
通役
通級
通研
通日
通数
通線
通船
通直
通道
通板
土神
定係
弟兄
定見
丁者
庭前
定分
定文
定本
鉄球
鉄血
鉄手
鉄相
鉄心
鉄石
鉄地
鉄柱
鉄刀
鉄筆
鉄絵
鉄丸
鉄魚
鉄山
鉄水
鉄部
鉄北
鉄木
鉄門
鉄路
天運
天円
転園
転遠
転音
点画
天楽
天顔
天宮
天球
天空
天庫
転語
転合
天助
天水
点水
転図
転想
転相
点茶
天中
天柱
点注
転注
天耳
天女
点鼻
天物
天味
天目
点薬
天来
点立
点列
天路
電界
電画
電業
電空
田根
電植
電食
電弱
田数
電着
電点
田土
田皮
田面
当駅
等温
頭音
当館
東学
東去
当家
当犬
登研
当月
当色
等式
当宿
冬春
当住
冬虫
頭中
頭注
頭肉
等倍
刀筆
頭毛
湯問
答問
当流
投力
刀礼
答練
当路
登路
都外
都電
都門
同金
同玉
同君
道君
同宮
同根
同号
同言
同式
同着
動電
同筆
道服
同母
動毛
同門
同役
同薬
童遊
道友
道用
道力
土運
土音
土休
土工
度生
土人
土対
土長
読会
土馬
内意
内院
内運
内温
内局
内区
内君
内言
内湖
内合
内室
内水
内台
内鉄
内発
内反
内薬
内話
名代
南院
南園
南学
南岸
南湖
南三
南人
男人
南庭
南流
苦茶
肉界
肉球
肉交
肉根
肉代
肉池
肉柱
肉筆
肉林
日語
日食
日人
日歯
日神
日直
日配
入気
入客
入級
入玉
入祭
入神
入息
女根
女肉
年運
年休
年級
農育
農会
農牛
農具
農研
農戸
農書
農住
農神
農電
農馬
農本
野馬
野草
配意
配員
配球
配光
配向
白雨
白顔
白線
白道
白肉
白麦
白板
白明
白羊
白話
発赤
発引
発駅
発頭
発地
発馬
発毛
波面
波力
半開
反回
半金
半玉
半国
半作
反三
半切
反切
半肉
半白
半風
半平
半歩
半文
半夜
半役
半遊
半里
反立
半両
倍角
買魚
売血
売国
売茶
売山
貝子
買首
売色
倍数
売船
売炭
倍大
売電
買電
売品
売文
売名
貝母
売薬
買油
貝葉
馬牛
麦雨
馬耳
馬正
馬前
馬足
馬速
馬体
馬着
馬丁
馬頭
馬肉
馬皮
馬名
番線
番太
番役
悲引
悲曲
悲秋
悲色
筆下
筆才
筆生
筆線
筆体
筆調
筆意
羊肉
筆道
筆木
筆名
筆路
悲田
皮内
悲風
皮毛
氷温
表音
氷海
表外
氷球
表号
氷山
氷食
表色
氷心
氷人
氷雪
氷土
表土
表内
氷風
氷野
表流
品温
品流
美育
美顔
美犬
美言
鼻根
美神
美身
鼻心
美事
美水
美石
美想
美大
美田
美童
鼻道
美肉
美風
美服
美物
美名
白緑
病家
病牛
病魚
病者
病身
秒時
病前
秒速
病鳥
病馬
病父
病母
父音
風教
風橋
風月
風色
風声
風前
風体
風笛
風刀
風話
福運
福家
福者
福茶
福分
福北
負数
負名
分速
分秒
部室
物交
物力
部面
部練
文運
分画
文外
分局
文金
分木
分区
分根
分室
分社
文人
分相
文草
分店
分点
分島
文頭
分度
文物
分服
分福
文福
分米
分力
文礼
文話
平角
平元
平曲
平作
平進
平水
平頭
平波
返書
返電
反鼻
米語
米式
米商
米西
米道
米日
米名
米銀
方音
方金
放血
放線
方筆
放物
方木
放列
北院
北音
北画
北岸
北七
北守
北雪
北走
北足
北庭
北天
北転
北馬
歩車
北帰
北家
北湖
北行
本円
本起
本宮
本地
本図
本草
本病
本品
本面
本様
本話
母貝
母岩
木牛
木主
木石
母原
母神
歩荷
木強
母店
母父
毎期
毎戸
毎号
毎食
毎時
毎次
毎代
妹弟
毎筆
毎葉
馬店
馬歩
緑葉
明行
明後
名号
明春
命終
明星
明頭
明年
名聞
明門
明夜
明楽
明式
明笛
明服
名玉
明玉
名君
明君
明決
名月
名語
命式
名車
名宿
明色
名神
名数
命数
明線
名族
名鳥
鳴鳥
名笛
名刀
名湯
名答
名筆
名薬
名流
面感
面外
面向
面心
面朝
面部
毛根
毛筆
毛母
毛様
木階
木金
木魚
木業
木玉
木人
木船
木中
木鉄
目読
木日
木皮
木部
目名
木毛
木門
木活
木球
木橋
目今
物相
門院
門客
門主
門数
門地
門頭
門道
問話
門内
門番
問名
問目
門流
夜会
野客
夜学
夜曲
薬医
薬園
薬王
薬室
薬酒
薬商
薬水
薬石
薬大
薬茶
薬中
薬帳
役分
薬方
薬用
薬力
薬礼
野乗
野人
夜前
夜想
夜走
谷地
夜直
役金
夜天
野店
野白
夜分
遊金
遊君
遊具
有取
有実
有相
遊走
遊直
遊農
有配
右筆
右文
有毛
夕練
雪虫
遊山
油水
油送
油土
油母
油面
陽運
葉温
洋客
洋銀
陽月
陽根
洋算
洋室
洋酒
陽守
陽春
葉身
葉重
陽数
洋刀
羊頭
陽動
葉肉
洋白
羊皮
用筆
葉部
陽物
洋本
葉油
葉理
葉緑
陽和
予章
予対
予表
来意
来京
来県
来光
来行
礼紙
来室
来船
来電
来服
来由
落書
落月
楽酒
落首
楽食
落日
楽受
落重
落水
落想
落速
落体
落丁
楽土
落木
楽友
楽遊
落去
力役
力感
力気
力投
里家
里合
立秋
立冬
立刀
立牛
立面
立礼
里道
流雲
流音
流感
流血
流言
流心
流身
流速
流読
流馬
流氷
流風
立米
流理
流路
両王
両音
両牛
両区
両君
両宮
両語
両宿
両重
両女
両水
両図
両全
両部
両役
両流
旅銀
緑黄
緑玉
緑黒
緑酒
緑書
緑心
緑住
緑水
緑石
緑草
緑竹
緑柱
緑土
緑風
緑門
緑野
緑遊
緑林
旅社
旅宿
旅次
旅中
旅遊
理力
理路
林外
林学
林研
林下
林住
林中
林長
林分
林力
流記
礼意
礼楽
礼教
礼式
礼者
礼電
礼物
列火
列国
列世
列星
列石
列柱
列福
列王
列外
列語
列女
列数
列線
列代
列長
列番
列名
練気
練炭
練鉄
路銀
緑青
路車
路次
路村
路頭
路用
和学
和言
和光
和算
和習
和書
和炭
和鉄
和方
和本
和薬
秋色
入船
回流
角上
花月
活路
外教
外字
外耳
化地
公取
算国
市銀
小円
小知
生知
消流
実記
上作
晴天
中音
追送
天南
当村
当体
土道
入川
番長
分館
文間
本知
屋戸
流雪
会者
元三
汽水
金湯
区章
黒緑
見地
工品
古楽
語調
心音
新発
人界
大流
地気
同文
日出
白文
明界
薬研
理大
理分
緑光
雨温
花林
小電
生者
住工
重光
星天
物上
部名
用人
間八
外事
画道
間知
黒点
語字
書作
新館
新図
神都
神童
実調
実長
弱電
正道
長流
半知
用作
音表
家君
銀波
県魚
勝地
正中
他世
多声
地本
本代
洋楽
和船
開目
客月
画図
局員
原病
合子
食指
水月
声風
整風
定体
当年
日来
入出
力動
漢人
雲中
帰家
計表
州内
食思
女体
庭球
日運
筆画
北朝
正作
地頭
走馬
大決
明点
野音
意力
外生
黒線
原母
多生
通人
電発
等活
理国
苦界
頭光
図様
世人
内洋
外院
気水
出行
図画
当山
南家
農工
方外
本市
矢線
楽理
国力
商事
新雪
人外
図工
前科
体大
中力
都区
同歩
日内
北子
用金
会内
学人
楽人
高二
習字
週次
小問
相門
池心
知心
知新
本流
開村
苦土
県地
小局
小曲
神品
長物
童心
配下
本工
車高
等黄
冬上
登上
分都
空地
安山
院本
強国
天朝
天長
日台
帰所
県農
庫平
道心
平生
陽声
陽生
光速
高足
細雨
心間
神感
人知
地学
風通
話速
会日
漢代
間投
強心
研北
主船
線区
道都
美林
火車
画中
古学
庭上
文事
橋両
戸口
水流
土科
遊楽
画集
酒名
星室
正室
青天
外売
小字
光風
向風
校風
高風
声字
深度
事相
自相
知歯
内行
波戸
波止
算木
女医
暑中
自家
上気
日工
日港
古期
古記
国守
国手
国酒
真作
人面
全家
大進
他章
多勝
同色
倍化
本院
話線
学農
区有
長古
面内
駅館
大元
心土
身土
進度
外界
才気
使命
心行
上部
全校
調本
天命
空都
歯面
肉感
言分
下名
家名
科名
花名
花明
図絵
点者
頭内
同左
海上
読後
外市
外紙
死中
詩注
日行
悪路
小二
行歩
光力
公力
真相
都立
声中
対語
名庭
明定
強食
山相
心想
新相
神想
神草
進相
声部
全知
歩数
洋学
高調
食事
前談
知人
当千
内楽
文思
文詩
公知
正金
定点
方円
横指
黄紙
帰線
県南
公地
向地
工地
校地
死命
紙名
生金
人地
前向
茶紙
気温
算命
主業
定者
大理
林区
期央
色調
小名
本場
明光
走化
刀山
当船
年画
名店
悪漢
交点
光点
後転
高点
習作
通夜
全高
相等
外聞
軽国
県土
当事
当寺
負号
里正
青草
寒波
西線
商会
生草
西走
短打
中度
本金
湖上
商界
南都
上目
区外
化道
心体
神体
人身
水路
等電
予科
正西
海生
頭字
湖水
等時
秋思
持平
石刀
動学
門生
円上
港内
湖心
書字
両島
両頭
風池
本真
館外
原流
正米
実理
丁目
本員
集線
鉄工
両文
後出
鳥人
青地
学理
外記
左記
上頭
長気
道家
都長
画線
外光
外向
外港
画科
古時
商時
田都
夏下
花下
竹工
温色
温食
半身
員中
定日
画間
左院
声聞
世知
他大
東名
曲間
古馬
有時
開都
他感
知見
南船
日外
医界
古米
見本
月前
親王
洋医
海村
海台
開大
開題
気運
商相
少小
南路
文理
新品
中数
行間
正見
学童
両京
決死
台子
勝局
中次
分体
放生
内国
下列
実定
実弟
着駅
駅中
車館
神算
店長
同和
友交
有向
米人
洋語
根皮
新車
方土
駅前
会古
声区
雪寒
船数
動線
同線
帰庫
原油
星間
先知
長音
刀工
当校
投光
投高
東幸
東校
東行
登高
明度
線内
島列
等高
表紙
買気
少子
日文
海国
学同
毛糸
社地
小寒
消間
商都
走路
電路
相通
大勝
取消
同橋
京地
全学
大病
同都
馬飲
両地
両目
童話
屋体
兄姉
当行
湯守
立市
医原
月柱
社前
石勝
船客
水行
水光
水工
道話
馬子
理科
合力
茶葉
悪世
天主
天守
高一
電柱
洋風
事上
地神
物音
会院
海員
起電
新古
東日
油紙
湖西
姉兄
死計
詩形
市都
死都
知母
美感
急使
行気
小子
小紙
小詩
少死
新貝
前生
前章
同教
山号
当世
地鳥
先出
自前
頭声
内港
茶箱
見神
古今
島名
小文
大身
原調
小球
書体
体心
本生
上役
夏雨
花雨
京図
勝算
東高
肉食
農林
平服
医道
湖口
心王
神王
西空
右目
手上
部落
国大
出所
間者
天分
天聞
夏用
時相
新主
新酒
身首
進取
切線
雪線
体形
他社
地消
原地
地商
文数
方里
雨花
口部
小門
持分
外船
楽事
体様
相土
本字
本寺
本時
内庭
祭日
悪作
帰都
国主
身根
中全
声調
正調
知力
医用
委陽
新本
前話
馬具
有楽
書中
多元
体長
同中
駅間
金口
小事
人語
神今
植物
人後
右左
日月
入学
終章
食虫
人部
全科
悪天
薬屋
西遊
洋間
草地
始期
大明
予土
花路
暑寒
身外
号音
業病
中分
所感
社交
数学
他市
他紙
多子
多指
多死
学名
市長
車行
用土
大区
強者
全消
体用
商高
分波
悪手
画上
空路
小犬
下役
冬夜
国文
悪気
黄線
他生
火土
火度
打聞
才色
思文
死文
詩文
全入
同対
童体
行年
組曲
花畑
早天
鉄線
小都
名文
目安
回春
食時
神子
黒門
原字
部下
表地
相使
相思
市中
回教
月番
本葉
庫内
戸内
半顔
男役
気前
京間
真打
肉屋
北界
頭取
見番
黒人
前王
礼部
気音
小石
山林
丸対
板上
根部
青字
全地
体調
内調
球形
右院
面上
頭分
古紙
分間
表門
前人
日進
役馬
期先
商港
少校
相公
青光
内金
原酒
同川
冬服
音頭
船速
気先
市県
神橋
長身
古詩
登遊
会所
組合
今式
新緑
実館
身力
歩合
分注
院中
漢詩
重音
上世
反実
短文
文題
赤線
悪女
有線
返事
真画
食分
秒数
雨具
大番
主館
下生
早死
両耳
勝点
大暑
業体
神出
分知
駅売
県北
西電
全箱
神風
気心
口才
高才
人家
丁場
半時
全車
前車
同階
宿場
寺主
早計
気合
新教
同作
日番
赤味
京花
正字
他意
近世
代引
絵筆
黄鳥
作間
手代
荷台
引数
名工
目玉
係員
火点
客引
口絵
頭形
短音
天引
風合
原速
章立
丸太
有業
真形
直火
帳場
出番
反歌
太字
両鼻
駅近
絵心
金具
寒根
急場
口画
前引
福耳
毎冬
豆本
麦作
夕礼
合気
相客
間宿
相板
合服
間服
相役
青金
青線
青点
青東
青服
青本
赤牛
赤絵
赤短
赤肉
赤服
赤本
赤門
赤楽
秋号
秋作
秋服
悪形
悪玉
朝活
朝茶
朝練
足代
足台
足長
後金
後月
後作
後役
兄王
兄者
兄分
兄役
油画
油絵
油船
油代
新物
暗箱
石絵
板絵
板長
糸遊
犬科
犬語
今様
妹分
色悪
色絵
色校
色地
色字
色番
岩地
受台
牛科
右図
歌本
打歩
写絵
馬番
海千
売玉
上絵
上物
運草
絵合
絵入
駅広
絵皿
絵茶
絵面
絵所
絵具
円買
大宿
落研
落度
弟分
弟役
男運
男客
面具
親局
親業
親車
親番
温玉
女運
女絵
女楽
女客
女度
女面
女力
音引
貝肉
開畑
開箱
返点
顔学
顔役
係長
係名
書役
角落
角皿
角柱
角道
角物
頭役
勝数
川童
角番
金語
金高
金茶
神女
空茶
軽点
皮具
外数
外場
黄電
聞茶
北駅
北館
北門
黄茶
期近
黄服
木目
客方
客宿
急火
京道
京屋
京童
切絵
切米
金紙
金黒
金歯
牛細
銀皿
銀高
銀玉
草王
草黄
口米
国役
首肉
組重
組中
組数
組名
車代
黒竹
黒茶
黒番
黒本
黒方
血肉
下魚
夏書
下作
下物
小駅
子福
細字
米代
小目
才取
魚通
酒米
酒役
作男
作神
里地
申楽
歯肉
島式
島台
島役
社守
週足
主面
主持
宿方
宿高
正味
小四
所場
白台
白茶
調室
調所
白電
白番
白服
白本
新糸
真書
心食
新畑
新葉
心柱
真柱
新前
新豆
新麦
地字
地雨
地板
地糸
地色
地歌
地馬
地貝
地顔
地紙
直宮
直物
地口
地黒
自黒
地声
地魚
地酒
実親
実方
地引
字引
時服
自服
地虫
地山
重箱
上玉
定店
直真
頭赤
頭重
図引
船具
前金
全目
外番
対屋
高八
高役
立庭
立番
玉算
玉茶
玉目
田役
台石
談林
竹玉
地先
茶入
着歌
着声
茶組
茶子
茶心
茶所
茶湯
茶柱
茶花
茶船
茶町
茶豆
中皿
中食
中地
中点
注湯
中太
中細
中悪
丁合
帳合
丁石
帳入
町組
丁持
帳元
通切
使番
月運
月役
土部
面一
手金
手番
鉄箱
寺名
天火
天日
出面
電場
通町
科人
年役
鳥天
取止
同馬
同係
同間
同夕
土場
中番
中面
長帳
名題
夏作
夏服
夏分
何駅
何区
何犬
何県
何湖
何語
何市
何線
何族
何店
何病
何部
何用
何流
肉入
肉色
肉月
肉物
西面
荷役
庭番
練天
年市
農男
野天
箱絵
箱車
箱数
橋番
葉茶
花会
花金
花後
花代
花男
母役
早番
春号
春作
晴食
半赤
半板
半道
半広
半丸
板元
番屋
火王
東館
東宿
東門
引具
氷頭
日歩
平台
平天
平刀
平番
平文
昼番
昼練
美黒
病間
福引
福豆
筆具
筆字
太線
船楽
船代
船用
冬作
部立
米麦
方立
細線
本箱
本畑
本身
本水
毎夏
毎春
毎夕
馬草
町医
待画
豆科
豆球
豆銀
豆炭
丸公
丸小
丸心
丸字
丸天
丸刀
丸八
丸本
右面
右様
水絵
水仕
水代
水帳
水部
緑絵
緑線
宮号
麦茶
村下
目木
目分
面板
面取
面箱
申分
持点
持番
元絵
森番
役物
家号
屋号
休所
宿帳
宿六
山番
山様
夕場
夕間
湯温
湯感
油商
湯茶
洋皿
用次
用場
洋物
横画
横地
横丁
横町
横肉
横本
夜番
夜練
楽市
落顔
楽日
力場
両打
両切
両組
両口
両平
両箱
両前
両指
和顔
和事
和皿
階高
京女
京方
金晴
金青
銀紙
国女
子局
小作
下絵
所行
手相
面形
守役
角地
京人
黒先
下社
定石
板木
役高
悪感
本通
神薬
花事
港長
章京
赤色
軽四
実感
山千
点取
実生
岩絵
音長
社家
目地
遊船
図化
後天
女高
読心
和紙
商社
手取
道台
外分
歌絵
歌声
死出
市名
神具
人命
草根
原生
所出
書院
上使
上死
大男
耳下
自歌
自火
出作
夏祭
整音
正音
同家
両気
後代
小手
勝者
商大
昭代
章台
分習
本実
夕陽
市庭
気相
朝見
品名
洋薬
風土
間代
自室
光画
町地
手食
動体
名石
小社
転部
下注
歌中
花柱
花虫
新店
医長
同血
秋実
秋日
週日
次室
田地
下死
歌詩
女身
区部
口番
半商
山線
子分
犬歯
他国
他書
他事
多事
通時
県人
社研
通事
野見
海運
少時
同走
相方
町長
光感
分母
取出
年期
主屋
母家
調度
天道
天動
転動
当地
花店
島部
内実
紙業
詩業
詩行
次弟
赤道
色葉
正受
度合
内方
両形
角力
通力
交波
光波
開運
人荷
回運
家相
重工
都校
中味
字図
客船
子牛
花形
上下
服屋
足音
区長
昔日
心思
新詩
神使
進止
全区
聞役
苦鳴
光度
公度
広土
後光
小春
島外
生食
記音
歯数
羽数
大金
正時
海内
工数
白死
前行
引合
波高
石頭
文意
口角
当今
半天
名歌
絵羽
対答
反歩
板本
見聞
右耳
写字
社寺
体化
対世
交角
広角
後角
行客
業力
画家
全期
年時
後図
港都
平語
遊魚
力車
他業
寺社
左上
上家
夜空
鳥肉
洋品
受口
右方
字音
中和
名下
名花
山町
先番
町石
長石
土公
習風
自車
持出
形作
手話
心気
新期
真気
神気
神起
新社
町屋
書箱
中店
横目
耳元
工学
園中
悲調
道学
歌会
下階
社級
大車
東半
多島
薬品
身心
西日
言声
石道
多頭
下元
上中
長鼻
金平
魚場
他聞
金運
上面
口耳
工字
後事
古集
代船
台船
山宮
国色
通語
局間
動地
新京
元帳
門戸
農作
黒青
新知
神地
神知
左足
本教
弓部
動気
同気
本会
生面
青面
大雨
生地
国地
土階
後学
分場
年代
悪名
全羽
名人
屋形
畑作
道先
両間
両館
書式
番方
売子
家地
後根
和上
定宿
高地
字画
立夏
他門
足取
地公
日明
正油
左耳
音色
神明
後家
生体
用役
次兄
当屋
頭屋
子指
大集
畑道
人名
美声
安物
薬戸
実父
飲屋
物神
立入
馬歯
整体
両教
下集
公図
白星
開市
気柱
先代
前業
理化
日東
明暗
月水
酒客
紙形
祭火
新紙
夕顔
次章
対内
火事
高大
白味
空電
水理
集住
南寺
練度
角化
動意
家道
歌道
火道
山島
山頭
真顔
内所
船台
外公
他院
多飲
会式
新日
見出
大君
会子
京外
毎家
空屋
化学
波線
教会
自形
血行
車間
西海
茶屋
新玉
手下
目近
全館
頭上
園池
仕方
公家
心頭
農期
夜目
力線
有部
岩屋
高根
平時
国運
平西
下院
下図
先進
線数
来車
心電
親電
横書
行書
神父
美談
線心
船上
頭外
角回
場中
草生
京福
帳下
朝家
町花
長夏
学界
白毛
岩山
円内
少林
多福
月花
上書
正教
小声
人代
天声
天青
本門
月下
取立
青虫
口元
歯科
仕組
行者
工員
行員
立金
教部
体上
等外
風見
大死
大姉
主上
次手
本青
里長
悪日
黄身
外方
切下
紙魚
売場
主水
温陽
金商
金消
金章
両花
新出
農外
黄味
新刀
真刀
神道
人定
昼光
昼行
注口
取調
鉄面
軽食
天父
原由
年子
立心
州名
秋明
主命
夏冬
広間
心内
整水
中間
道教
白丸
乗数
地理
山海
子役
白物
花実
湯屋
王都
海市
黒五
小板
船長
公自
頭語
赤光
上戸
大半
赤身
少雨
町間
調使
手役
右足
戸数
新東
知県
全速
赤実
長秋
先人
店主
表作
宿代
持運
表高
章中
人感
人君
前身
雲母
雪国
回章
海商
海相
同紙
北地
両等
炭色
対円
追物
後車
王事
会員
切字
新都
時事
道線
同話
売行
天真
重荷
天心
点心
右前
地毛
自毛
速度
大実
水様
酒手
時角
洋上
自消
回文
白目
大長
交感
向寒
黒目
黄葉
新星
石面
車交
心根
真意
女院
新意
深意
神意
丁子
町次
同会
首根
次時
父母
詩曲
旅先
形名
新内
右記
西部
有意
形色
小路
仕切
身元
魚人
日光
海先
山水
体表
社中
正語
深味
心下
心火
神歌
神火
歌行
仕分
体鳴
大命
助教
馬主
白馬
中人
文集
持主
農学
南口
小休
東口
小三
地人
直入
頭目
夜気
野気
雨期
死苦
足部
息気
次姉
地決
同寺
引当
反物
住区
目上
来春
指事
思路
数千
階長
対面
本問
決勝
新体
竹取
所業
女物
階調
日用
冬物
雲間
先口
地子
寺使
次子
次指
男前
近時
茶話
半年
小頭
小刀
語注
商登
時下
地車
後味
陽光
木箱
船乗
所引
羊水
章草
親指
行走
死目
冬海
島回
多言
岩場
商取
直下
合方
行先
小人
社主
紙花
館長
近事
詩歌
知客
詩家
楽界
事理
自理
大部
温湯
点目
空身
草紙
新進
上天
父道
心神
深身
真神
神心
神身
北線
上反
身皮
洋紙
羊子
平場
朝顔
流人
毛物
同次
上界
西陽
声歌
左目
外線
里親
西南
天神
大箱
手元
神事
心字
真事
真字
本立
和国
天明
番台
曲調
楽家
上回
女中
新道
火取
本事
町角
男親
行場
首元
市花
真正
中章
半姉
半死
反思
音数
庭内
半丁
半町
海牛
音列
童詩
電池
道着
冬場
見習
足首
大入
対人
草子
人出
海星
平米
古生
里人
仕草
福助
手立
夏休
石屋
知合
買入
後書
正向
青黄
聞持
下屋
西高
山羊
両馬
馬力
取下
息子
目元
山鳥
小花
前足
丸形
仕科
小物
玉虫
風上
曲数
明知
乗合
院子
局中
全歯
全紙
全話
入社
横顔
島船
心学
波間
火花
水虫
家持
同銀
秋空
毛虫
島国
手口
表通
宿屋
赤丸
局車
黒船
時化
家礼
太上
光柱
光虫
小町
後注
細雪
書生
取決
女心
市部
足軽
色里
発力
箱物
酒場
山波
入子
買主
炭火
船旅
切味
乗物
緑物
草字
走時
矢切
竹刀
文台
引金
引鉄
点前
内線
文中
夜店
正面
同部
大店
親心
川州
農相
外目
中前
平手
根曲
売人
見所
夜道
黒豆
算式
指先
真上
業主
小鳥
虫歯
光色
夏場
山場
聞物
仕上
新字
切売
自他
人長
夕市
食中
毛皮
仕立
道会
赤白
赤花
高角
取組
赤青
全生
出生
立会
立羽
飲物
足場
北海
親柱
歯形
丸味
野羊
雨林
後口
黄丸
細身
山会
見通
色味
火元
男手
鼻水
岩根
石根
上糸
科員
子息
旅話
受身
売物
紙切
紙帳
仕丁
旅路
中指
羽音
引落
聞集
長母
火柱
雨音
糸速
天豆
空豆
何人
雨着
工区
聞手
小魚
子守
下着
土筆
大目
口車
合音
氷柱
馬代
氷中
表注
丸顔
書館
用池
陽地
陽池
足湯
木守
県西
板紙
詩学
水音
有光
物動
糸口
聞耳
切通
前神
湯女
仕手
箱屋
星祭
遠目
鼻血
持味
歯車
真心
読物
歯音
有金
女手
女湯
軽口
木耳
家船
小鼻
箱入
花祭
元売
用度
雨雲
小者
坂道
歯学
出足
見晴
山女
元朝
子鳥
男湯
指物
切目
早足
雨風
男神
形代
切地
小箱
先物
深酒
丸身
店先
口火
葉形
持前
陽線
雲行
毛色
小顔
長旅
水指
家学
歌学
空箱
水物
屋根
赤毛
野山
歯止
鼻面
赤玉
雨女
金元
切身
流者
根切
円顔
目頭
雪明
急足
市立
表耳
親玉
寒気
聞書
口取
生首
波音
湯水
中庭
持物
岩魚
書立
木雨
前書
母心
申出
火食
花水
葉音
安売
赤土
色見
打手
円安
空耳
乗場
目薬
夕立
青鼻
後玉
思入
空売
白波
速歩
流物
速足
古顔
打身
切口
近場
手持
引受
真前
目先
目高
神鳥
軽石
切子
黒子
羽車
昔話
持高
持場
青息
足指
兄神
大引
書取
薬指
品数
外回
葉色
葉数
東屋
色合
馬乗
上皿
北池
口笛
小丸
米所
申年
強味
強身
流矢
花入
晴間
北半
星草
前玉
丸目
目鼻
湯気
飲水
受手
売主
貝柱
顔立
小根
寒空
手品
庭先
歯黒
花平
氷木
間取
守神
耳鳴
家主
湯船
足手
味所
語物
勝組
食物
草色
国作
水木
台屋
月読
手引
手船
名親
庭木
根方
上口
登口
野道
羽板
葉先
葉竹
葉物
家根
山薬
夕波
読手
文色
和物
秋味
秋晴
足引
姉羽
活花
糸目
岩角
岩木
受売
受皿
後指
売手
負目
大皿
教草
面持
女気
語口
語草
語手
金切
聞所
木組
切先
切立
草取
草分
首落
組子
毛足
心待
小皿
小波
細波
仕打
仕向
小火
角水
外足
反身
立待
力持
力業
強火
手明
手打
天糸
手玉
手球
手湯
門波
鳥追
取口
取計
羽色
箱船
歯先
羽先
引波
平泳
筆先
船歌
船人
文板
曲玉
曲角
負組
待雪
身空
見取
麦畑
物指
矢面
矢来
雪童
湯飲
弓矢
弱火
弱味
弱身
間着
合口
相口
合竹
相物
相宿
青足
青馬
青海
青皮
青貝
青首
青組
青毛
青魚
青竹
青土
青箱
青羽
青火
青豆
青丸
青水
青緑
青麦
青物
青屋
青矢
赤糸
赤犬
赤魚
赤馬
赤貝
赤紙
赤皮
赤組
赤車
赤米
赤月
赤野
赤箱
赤鼻
赤火
赤豆
赤水
赤耳
赤虫
赤女
赤目
県主
県守
秋上
秋歌
秋顔
秋草
秋口
秋寒
空皿
秋高
商内
商場
秋夏
秋物
木通
通草
上板
朝風
朝北
朝雲
朝酒
朝寒
朝空
朝庭
朝昼
朝湯
足板
足形
足切
足組
足毛
悪様
足白
足高
足半
足太
足業
味女
東歌
東男
東女
東路
東道
遊部
頭虫
当身
後入
後祭
兄宮
姉神
油草
油薬
油気
油子
油皿
油取
油火
油魚
油物
油屋
雨間
雨足
雨落
雨神
雨気
雨空
雨戸
雨夜
雨男
歩板
新身
新湯
有合
言草
家犬
家形
家神
家着
家元
家童
魚止
息声
生玉
池庭
石音
石数
石貝
石切
石組
石子
石皿
石豆
石宮
石持
石宿
石湯
石弓
板石
板頭
板組
板子
板皿
板戸
板場
板引
板間
板前
板屋
市正
市日
市人
市祭
糸入
糸方
糸切
糸車
糸雨
糸玉
糸場
糸引
糸魚
犬顔
犬死
犬族
犬玉
犬友
犬走
犬笛
犬屋
命毛
命長
今方
妹山
入海
入日
入身
入目
入歯
色遊
色石
色板
色糸
色男
色女
色数
色形
色気
色事
色止
色音
色話
色町
色水
色虫
色物
岩組
岩面
石笛
岩道
岩虫
岩室
植代
植手
植人
植女
魚心
魚直
魚荷
魚見
受木
受流
受箱
牛女
牛方
牛顔
牛玉
牛屋
後戸
後前
後矢
歌入
歌切
歌口
歌心
歌主
歌女
歌読
打音
打交
内書
打刀
内神
打切
打消
打荷
打橋
内箱
打豆
内店
打目
打物
内湯
空木
海坂
海界
生毛
馬市
馬追
馬長
馬方
馬貝
馬顔
馬形
味酒
馬指
石女
馬面
午時
午年
馬柱
馬屋
海色
海暗
海組
海幸
海鳴
海虫
売家
売口
売声
売立
上風
上紙
上毛
上土
上荷
表荷
上火
上前
上町
上身
雲形
遠近
遠見
負方
追金
横道
横木
大赤
大足
大犬
大歌
大馬
大顔
大首
大玉
大角
大夏
大波
大鼻
大筆
大星
大水
大耳
大麦
大湯
小車
男心
食国
落魚
落人
落口
弟風
弟神
弟宮
弟切
男岩
男歌
男方
男車
男坂
男道
男持
音取
男波
主皿
重石
重立
面立
表歌
表方
表書
表着
表口
表店
表戸
表名
表庭
表町
表目
面長
重湯
親犬
親牛
親馬
親神
親木
親雲
親里
親竹
親面
親寺
親鳥
親船
親本
女岩
女歌
女親
女顔
女組
女車
女坂
女島
女文
女宮
女持
女童
買板
買次
買回
火雨
反角
顔形
顔毛
顔先
顔白
顔力
部曲
風足
風音
風待
風祭
花車
花心
夏時
数取
数物
風草
風知
風玉
花草
形板
刀屋
語部
勝車
歩立
勝星
勝味
勝身
勝虫
角石
門口
門火
角店
金貝
金頭
金気
鉄気
金物
金売
神有
神池
紙糸
紙入
紙女
神口
紙子
紙皿
紙玉
紙箱
紙橋
紙笛
神虫
紙屋
神業
通箱
空足
空池
空馬
空買
漢心
漢意
空橋
空畑
空船
軽子
軽市
軽業
川魚
川音
川風
川竹
川止
川波
川柱
川開
皮身
川道
川港
川虫
皮目
神立
神主
黄赤
木板
生糸
木表
聞方
聞酒
木草
生酒
木皿
北角
北組
木取
後朝
木柱
木鼻
黄花
生平
木笛
生豆
客波
木弓
切石
切形
切紙
切金
切岸
切炭
切取
切戸
切羽
切畑
切花
切火
切水
切店
切麦
切長
近火
玉手
玉章
玉石
草市
草入
草軽
草葉
草笛
草道
草矢
薬玉
薬売
薬箱
曲者
下文
口合
口足
口入
口書
口金
口薬
口先
口下
口白
口広
口開
口太
口細
口前
口女
国表
国神
地社
国引
国祭
国持
首板
首切
首先
首下
首引
首祭
首屋
首横
苦味
組糸
組歌
組打
組頭
組木
組下
組手
組外
組物
雲足
雲紙
雲路
雲取
雲鳥
庫入
車牛
車男
車戸
車引
車宿
黒赤
黒池
黒糸
黒犬
黒牛
黒歌
黒馬
黒女
黒皮
黒貝
黒毛
黒玉
黒血
黒手
黒戸
黒生
黒苦
黒箱
黒服
黒麦
黒物
黒楽
毛先
消口
消炭
毛玉
毛球
毛長
毛流
毛引
月宮
元歌
小足
小息
神指
高手
小歌
高話
小男
小面
氷箱
氷水
小女
小風
子方
小貝
子神
小君
小切
小首
心組
小言
子代
古寺
小柱
小力
事書
言問
事始
小半
小庭
木間
子羊
小羊
小筆
古物
小前
子耳
小耳
小虫
米油
米場
米虫
米屋
子持
強面
強紙
小童
強弓
幸先
細石
細毛
界路
魚皿
魚箱
酒波
酒荷
酒船
酒楽
酒室
月代
先糸
先買
先箱
先太
先細
酒組
指金
指分
里方
里川
里心
里田
里宮
里雪
里回
左馬
真水
寒夜
白湯
皿板
皿数
皿形
山気
山人
山草
死花
仕業
仕口
下味
下板
下糸
下木
下組
下取
下歯
下羽
下葉
下左
下火
下引
下前
下右
下目
下読
品玉
科戸
死顔
死金
死神
死口
死首
死時
死身
死水
東雲
島歌
島酒
島宮
島守
島山
下仕
下湯
曲見
宿主
守宮
手刀
正目
白糸
白魚
白子
白声
白太
白歯
白羽
調車
白事
白赤
白息
白犬
白組
白皿
白練
白箱
白場
白花
白豆
真草
深緑
弱音
水草
水柱
水薬
助船
炭馬
角木
炭取
炭根
炭屋
州元
生魚
昔人
雪路
早出
外表
外書
外庭
外箱
外開
外町
外湯
園守
冬青
空合
空色
空組
空様
空音
空目
反橋
田主
平貝
田歌
田打
高草
高鳴
高歯
高持
田草
竹足
竹笛
竹光
竹屋
竹矢
田子
田事
田作
立合
立泳
立死
立業
立板
立神
立投
立引
立文
立物
立者
店子
谷足
谷行
谷風
谷方
谷止
谷道
旅心
旅物
球足
玉糸
球数
玉毛
玉箱
手向
田虫
短夜
出手
血合
近間
近矢
力足
力石
力水
血川
血刀
父鳥
父主
父宮
血祭
血豆
血道
血目
長歌
手水
町場
長夜
直心
身柱
番木
月足
月男
月形
月草
月組
月毛
月酒
月白
月星
次日
仕人
土色
土雲
土車
土気
土取
土波
土練
土畑
土笛
土船
土物
角貝
角書
角笛
角目
角弓
面当
面水
手油
庭中
手植
手負
手落
手木
手切
手車
手心
手長
手習
手羽
手箱
手花
手鼻
手人
手回
寺入
寺男
寺子
寺酒
手業
出女
出買
出里
出州
出玉
出花
出鼻
出丸
出目
戸板
問丸
投矢
東面
遠音
遠火
通庭
研屋
戸車
所書
心太
年女
年神
年玉
止刀
外薬
止金
友引
鳥足
鳥頭
取石
鳥打
鳥男
鳥空
鳥皮
鳥貝
取木
鳥首
鳥毛
取皿
取高
取次
鳥子
鳥笛
鳥虫
取由
中足
中池
中入
中売
中落
中男
中表
中買
中着
中口
中黒
中手
中通
中君
中左
中右
長雨
長板
長着
長言
名頭
長月
長手
長話
長路
長道
長虫
長湯
鳴女
投首
投物
刀豆
夏市
夏糸
夏色
夏風
夏川
夏着
夏雲
夏毛
夏氷
夏空
夏鳥
夏畑
夏花
夏羽
夏豆
夏物
夏山
何味
何色
何形
何口
何組
何子
何心
何橋
何町
何屋
何業
名主
生足
生板
生歌
生音
生皮
生貝
生木
生米
生麦
波板
波風
波返
波雲
波路
波月
弱竹
鳴物
荷足
新室
荷馬
苦草
苦竹
苦虫
荷口
荷車
和毛
西入
西手
西東
日次
日計
荷止
荷主
荷箱
荷船
庭池
庭石
庭植
庭男
庭神
庭草
庭口
庭土
庭場
庭花
庭火
根明
根合
根石
根魚
子年
根太
根竹
根深
根雪
練糸
練色
練切
練土
練物
野雨
野池
野男
野風
野川
野立
野点
野面
野花
野豆
飲口
飲助
野守
乗打
乗手
野分
羽風
葉風
羽交
歯切
羽口
箱馬
箱男
箱書
箱形
箱下
箱球
箱庭
箱宮
羽子
羽指
橋板
橋形
橋立
橋祭
橋守
柱間
羽白
畑木
畑物
畑土
畑麦
葉月
花板
花市
花落
花数
鼻風
鼻頭
鼻紙
鼻木
花首
鼻薬
花組
鼻毛
花氷
花立
花球
花友
花時
鼻柱
花人
鼻笛
花船
花豆
花丸
鼻持
鼻元
花物
花守
花宿
花湯
鼻横
母犬
母牛
母馬
母木
母者
母鳥
母虫
母物
葉箱
葉水
羽虫
葉虫
葉守
早馬
早玉
速玉
早場
早昼
早船
早道
早耳
早業
春着
春鳥
春方
春物
晴着
麦秋
場庭
日足
火足
火入
火色
氷魚
火打
日面
東入
東組
東空
引歌
引去
引戸
引時
引直
引船
引目
引物
火切
日切
火先
氷雨
火皿
火玉
左頭
左角
左口
左鼻
左指
羊男
羊草
羊雲
人音
人買
人声
人里
人波
人柱
人待
人宿
人山
日長
日待
火祭
火虫
日女
火矢
平打
平門
平草
平首
平組
平皿
平玉
平取
平箱
平筆
平豆
平麦
平虫
平物
昼顔
昼酒
昼中
拾物
拾屋
広形
広口
広前
広山
笛竹
深皿
深手
深場
文車
筆石
筆数
筆立
筆箱
筆太
太糸
太筆
太物
船足
船板
船方
船形
船君
船子
船路
船玉
船着
船息
船荷
船場
船祭
船虫
船持
船守
船屋
船宿
文箱
文使
文荷
冬糸
冬木
冬着
冬草
冬空
冬時
冬鳥
冬日
冬道
冬山
古板
古糸
古歌
古女
古鉄
古様
古竹
古血
古手
星合
星形
星神
星組
星下
星取
星目
細糸
細面
細形
細口
細声
細根
細葉
細引
細道
時鳥
本歌
本船
前赤
前板
前手
前羽
前宮
間男
死返
真金
真北
間口
曲木
真竹
町着
町口
真土
祭笛
目交
真西
間柱
真東
真昼
間日
間広
真緑
真南
豆板
豆皿
豆面
豆畑
守刀
丸頭
丸石
丸打
丸首
丸皿
丸竹
丸鼻
丸葉
丸筆
丸麦
丸物
客神
身重
右頭
右角
右顔
右首
右指
右横
短手
水青
水足
水油
水糸
水貝
水係
水切
水子
水氷
水心
水玉
水鼻
水次
水止
水根
水計
水引
水船
水屋
水雪
道板
道糸
路角
道角
道草
道火
道悪
王身
緑組
緑花
緑虫
緑湯
南入
南組
南様
南手
南丸
身毛
耳上
耳金
耳毛
耳水
耳横
見目
身持
宮方
都落
都草
都鳥
宮所
宮柱
宮人
宮水
宮持
宮守
昔者
麦色
麦女
麦車
麦笛
麦湯
虫男
虫草
虫薬
虫気
虫声
虫友
虫笛
虫屋
虫湯
村男
村方
村雨
村界
村里
村高
村祭
目板
目色
目打
目方
目角
目顔
目黄
目切
女木
目口
女竹
目力
目土
女時
女波
目光
目星
目細
目耳
女山
水取
申口
申子
申次
申文
持地
持手
持荷
持弓
元入
元受
元口
元黒
本黒
元高
元玉
本鳥
元根
元箱
元湯
物売
物書
物頭
物原
矢合
矢板
家数
矢数
矢風
矢形
矢車
矢声
安魚
安酒
休石
矢立
矢竹
矢玉
矢取
宿着
宿船
宿元
宿木
鳴家
矢場
矢羽
矢文
山足
山犬
病犬
山男
山数
山風
山方
山刀
山組
山子
山坂
山幸
山里
山土
山面
山豆
山守
山雪
山童
夜話
夕風
夕雲
夕空
夕月
夕時
夕花
夕晴
夕光
湯音
湯面
雪男
雪女
雪組
雪雲
雪気
雪消
雪坂
雪代
雪空
雪玉
雪鳥
雪晴
行平
雪平
雪間
雪見
雪水
雪持
湯口
湯立
湯玉
湯次
弓場
湯場
湯波
湯葉
湯畑
湯花
指毛
指笛
弓数
弓頭
湯道
弓取
湯宿
夜市
夜風
横合
横足
横石
横板
横糸
横風
横組
横車
横様
横面
横手
横波
横根
横羽
横引
横笛
横物
横矢
世心
夜寒
夜旅
夜長
夜鳴
世波
米坂
読切
読人
夜宮
夜顔
夜昼
弱虫
公魚
分去
病葉
分里
曲物
業前
業物
童歌
童言
悪場
悪身
間事
後山
板下
口遊
国元
小昼
高波
田力
店者
都人
中子
西組
船門
間合
見受
水先
後立
売高
空荷
黒味
山国
品書
仕物
水魚
生血
野寺
待受
大女
白根
局口
戸前
東向
引分
童部
赤葉
出湯
内高
漢学
雲助
生活
名子
西市
引手
花鳥
死所
寺町
園生
水場
見開
手事
中州
見返
色子
内人
人屋
発止
意気
業者
細魚
店数
羽太
見立
黒白
対岸
日取
曲家
打首
大市
山神
大音
大寒
活計
申立
音屋
車台
大農
丸木
深間
悪者
車前
品部
地面
西洋
目路
同本
間人
市女
太神
人死
有林
毛羽
年波
西風
引出
馬道
草花
家路
受取
小米
細目
夜明
大鳥
根原
仕入
国数
田遊
受合
来手
読本
部内
真子
真横
板目
光日
田植
中市
鳥屋
火屋
海里
川中
指手
取入
売女
馬身
鉄船
山間
助言
定書
内板
物見
後身
見直
仕出
切首
日子
商学
真人
下男
組入
海山
美人
羊歯
身世
川水
外海
受持
昼食
年弱
川下
川前
島人
上市
小場
町歩
近目
物持
語意
持合
祭事
細事
道引
道行
代名
南風
買上
白下
鳴戸
秒間
歌番
動中
大神
指地
死地
小夜
天理
気表
早見
同体
終生
茶館
持金
古文
文月
頭打
同小
月中
公人
身上
人日
白州
終世
入物
火水
当会
高年
黒羽
秋声
終声
市鳥
耳石
美学
地代
県間
名水
相身
鉄色
同大
目数
生起
中路
客体
待橋
原音
身形
地対
見場
名家
勝間
全島
力紙
白夜
紙代
始代
歯大
夜業
青身
立前
工会
門家
早月
代物
出合
家長
黒酒
物入
川方
名分
上宿
遠矢
大羽
大葉
歌調
科長
全人
時中
氷室
光年
所内
年強
神学
生水
駅馬
待人
買取
受入
金石
人中
林家
元首
出会
場台
温度
鳴子
後足
出前
鼻先
平安
下水
曲球
古里
医食
科白
水飲
引下
童形
日金
詩思
出先
入方
元手
水鳥
手合
数等
横線
心力
真後
正本
自界
魚市
書出
外相
春期
波数
出歯
新地
地力
村社
同右
全駅
事代
首打
客員
小木
力学
合体
薬学
有高
男木
引上
下身
後会
人力
形相
調子
馬手
手方
外面
空言
進学
空事
番所
中空
母方
元金
子馬
同地
夜半
地味
売店
名乗
夜祭
小馬
小見
神鳴
神代
入合
口切
下手
売出
青味
女主
女方
王者
町見
校区
色紙
上薬
刀自
大所
車止
行手
鳴神
来週
日米
歌風
校長
国学
右投
小牛
国書
同相
谷町
心持
小使
対中
山鳴
鳴声
豆油
出水
海草
店売
東風
日朝
学力
光学
新球
王院
県中
買手
家風
短期
人文
大洋
星食
正食
生植
生色
礼文
形木
大字
町人
店屋
生紙
高平
真冬
業生
実物
行幸
出船
小雪
取手
旅客
後先
風下
和子
小道
近赤
薬事
人形
工商
黒書
同形
上根
後章
校章
行章
高商
体色
秋風
国柱
手書
門柱
年会
秋野
科学
式神
年式
口数
立役
悪心
飲酒
画意
生計
洋式
角形
直筆
野手
王子
子中
死場
遠道
海神
黄色
丸柱
目見
章題
黄金
客地
画地
汽車
体感
時日
読取
形気
宿駅
平目
女工
花活
火消
金目
花生
湯元
小五
新宮
前頭
流通
犬神
真弓
時世
当夜
面体
水主
町役
全社
川船
船主
買方
左投
追風
天部
日数
平戸
教書
手練
山寺
古着
家中
字高
自工
自校
自行
両岸
面目
横紙
読者
大路
水相
部活
朝夕
生有
本文
見物
深重
当日
工人
港人
黄人
広葉
直中
花園
金時
入部
心算
言下
階子
太子
打出
村役
野次
雪道
黒米
色目
糸毛
中生
県市
花茶
年祭
局内
新木
田楽
内力
黒色
下見
波頭
所員
大社
真名
王土
黄土
後世
外出
使主
見切
小雨
学者
頭高
右打
前広
生時
大貝
期年
年男
赤口
直会
写真
大刀
本線
家来
神楽
引取
新手
夏日
車屋
日休
動力
円相
寒地
上歯
人目
大都
谷合
番手
下心
大雪
赤子
点火
何年
明王
村路
人心
知行
町橋
区名
字面
夜着
山家
年月
平屋
東市
東方
空手
人科
年央
草木
夏木
後文
生肉
魚商
出場
重手
行人
歌合
知音
頭部
橋下
多角
上手
正方
小一
花木
大国
波打
日中
同委
弓形
大空
音場
旅人
鼻声
天花
品番
母屋
本手
親子
対米
住手
鼻息
半円
語形
自力
同病
力者
町中
外組
会長
金持
左打
雨水
所長
世界
用品
海鳥
花野
北風
羽山
本所
言葉
人月
米朝
白酒
白身
目白
強力
秋月
西方
野路
区立
風花
荷重
合間
科会
出店
役所
県下
大方
手本
顔色
人馬
楽園
人国
開先
林内
童子
前立
数百
中国
遠路
高度
方向
黒雲
道外
円柱
南東
山手
味気
花色
画風
赤金
春風
村外
学科
左横
北国
田家
声色
親近
生日
真中
客人
酒屋
東駅
期中
園遊
正体
大工
人体
合板
弓手
前方
去年
金色
品等
行宮
文学
真魚
心地
皿山
語路
半期
多聞
当金
出血
心事
山畑
小金
目線
人事
町内
鳥目
出物
朝間
美男
神酒
羽根
白雪
水車
戸部
大声
銀色
山車
人足
文体
下草
形見
全業
場数
女形
今年
大一
母本
体内
寒風
右手
回外
市大
親父
間数
球部
相生
西行
横刀
住地
日当
中古
倍速
茶道
筆頭
工場
大丸
園地
何科
高音
海女
外国
声音
大戸
所用
円心
家内
形行
夏秋
中高
全市
台場
何箱
海雲
火口
化物
川流
月日
問屋
生身
頭下
陽子
手入
水分
晴明
字形
代人
女友
生業
客数
急悪
間期
数十
羽目
外見
黒石
後方
学書
天草
文目
春夏
集名
図星
名前
語中
前面
東西
男気
深雪
切手
自社
人数
風車
石取
持家
男組
住人
数多
小屋
他人
着物
両国
緑色
南島
日夜
生物
何役
人台
区内
平家
勝目
毎週
場内
天下
月間
室長
女学
多分
国原
学部
大人
水母
下女
館員
海月
左前
医学
心意
本分
地豆
手紙
口中
号車
曲目
内外
下半
市売
親等
弟妹
海風
重苦
実作
酒代
村人
水面
鼻高
用水
父君
家集
大会
東海
市子
太刀
葉山
物数
死様
曜日
部員
立場
左手
金地
土日
手間
相反
軽乗
上階
湖岸
手先
字名
門外
局長
村長
里子
学会
部長
用紙
本学
旅所
市区
全都
線上
局数
上半
曲中
村内
足先
同組
薬店
次式
林地
半目
理学
人王
語学
秋冬
次会
同業
表中
業界
用地
用具
国人
新章
客用
中小
書面
場代
式場
小中
地内
作目
上右
多国
昼時
同学
水道
米大
員数
車道
院生
同字
語文
上左
上学
生年
語音
大外
室外
楽部
家本
町村
南中
丸一
後目
表六
前駅
客屋
音図
年百
下風
女役
発着
港区
長短
茶畑
国中
校生
海空
木気
食住
自公
後人
都道
州立
重味
人対