年度
時期
学校
先生
毎日
文字
方法
部分
夜中
中学
国立
今後
大学
時間
冬期
海岸
期間
日曜
都市
頭金
国別
試合
時代
何課
作業
動産
半生
行政
目的
夕方
公園
人間
小学
人員
利用
文化
切断
貸借
毎月
地下
政府
入院
長官
流行
死後
朝日
場所
法人
議長
旅行
後続
最後
意地
反対
年長
今週
案内
今朝
生産
前週
種目
商品
中心
会費
部屋
名山
部隊
相手
音楽
暴風
物語
先週
入力
中年
祝祭
次元
得手
停車
上位
開発
区分
安定
人類
全部
独立
年間
平等
国際
現場
議員
仕事
長年
父親
共通
本気
前年
書写
地方
後半
何年
種類
右中
近所
現代
卒業
月曜
何部
直前
発生
祖父
野球
営業
前日
病院
学園
多数
学年
本来
家屋
所在
最初
水産
上期
食後
不快
話者
共同
公会
名前
酸化
人生
絶対
念仏
高校
大体
方式
地金
注文
結局
元気
回転
大量
人口
結果
出来
大門
職業
他動
左下
上皮
文章
上流
管内
大寺
人民
時分
計画
前夜
寄付
区間
代表
方面
明朝
空間
職種
英語
現金
車線
最新
実際
自然
麦酒
朝一
等分
多面
自国
外野
分科
生命
高級
新年
行方
地区
先住
大仏
生徒
手順
英文
生理
下車
城下
記者
住所
相対
区別
体協
数字
公用
司令
部門
木造
悪化
浴室
県都
当時
統治
事業
大口
分化
半夜
半分
赤字
発足
悪性
反発
終末
単語
調製
半数
半日
番地
最近
正確
白地
毛止
会館
比率
昨年
本部
乗車
白黒
無礼
東洋
同月
小口
等価
図書
明太
永年
用語
何千
親王
黒字
程度
手首
役場
何市
多少
幹部
原則
長老
議定
東遊
打者
続発
会堂
委員
好調
銀行
順位
型式
直後
午前
台数
日別
総合
入口
何県
連続
次長
協議
街道
軍人
本人
食材
客車
仏教
増減
最高
成人
使用
少女
健康
職人
面子
今秋
本年
最期
国防
何曜
算用
平日
会社
後日
幹線
学生
相殺
都心
母国
今度
市場
留学
変調
畑地
行使
表記
海外
図表
右側
採用
正統
真底
生前
自治
地表
無念
今回
品目
最終
声明
相場
通常
意味
労働
兄弟
深夜
駅員
活動
代議
投手
平和
朝市
食塩
駅舎
機関
外科
工業
文法
元年
公明
今春
午後
生死
分別
男女
音節
年下
先取
日程
勝負
各県
教室
追放
満足
男子
時季
談判
集合
同県
当初
後程
機種
前線
先日
方形
全線
女子
世代
科目
初頭
通路
軽水
仕様
円形
家族
得意
親友
後家
手数
後時
鼻音
修業
具合
転用
評価
今月
無用
温室
夕食
慣用
町屋
隊道
安全
園内
形式
内海
作戦
勝利
水曜
編集
出入
現在
井戸
古代
解官
金利
連合
解散
大気
男性
各語
向上
今季
金曜
目分
再度
月別
報知
町会
確率
礼状
年金
保安
近年
製作
同日
前月
本当
来月
少量
大型
少数
政治
着工
会見
判決
緑化
早朝
毎朝
日常
公式
志向
道具
挙句
毎夜
今夕
下期
落着
類型
平年
親方
事実
輸入
思考
試行
道中
指向
休館
手法
試香
運用
人材
勉強
太平
学長
米軍
長男
共和
土曜
自身
土居
酒気
編入
市街
末日
先月
大根
下地
役者
無理
林産
先制
本日
中期
左中
団子
食品
全体
名所
倍増
教示
身代
大昔
計算
作品
小便
都会
過熱
木曜
発表
食前
機能
始終
以後
木綿
太古
年上
色素
中宮
築後
前回
評議
公正
死者
過多
反省
主人
火曜
短編
赤茶
宿営
燃料
無職
遊園
来夏
大約
外食
近日
未満
内戦
前住
通例
全員
未明
会議
役員
在学
不良
構築
反面
期限
受付
名目
毎回
以上
昨今
先年
連日
古来
同夜
内心
昨秋
昨冬
単身
今代
今冬
昨春
性来
次月
先夜
追日
倍量
本月
毎秒
毎分
生来
民間
合戦
集中
通信
周辺
中部
職場
記念
小売
席上
新入
大海
月中
今夜
国民
中止
何屋
姉妹
楽器
上級
常考
有界
知覚
足下
現実
所有
内野
留置
個人
手帳
複数
海軍
地主
内部
老人
天文
粉末
地場
役目
来年
組長
明日
各国
基本
学期
希代
妹神
術後
地上
学区
下宿
都度
両県
空白
高山
明方
判例
小生
中二
社内
内科
後頭
薬草
登場
馬鹿
実在
病中
木製
機具
金属
保温
軽量
状態
水辺
南北
個体
同区
転変
後年
追加
朝食
作用
登坂
他行
集団
行動
新造
最悪
両方
分解
公開
自分
何順
分荷
説明
都内
次男
室内
出馬
下方
区画
局面
方今
過去
間出
自信
土産
内陸
料金
道産
何色
時雨
無音
立法
白月
実家
大臣
帰館
鉄道
定期
倍率
真似
未来
青年
生食
場面
可寒
長女
桜月
過古
医科
気分
世紀
面積
感応
青色
部位
同性
番頭
総数
希望
社長
兵力
初期
住戸
自営
中央
茶色
分類
卒中
養子
評定
条件
高台
白木
大差
観客
以来
入場
帰路
全米
国境
道祖
根性
何形
打点
回数
転石
着火
発動
首都
不変
買春
森林
院長
女中
別表
順天
市外
南西
助成
報効
放光
放校
文言
後楽
仲人
手当
本丸
各自
今世
古本
点字
理解
電気
神仏
年内
目前
右上
治具
木立
車中
教化
和音
強大
成長
富人
父人
新聞
新曲
何百
列車
道内
連中
中等
白色
静止
節気
整枝
生指
静思
成敗
美化
内容
原動
予定
行程
制度
整形
上京
和文
快適
本国
団体
中毒
余波
助平
下品
種別
作家
交通
感心
調教
強情
会同
入会
語内
正解
助役
原産
史料
植民
教授
相応
編成
会場
赤外
独学
戦勢
戦声
空頭
朝方
事件
登用
不満
車内
上等
発達
雨注
徒歩
焼死
強化
水着
山行
父子
成年
保護
味方
加速
公有
中立
正午
道県
生体
天気
平気
商人
帰社
正路
武家
大関
受給
人道
走行
発電
県内
件数
中一
起動
走航
見学
定年
分隊
共有
再生
位置
角度
全面
何事
古都
管理
客間
昼間
交用
航洋
場合
鳥観
適当
登院
明細
設計
未知
落葉
下等
無法
数量
社会
不足
別状
空気
本体
令状
下位
月数
清算
水鳥
精算
性能
製産
同時
初夏
正当
何区
判事
内面
口外
功労
日記
複合
休止
選手
大王
母親
午飯
達成
先着
野犬
底止
西京
女神
成功
大台
公平
点検
精明
軍用
天元
飛行
近着
徒死
戦力
国外
水中
兄妹
合計
周知
海水
金魚
正常
常任
母子
兵士
位地
中側
長子
月額
広遠
高遠
試製
下官
出品
白昼
各年
農家
夜間
来秋
身内
頭身
労動
計上
修理
波形
転回
曲線
景色
自動
技術
草原
合格
大手
週末
研究
運営
親切
水色
有望
分布
放出
青眼
音素
苦行
照明
講演
指定
調法
行商
多発
島民
楽観
木仏
番組
事故
球団
多岐
不服
送信
加農
次第
発声
海道
飼料
焼売
役人
内服
低度
登山
父方
建造
建都
公演
会計
無声
武者
口演
好演
試用
路線
外大
飼養
星状
以内
消火
新旧
勇気
形成
価格
祝日
変態
両眼
待合
事務
法戦
散調
初心
内定
県際
電子
開眼
機構
関心
対話
全額
打線
法師
真実
戦前
投資
文末
出口
登記
意見
感動
戦線
放心
放神
不和
無死
両駅
古風
乗用
正答
当局
中綿
投寄
登基
指令
長命
転化
士官
政経
物質
国定
合成
過失
気風
春先
史学
飛車
駅伝
都区
来日
用心
調整
書物
高率
正月
本性
帰島
帰投
帰東
急行
何線
挙手
布地
各局
実行
土地
国会
航空
肉屋
機会
矢先
折節
数次
矢庭
検分
南山
失効
新刊
開設
精確
山地
注目
登仕
版数
回折
改設
参画
注進
上辺
完成
教員
南方
開放
地形
実力
加護
給付
弁別
有志
回線
後期
知名
道州
旧家
整理
愛唱
愛賞
出立
海兵
妹役
交配
興敗
本音
愛読
見分
故造
整型
器官
協会
制作
大黒
間際
白菜
焼造
感性
自愛
同町
費用
本数
原作
手足
気持
秋桜
定義
転乗
刷子
間語
先手
小説
観戦
形状
試刷
思料
思量
統一
苦使
貸付
検査
先程
字体
開店
非道
米側
祖布
気質
参集
使令
開山
帰府
記録
構成
安心
活用
出定
両手
停年
梅園
大同
迷路
興行
初代
今時
火山
手記
帰京
登板
自重
持重
精強
茶目
混合
女王
大木
商店
人種
気化
旧型
無口
有様
昼飯
都県
意義
死語
主客
不便
長生
等置
案配
帰農
有平
以冷
飲茶
海象
苦力
弓歩
支票
再見
先山
上食
少半
香功
太好
湯円
治冷
差官
茶母
茶語
主思
中張
店里
短工
対子
都卒
都率
通禁
同務
奈落
馬油
白薬
包子
肥肉
長服
海印
会飯
黄米
望祭
姉夫
弱半
礼武
老大
料理
連玉
前代
木材
休刊
表現
西国
精神
風流
祖子
時機
交流
開口
活気
夜行
本店
末弟
南海
仕進
分野
早生
採集
鹿毛
野宿
打数
部会
小心
試飲
筆記
対象
利子
桜木
招待
現地
接見
行持
右下
実験
人物
重任
放歌
放火
出発
選挙
演算
待機
茶店
友達
過当
周回
農業
回遊
旧館
仏像
食用
点灯
同船
物心
成形
散水
教育
競技
清記
再現
低調
点頭
特進
可口
生成
注意
安置
散歩
弱者
分筆
試写
厚司
厚子
農水
文節
開場
記号
開城
校正
理想
上水
面皮
公共
別院
素人
投下
加減
付和
成型
不評
共起
兆候
確立
同人
制動
同省
過冷
個別
生動
夢死
無始
無歯
飯店
極寒
図解
土台
標記
国王
上着
全国
対応
考究
行休
講究
南無
公子
連戦
億兆
億万
保佐
各界
参加
次期
駅名
具体
休電
給電
信心
進入
心配
白人
皮肉
重厚
受学
側面
養命
会合
国内
示現
白紙
重点
石庭
営救
感覚
合点
保守
合性
梅酒
次回
無子
無茶
会談
所期
不通
手術
対置
長屋
加工
観光
適用
付会
夏季
気死
実質
同国
人肉
不正
細精
習合
非行
低率
相待
着地
過食
開戦
東下
等化
花見
口語
進歩
王国
青銅
計都
実数
要心
再思
大魚
書店
非礼
不明
防止
中三
化体
検算
験算
本表
考察
支給
提起
転記
遊飛
的当
牧草
強気
面責
県外
厚生
確答
急性
小額
投入
編修
対立
報道
水夫
愛用
必要
税金
基幹
正規
季刊
規管
逆転
軽食
地元
山城
季感
周波
助勢
分光
意志
大安
日英
放置
遊歩
意思
逆手
家庭
体験
約束
後部
試作
興起
部局
暴死
帰来
消長
英字
加味
帰化
交合
細分
最好
再製
信任
同苦
着香
保証
草食
何者
構造
所属
前期
石高
内気
決議
作歌
直行
確定
気味
減産
減酸
草書
非情
実現
内省
仮植
仮定
帰加
工合
兄事
固辞
同定
固持
答申
要約
温製
先頭
投身
東進
結合
厚顔
次官
不幸
無知
新居
選炭
通達
不安
弱気
林業
勝気
加熱
気弱
顔黒
気早
気任
中深
乗気
不慣
不様
無様
真逆
改選
転科
兵長
改元
開現
会戦
少額
同参
判示
参議
余分
通気
筆答
参考
正覚
口頭
後手
資生
休戦
週間
運航
転職
何物
比興
勢力
体制
大戦
宿衛
新市
切開
開通
香水
次数
陸上
植木
上司
仏法
反転
回議
青春
冷酒
低下
手取
連敗
工事
可楽
他県
参究
生害
投球
協力
対戦
登極
半転
物件
丸型
確信
男児
開平
楽団
紀念
告解
対照
地図
事犯
本番
問注
花粉
大笑
標定
不実
薬湯
書類
当選
不順
焼成
角行
加里
水素
得点
勇進
深厚
本家
投書
分節
戸別
合法
生天
時点
対局
適応
頭書
表示
分課
夜食
規制
転地
転置
各文
再刊
修学
深切
総額
規定
歩行
山高
県道
新作
分設
共感
均等
後場
帰合
厚労
作曲
商量
売春
手配
明神
参向
参校
道理
分界
印象
低級
命名
安神
火木
高温
不意
無線
温良
高名
習学
火金
軽率
入城
入定
暴走
要人
欠課
中略
風習
有余
便所
課税
的中
東北
客死
伝達
合一
仕官
勢長
解放
課金
根元
清楽
進行
自衛
非分
画一
行列
正直
新築
発注
平均
院内
貸記
切土
宿次
書損
事例
足算
早弁
引算
表出
店番
油通
来崎
楽書
決定
自判
急増
在任
念持
応用
確聞
和解
公表
車庫
半間
利下
大損
好適
信用
物流
回答
軍兵
差図
指図
作動
実体
世態
馬車
本島
限定
静観
境内
両日
速答
増大
減色
減食
語末
着荷
着果
調達
本土
自記
平地
上達
調波
編制
足元
黄緑
春雨
投票
経験
制限
散布
出現
天地
音信
業種
死別
風化
主唱
首唱
配流
語用
書状
組織
動転
側頭
同行
修行
船員
発行
階上
川辺
神宮
電話
時計
有毒
歴仕
深考
深耕
進向
進航
進講
声道
等級
明記
燃焼
武道
海産
世話
正心
感謝
行進
自転
放冷
栄達
各戸
計量
分断
塩分
協和
悪名
写生
相関
米英
帰商
族生
続生
長大
南下
仮設
対外
連発
会食
小型
戦隊
同駅
石室
終演
主義
出版
月歩
出産
入山
作文
変死
交信
後進
深山
対治
大地
日仏
発散
高進
航進
証明
相談
他界
研学
失業
真水
前歯
過大
観察
強制
先発
同名
画像
地質
住寺
増長
末席
精良
保香
紀元
通行
復号
養護
寄港
寄航
帰岡
帰港
帰耕
帰航
起工
起耕
子細
竹林
毎年
出山
先報
保全
採金
参院
丁重
土木
複雑
冷静
運転
強記
首位
重心
不精
開業
定置
給水
消化
築城
移出
導水
志望
年数
合算
強行
年末
発話
塩化
苦学
共耕
接待
無情
原語
小麦
笑止
実用
発見
林道
改修
減益
生下
夫妻
給食
高談
笑面
乗船
通学
学習
減少
国税
接続
送進
航海
不興
富強
再興
治外
発音
別居
保助
移建
進水
健勝
航行
極道
失礼
再考
再行
採鉱
殺人
玉子
南行
病死
予約
意識
雨後
考案
首相
代金
安保
生別
明示
神通
雪山
前進
講解
国府
下町
日焼
移行
帰隊
好評
親分
交会
参上
師利
心会
同化
無事
方正
横過
黄化
開港
前兆
休校
休耕
休航
休講
急航
東上
表明
平板
和合
自由
総理
提議
提示
判別
幸福
死産
代置
北東
番号
実直
順序
標的
別送
応分
確保
調査
乗組
快談
解団
急造
現職
光栄
取用
自書
試乗
他所
半成
不能
分枝
幸運
親祭
選別
代行
連結
和風
大形
自作
治領
軍事
合同
静養
付置
布置
温浴
禁止
正用
改正
主計
起兵
広博
所持
任限
減軽
減税
参観
組成
入浴
放言
関連
寄留
単調
通報
破産
感受
同居
同然
分散
道順
陽性
引照
引証
回航
開校
開興
地中
中火
番外
未定
共立
西北
発明
領会
領解
冷寒
安打
客室
図式
世父
正負
西府
多量
炭化
便利
完投
完登
水平
低温
不潔
未練
火急
均一
原因
好運
作成
花屋
無力
起因
苦戦
競馬
交遊
実検
実見
重度
登営
米中
方角
有用
歴史
合手
北口
仏的
会話
苦味
主張
設定
富有
平方
常飲
精細
同感
分業
平行
連用
極度
弱小
代用
有益
連勝
横暴
健在
国道
小食
親愛
順法
適中
美食
本名
寒冷
強健
軽利
後置
消費
多才
注加
不備
無能
温厚
温和
仮空
果決
起業
軽少
極悪
少食
書道
自明
清潔
正則
絶険
達筆
多望
多用
直角
悲酸
貧弱
変則
保定
無害
明解
有限
老功
暗弱
歌人
温順
快活
開講
快美
下学
各表
機活
旧式
休息
均質
軽便
希有
潔白
険悪
険相
下直
高潔
高直
最軽
最弱
最美
参館
失当
質実
小弱
深遠
新式
神速
重悪
授業
受験
順良
情弱
清白
清絶
切要
絶美
絶無
全一
息災
多音
多芸
多識
多病
短気
短小
大力
近道
中速
低能
低平
適任
鉄火
伝法
等質
得用
徳用
動員
同格
能弁
博学
博識
博大
非力
貧小
貧相
病気
病弱
不易
不群
分外
文弱
分任
平明
別様
豊満
暴悪
暴横
暴逆
無学
無欠
無下
無芸
無根
無際
無徳
無毒
無筆
有角
有責
有節
有的
有能
老実
和順
運行
基因
集約
商売
登録
発給
利発
遠大
材料
省略
説教
改号
全県
復帰
変光
王手
帰院
強風
告白
半月
類似
里山
板書
立正
幹事
居留
自立
制約
着色
読字
配水
発覚
両市
県境
公司
無道
因果
晴和
殺生
入用
反応
付属
育成
教科
競争
識別
直交
直航
付加
平易
満開
横着
焼身
直線
肥厚
礼賛
和適
検証
詩作
数額
成約
転形
婦女
開示
試算
新任
発売
筆写
飛動
指導
出板
親任
乗算
通過
転向
任用
発車
報告
流用
金城
受理
導波
道破
入金
本章
合図
画定
終止
次代
製造
精読
大別
発会
表情
負荷
本式
名曲
南部
回向
教訓
出力
転校
飛下
返上
成業
成立
布教
野生
解答
開葉
訓練
検眼
弱体
定常
母印
利水
結実
情報
前場
手前
移送
回付
寄声
寄生
帰省
規整
規正
帰属
見性
代理
検定
集計
養成
立案
回頭
快投
交代
通用
放鳥
遊息
要記
回復
省察
精察
発光
標示
復員
服飲
平静
起行
作製
受信
提出
転航
発効
残業
次女
直面
放念
命令
造園
命中
略解
輪講
管制
挙上
混浴
水練
通約
破損
不在
名作
感精
減損
高価
集散
制定
相続
中耕
木日
研修
測定
転調
発向
法令
夕辺
正言
増台
熱中
保衛
面会
安静
結集
賞用
信受
親授
自大
準備
通算
同室
経過
混同
戦勝
全開
題額
茶屋
服務
歩測
量産
解決
買物
強調
酸敗
支配
出張
水準
製版
着目
道里
変身
本神
休職
議決
耳語
理会
海食
解職
建言
建設
講習
守護
設立
通園
布達
海童
解同
開堂
開道
欠食
講評
得道
法王
輪唱
求人
減資
資助
接客
増額
統合
南高
不覚
印刷
改行
求職
休養
効用
種植
通交
通好
通航
登第
人手
付近
演技
救養
給養
禁固
検察
市井
質問
出演
増加
定着
導引
敗北
病木
各地
公定
取得
身読
続出
年令
化石
急進
競走
検挙
出頭
図示
生長
全快
損失
保有
活性
学修
休心
休神
賛同
始動
集積
定数
説得
送検
団会
茶利
服用
安産
参堂
在住
雑食
司会
選木
想見
総見
徒過
何流
面接
予知
群集
再問
参賀
試演
証印
着用
通商
本元
要言
営建
開会
解体
講義
工作
再築
修習
拾集
取水
増産
治産
注記
調節
悲観
表白
予想
悪行
液化
開所
帰順
共栄
協賛
許可
出金
唱和
初等
想起
転作
導入
判断
仏参
来基
建築
出火
受検
節約
送気
入道
判定
風選
保育
往返
黄変
合宿
経理
決算
検出
現像
減点
固定
出資
真理
実習
早産
調香
長考
直通
道楽
年報
発言
布石
保管
要求
圧死
快復
教官
下落
減員
照合
新設
親和
調停
適合
保持
用法
流動
愛好
解読
観賞
帰休
協定
軽減
形容
欠損
借金
取材
申告
受業
受賞
整調
選好
増員
団結
復旧
会読
急死
失敗
進宮
親告
増税
直結
特定
入手
配分
横領
風雲
限局
参入
指教
示教
司式
支出
復元
変形
予測
悪用
荷電
決心
講和
合意
出仕
持続
常備
整流
先導
中断
投合
努力
面談
予報
流放
録音
衣服
応唱
音質
改造
改定
感得
合唱
協調
清書
耕営
講話
告発
失走
自殺
戦死
測地
打破
土着
入荷
白熱
返信
落下
練習
往来
改制
改製
覚得
採炭
進級
新人
神兵
自足
製図
速報
造林
多謝
断食
調和
定位
転給
発令
領有
解明
記述
起番
減給
言明
護衛
出願
招来
自選
成道
上陸
水泳
整合
製材
想定
速定
増強
増進
増発
談合
調合
低出
低迷
白状
付着
復興
防衛
連立
録画
永住
応化
開園
下問
完走
観望
帰国
急減
競合
議会
結成
決戦
国交
在庫
在留
司配
主演
臣属
自証
実証
設備
選考
先勝
増刊
造成
調印
調練
直感
直観
通院
提案
低減
定住
特化
反則
判明
肥大
復活
分家
平常
変心
防戦
来所
落成
立証
流入
連破
悪投
栄転
演習
価額
検札
耕運
混雑
作刀
賛成
算定
使送
試走
受講
選鉱
増価
続行
台風
代弁
着手
中絶
転落
特集
入居
配布
比定
服事
付言
返金
別記
弁護
明言
要望
来朝
落札
安息
移乗
移城
移転
遠泳
横断
往復
開席
可決
完勝
感賞
観照
関説
完敗
休会
休業
給紙
競泳
曲折
禁酒
係属
国歌
再演
山積
志願
敗欠
拾得
出世
出席
守備
植林
進軍
自修
自習
辞職
辞任
受注
上申
常置
助力
生息
接種
送付
足温
造形
単行
着服
通知
通話
伝送
独走
独断
入札
入所
念願
配達
発現
復原
復唱
分配
養育
来場
連帯
移住
遠投
応対
開花
解禁
改測
解隊
開隊
外在
外反
学問
合本
記入
急落
局限
曲言
極言
計測
経由
再燃
産生
集金
終結
集結
習得
手交
出費
消去
商談
消毒
持参
実測
授賞
上演
乗務
助長
先述
選述
選定
速決
対決
対談
大破
談話
着任
直営
直送
直立
追求
通告
提言
転貸
伝導
伝道
得票
入港
入寺
入堂
敗戦
配線
配当
発想
反復
反落
筆受
物色
分岐
包容
防水
名状
由来
留年
連係
連想
暗記
暗殺
暗算
遠引
開演
改札
化合
仮授
加授
下線
加入
完結
合作
気絶
起票
校合
共鳴
近接
句作
係留
欠席
決着
決断
決別
建国
現出
交易
口述
告別
合囲
合流
査察
参列
在校
雑談
死去
試着
集客
集信
修得
周遊
集録
出家
出動
照査
進空
新修
自演
実演
受精
乗馬
成仏
生育
製塩
政転
正転
接近
節制
節税
選球
選任
絶望
前述
率先
増悪
大挙
大言
直属
提唱
転医
転居
転写
転戦
伝言
電導
伝来
道取
内示
配信
配付
発送
発熱
半減
犯則
非議
筆算
便乗
複製
付帯
変位
変移
報復
北面
遊説
予断
来島
流出
留保
輪作
連関
練修
連接
愛育
圧勝
安住
移入
移民
印字
永続
応待
応談
快演
改貨
開化
改組
解任
開票
改名
過信
加上
火定
感化
感荷
管貨
観念
願望
帰県
寄住
帰住
急報
究明
給油
共演
鏡検
共作
教習
協商
曲説
曲解
許容
逆算
空想
空転
空輸
訓読
具現
具足
決起
結線
血戦
決意
欠場
検品
下向
下校
解熱
減反
向首
後述
後伝
告示
混作
混注
建立
合議
再転
採点
作画
刷新
査問
散見
参朝
算入
賛美
残留
飼育
失格
失望
失明
謝罪
修復
修養
笑談
進言
進転
自賛
自得
自任
自白
自負
弱化
受行
授精
受粉
順守
順接
上告
成育
精査
精通
整復
製粉
精米
整列
積算
積分
節酒
節食
接着
前定
絶賛
送金
想出
送出
早着
走破
想望
測量
卒園
造型
造進
続落
続航
大敗
待望
達観
談義
談議
断言
断続
断定
断念
着信
着陸
注入
調味
直進
追究
追給
通関
低唱
停戦
停電
点在
転任
伝授
伝線
電送
伝動
当直
投薬
特報
徳化
特記
入園
入館
入校
入行
入省
入賞
入植
入門
任命
配合
配車
配属
配備
配列
破断
発走
発病
反命
筆談
貧血
風聞
付議
服役
復学
復職
復交
復航
付録
物故
文通
分列
変質
変速
返答
返品
勉学
放送
保養
保留
防音
望見
防護
暴発
墓参
迷走
勇断
予見
予言
予告
来院
落後
楽勝
立件
留意
類焼
歴任
連打
連動
愛飲
合着
愛護
愛重
圧殺
圧接
圧雪
圧送
圧着
圧服
圧入
暗合
案出
暗唱
暗示
安着
暗転
案分
安名
安養
移居
育休
移設
移築
移着
委任
移牧
引決
引見
引責
引接
引湯
飲福
因由
上木
運休
雲散
運算
雲集
運送
運筆
栄進
営巣
営造
泳動
永別
会得
演出
演説
遠望
横行
往生
応接
横転
音写
音読
加圧
改悪
改易
開学
開局
回訓
改作
開札
改質
改新
回達
開帳
開張
開田
改任
解氷
開表
開門
解約
開立
回礼
解列
科役
加温
家居
確言
確約
仮作
仮借
下達
活写
活着
活歩
加配
加筆
完泳
官給
感泣
官許
観血
感合
感作
感通
感電
完読
完売
完備
感服
完歩
間歩
官遊
外切
外接
合州
合評
起案
帰一
帰営
帰英
帰去
起居
帰結
帰参
帰山
起算
寄宿
寄進
帰日
帰入
帰任
起筆
帰服
帰福
帰仏
帰米
記名
起毛
求愛
救育
休演
給血
救護
救出
救助
求積
急設
急送
給送
給炭
急追
急転
給湯
急熱
救農
急発
給費
求評
給氷
急変
急冷
共愛
強圧
協演
競演
協応
協業
教護
競作
共唱
強直
強熱
強弁
協約
競落
教練
局在
曲筆
曲練
挙行
挙式
挙証
挙示
去勢
曲行
挙兵
挙用
去来
起立
禁圧
禁絶
禁足
禁断
金打
均分
義絶
逆送
逆用
逆流
逆化
牛飲
行水
行道
空運
空発
空費
苦考
区電
訓育
訓化
訓告
訓示
訓授
訓電
訓導
訓令
具申
具備
具有
群泳
群居
群植
群発
群飛
群立
軽信
係船
経略
結球
欠失
血書
欠相
結着
欠配
血判
結氷
決絶
結像
結団
結約
欠落
欠礼
検案
件引
検温
建郡
検束
検波
建白
検便
検量
下船
下天
解毒
下阪
減圧
減塩
限画
減殺
減車
減水
現前
現送
減配
減歩
元服
現有
公許
行軍
広告
交雑
口受
口授
公述
講述
交接
講説
口達
講読
好発
公売
極似
固結
固守
固着
混結
混血
混交
混在
混焼
混植
混色
混食
混信
根治
混住
混戦
混線
根絶
混走
混態
混入
混配
混迷
混用
混和
号泣
合級
強殺
合築
合有
号令
護送
護念
言上
才覚
再挙
採決
採血
採取
採種
細述
採石
再説
細説
妻帯
再伝
再読
再版
細別
採便
採油
再録
採録
再話
作案
作字
作図
作説
作表
作病
作仏
注油
作興
殺出
殺減
察病
査読
山居
散花
散在
散財
散宿
賛助
算測
産炭
参着
散点
散発
在位
在役
在園
在荷
在国
在室
在宿
在職
在城
在席
在朝
在天
在府
雑居
雑交
残害
残置
使役
止血
死守
止宿
失火
失禁
失血
失笑
失職
失心
失神
失速
失言
失念
失落
試読
思念
思弁
支弁
支保
試問
舎営
借財
借問
借用
社告
写書
謝絶
写像
集荷
集貨
集居
集材
集取
終息
集束
修築
集注
集熱
集配
終売
集票
集列
修練
習練
取経
祝歌
祝賀
宿直
祝福
手写
首実
出京
出句
出庫
出札
出社
出走
出炭
出府
出兵
出芽
出題
出土
出役
出遊
照応
商議
照準
焼損
商定
唱導
唱道
小破
照破
小別
賞味
初演
食害
食言
属望
植毛
属目
書見
所望
所立
信愛
心願
申述
信順
深達
申達
進達
進発
信服
心服
臣服
自活
自害
自学
直書
直達
直答
辞去
直話
自決
示達
実査
実写
実働
実動
自適
自弁
自問
重刊
重合
重刷
重出
重版
重来
受音
受授
授受
受像
述作
受電
受任
受配
受命
入来
準行
順向
順行
順適
準用
順礼
常住
上述
上接
常設
常直
上程
助演
助走
助命
水書
数引
図説
制圧
製出
整序
精白
製氷
製表
西望
精油
製油
西来
精練
積習
責問
赤化
説経
接写
節水
接雪
折損
折中
説破
折半
説服
説法
設営
切願
接岸
切言
節減
接合
説示
接受
説述
設題
節電
切望
節米
設問
節略
節録
選歌
選曲
先議
先決
選評
選文
絶家
絶食
絶息
絶命
全休
前借
全通
全敗
全有
相愛
送液
送客
争議
送受
送水
総説
送達
送波
送本
総和
送話
測算
速写
測図
速成
速断
速読
祖述
速記
卒去
率服
卒起
卒読
率由
素読
増圧
造営
象眼
増給
増結
造血
造語
雑言
増刷
増車
造修
増植
造寺
増水
造巣
増速
増多
増反
増置
増築
造築
造鉄
造都
増投
増頭
増波
増配
増費
増便
増兵
増率
増量
続演
続戦
続報
続刊
体現
帯出
体得
多作
他出
多食
立食
多読
単作
単伝
代位
代願
代参
代読
代筆
打算
打設
打電
断交
断行
断罪
断種
断首
談笑
断水
断切
断線
断絶
断筆
置局
築成
築造
知得
着意
着衣
着岸
着眼
着水
着生
着席
着雪
着船
着想
着帯
着隊
着電
着筆
着味
茶事
着京
着金
茶変
注水
注力
朝賀
張行
長欠
調質
調息
長息
調弁
貯金
直衛
直言
直仕
直上
直読
直売
直流
貯水
直覚
直帰
貯留
追考
追試
追念
追録
通観
通計
通作
通水
通底
通電
通読
通分
通弁
通有
付合
低回
停会
停船
底通
低頭
停波
停留
適飲
適食
転位
転移
転運
転学
点眼
転極
転業
転質
転社
転借
転宿
点出
転出
転住
点定
転送
転属
転読
転入
転売
電解
伝習
伝受
伝世
伝聞
投宿
投出
投石
統率
東流
答礼
特出
特設
特選
特待
特注
得度
特配
特発
特売
特筆
特約
特立
特訓
徒費
同車
同宿
導出
同席
同流
独演
毒害
毒殺
毒死
独修
独習
独唱
読唱
読図
独任
読破
独白
読話
読過
読解
独居
内応
内決
内検
内見
内借
内申
内助
内切
内接
内属
内達
内談
内転
内分
内聞
内命
内約
南進
南面
入集
入営
入京
入局
入庫
入構
入質
入室
入信
入説
入村
入隊
入団
入地
入着
入朝
入電
入島
入湯
入番
入府
入北
入明
入林
任官
熱賛
熱愛
熱演
熱願
熱読
熱望
配管
配給
配植
配色
配食
配乗
配石
敗走
配送
配点
配転
配電
配本
配役
破顔
破折
波食
破水
発刊
発根
発色
発付
発布
発案
発育
発黄
発芽
発議
発問
発来
破敗
破門
反逆
反言
半周
判読
反問
倍旧
売約
馬耕
馬食
飛去
飛散
費消
比色
飛雪
必修
必敗
必発
必読
筆問
筆録
肥満
氷解
氷結
票決
表決
評決
評唱
標別
氷冷
品評
病欠
秒殺
風食
風飛
復円
復業
服罪
複写
復生
復席
服属
復読
服毒
復配
復命
布告
不参
付設
布設
復刊
復古
付番
付保
不夜
粉食
部属
分球
分合
分宿
分水
文選
分村
分属
分電
分売
分有
分立
分路
平章
平身
平定
平分
変改
編曲
返血
返照
編述
変節
変説
返送
変造
変通
変転
変敗
返付
返弁
返報
返本
変約
変容
返礼
別家
別注
別言
弁解
弁明
放下
放去
報祭
放散
報謝
放水
放談
放電
放任
放熱
放馬
放牧
包有
放流
北流
保形
保合
保続
発起
発願
発念
本復
暴圧
防圧
暴飲
貿易
暴食
防石
防備
暴落
満水
味得
味読
脈動
夢想
明察
鳴謝
明断
明答
鳴動
迷入
面授
面話
目算
目送
目測
目礼
問罪
問責
夜営
野営
約言
薬殺
約定
約分
野合
由因
遊泳
遊観
遊興
遊行
遊日
遊牧
遊歴
輸液
輸血
輸送
輸注
用談
要談
要略
予覚
予察
予習
来園
来演
来往
来会
来局
来校
来航
来住
来村
来談
来着
来任
来阪
来福
礼仏
来米
来報
来遊
落手
落城
落石
落雪
落選
落第
落鳥
落鉄
落馬
落筆
落命
落球
利確
力泳
力演
力説
力走
陸生
陸送
立説
立願
立言
利導
略言
略取
略述
略説
略筆
略記
略挙
流下
流産
流失
留出
留心
流送
流注
流伝
留日
留任
流連
留連
領受
領属
領台
両断
量定
両倍
領略
輪転
輪読
林立
類比
流転
流布
冷飲
冷殺
例証
冷笑
令達
冷評
歴観
歴遊
列挙
列席
列品
列立
練行
連作
連写
連取
連乗
練成
連判
老成
録取
和楽
和談
和読
回心
化育
改心
改進
開申
下行
下部
間作
省知
自答
人立
精選
節限
代決
定植
低落
答弁
度外
入養
発出
発受
復位
分取
分出
北進
本有
輸出
和協
回内
教導
口唱
固保
再任
作詩
差配
終決
内通
入国
入線
判知
油断
陸工
陸行
連記
回申
回読
関係
護持
在社
信者
築設
中身
入選
布令
米食
包囲
絵本
各種
査証
証言
正対
公選
考選
航戦
交利
公理
功利
興利
高利
査定
支判
節用
属性
代言
代書
熱唱
風発
北西
木戸
公告
国花
黒化
告期
戦後
想化
飛来
大橋
交戦
内用
予期
余白
加給
減失
出港
初版
内在
別売
明転
問答
外注
減量
自走
選句
年少
予感
苦笑
具状
下乗
参席
答電
条例
治水
独航
外部
橋台
経題
鏡台
試験
水死
追記
統計
改築
宮内
高能
整美
精美
助産
力行
果報
仮説
寄書
招集
自給
受容
水位
上向
外化
強打
出校
出航
出講
持久
兵卒
青空
起原
固化
大軍
発意
倍加
例外
順化
感取
君子
再検
氷上
水際
太極
内向
領置
移配
開国
集字
集治
帯同
西側
冷水
原木
生計
留守
応札
混成
混生
混製
同情
造立
内観
山上
定立
逆言
効験
指名
羽化
雨下
全治
連行
木食
組員
再議
産後
指命
照会
焼失
整備
店内
取引
消失
同乗
防風
参戦
円高
女人
新橋
察知
素材
馬陸
両親
検地
北方
周章
受用
仮現
横死
整地
静置
加勢
化成
火制
下付
基原
苦心
順番
水浴
農大
印加
印可
引火
減石
造設
出国
新調
何時
部品
土器
分留
変成
雨雲
帰船
駅前
共食
時新
自心
年表
質素
進動
束糸
改印
開院
好古
定休
破格
物理
無効
園長
観取
再選
再発
参府
両足
口答
消殺
焼殺
笑殺
口内
発信
下城
上場
味解
賞品
可住
語林
死生
増作
長遠
京進
協心
公約
品質
相当
対交
対向
対校
分乗
回生
発進
走査
野菜
上官
送球
立見
電力
国司
試技
送像
独行
産出
指南
検知
昭示
心中
見世
無限
公示
酒造
主理
苦手
交際
勇健
楽屋
軍団
側聞
県名
反航
板行
版行
来社
転院
統制
行灯
生得
来下
機序
薬物
好転
寺官
寺観
時感
耳管
自館
辞官
夕日
代作
口上
木工
機動
高三
外側
軍楽
小包
朝刊
意解
漢字
経始
全勝
全焼
老化
公転
耕転
作付
参照
漢気
国語
市内
学道
白鳥
帰衣
減速
刊行
急告
打開
有声
応答
調薬
美女
試打
総力
植皮
小豆
回想
救治
給事
給仕
長管
快走
故都
朝陽
回送
同調
現示
出向
深謝
大賀
文部
改題
解題
各数
事情
交付
製紙
税率
反米
休学
終漁
製本
都師
例示
周航
知照
破約
門構
土手
南国
青葉
夏期
完工
完航
感光
起草
軍隊
帰天
帰店
修交
修好
正士
谷間
平復
老年
応戦
馬上
体動
学内
検鏡
験鏡
出荷
帯電
移動
夏草
寄食
造反
分県
文明
報身
仮想
歌話
気道
死貝
小国
所管
自体
立身
立直
外遊
逆上
使行
支行
死交
紙工
試航
北道
陽転
強要
試金
花期
句切
残高
包交
報行
豊鉱
横眼
台積
悪口
接戦
半紙
用船
火中
金門
下主
下司
下種
公布
茶人
下記
完治
頭側
告知
航続
変数
公族
全集
当用
音量
精進
女児
年率
条約
海魚
再三
精子
洋犬
公害
前部
空中
正使
運化
植字
世子
政史
政思
正思
精思
製糸
青史
青糸
注解
通風
衛生
学芸
主管
毎秋
心苦
帯刀
人身
神社
日参
米兵
通帳
照見
理工
旗手
実態
全周
全州
全習
和英
文語
養父
灯用
等容
予熱
反古
同店
冬用
米比
器種
寄主
期首
機首
記主
起手
起首
黒鉄
湯治
追手
支店
大名
町方
来観
油分
観測
採食
地米
奈何
小品
設置
前世
愛車
回国
品物
白書
都税
見知
参内
散大
自知
左刀
差等
件制
鉱害
登城
量子
構外
港外
香害
建成
校外
大界
不運
谷戸
禁制
松竹
区旗
減算
町家
花火
気力
清遊
分地
分置
聞知
下命
外人
市制
司法
前半
多感
登校
立木
動向
花器
武門
元加
新興
築地
高速
地法
大息
火気
過期
太息
改良
前記
円堂
半焼
反証
洋行
細評
相図
化境
発火
付記
快気
古木
消散
賞賛
女史
何十
引用
司政
始生
市勢
示性
詩性
上府
官治
感知
管知
関知
下馬
市政
資性
東側
不定
工程
字数
家事
期待
帰着
葉書
人神
人臣
深信
深心
早口
移用
確証
増益
休部
基底
進出
校庭
極楽
自失
共編
口底
広庭
後庭
校定
航程
高弟
黄庭
増設
他家
改版
解版
正史
農産
飲用
科技
主君
大書
多雨
同港
付表
徒長
楽天
前出
子象
分流
帰城
曲名
広用
後葉
耕用
鉱用
休場
再会
車両
小数
増資
白字
変名
河童
漁村
広量
上空
調進
目標
海老
府内
歌声
戦争
建物
原付
信知
加持
客土
始語
子午
詩語
識語
防守
同高
北星
交子
光子
公使
厚志
好詩
後市
校史
考試
高士
高師
高思
国保
類別
港市
生後
内数
主戦
文武
意図
野辺
現役
在官
社員
医薬
木馬
組立
検注
遠海
情死
同好
大義
他言
表側
同校
道交
電車
同効
同工
同鉱
同香
導光
銅工
銅鉱
好色
果断
管区
支局
両分
地酒
別命
群生
深緑
白化
色分
帰朝
下戸
最大
家書
歌書
課所
高額
和平
心理
告祭
国士
転生
湯守
功業
変色
赤地
見当
商業
漢現
元日
台所
養生
川面
内議
後見
計器
県側
国教
史話
指話
詩話
対比
加判
計機
軽気
同道
糸冬
紀路
黄地
中文
定時
分限
太陽
保険
加算
気管
親水
年賀
義和
試食
店頭
和歌
後円
後園
後者
中産
追想
追走
府省
絵画
格子
面相
海原
工大
静物
勇戦
気場
復調
子犬
国土
身方
列記
防空
基金
公団
美音
音感
軽快
総会
養性
候鳥
代講
代香
中散
昼三
造機
分省
分章
文相
足軽
黒地
考量
実像
暗黒
自生
整正
地位
登行
移管
公安
賞状
口約
総持
打率
総社
地平
小町
史外
同件
同見
所由
白丸
古町
新生
家政
性別
内食
年官
広場
西岸
兵器
提打
課内
共生
国名
南風
悪声
悪政
公館
再起
信号
英米
開始
倉口
草高
走向
全日
総体
版下
家具
助士
助師
序詩
年刊
商工
自制
総隊
草体
直接
週刊
自省
自製
本物
過程
個客
始発
周刊
州間
秋官
終刊
病因
非時
飛耳
月面
不治
不知
長刀
舎利
精製
下道
中型
問合
各紙
学規
週休
西下
絶交
天上
投足
移調
進学
水酸
資格
性活
政活
流星
印行
思案
由花
酒店
地声
短歌
公言
小形
男声
内包
広言
高言
先方
人工
水食
医家
数式
戦略
耳元
館内
主法
容積
小序
任期
代謝
中隊
開三
開散
境目
自首
図上
政都
正都
医事
医士
医治
意字
加階
勝馬
賞美
自守
年別
半球
油化
採算
左折
神木
法式
前接
都所
変字
別人
回護
商家
成犬
政見
生検
精検
真夏
常費
妻君
予算
余生
中性
冷情
当主
先見
中正
後住
島主
頭首
変事
編次
新顔
大屋
復習
字句
形情
景情
主導
商法
右辺
皮相
学職
学館
労組
歌曲
市学
志学
試楽
墓標
反例
木地
構想
破口
分周
他覚
防災
赤面
算出
下側
送電
労力
本屋
欠航
決行
根気
相伝
多動
終業
中進
札所
業過
同社
苦情
始覚
死角
詩客
詩格
声楽
本格
格差
語頭
松根
転成
今日
漁船
赤飯
天開
転会
不合
中新
半島
逆様
社線
車戦
長者
小船
入舎
入車
改変
改編
句間
苦寒
興会
逆向
人世
木像
考査
指示
道場
大小
性格
断長
木化
区切
仕法
市報
死法
示方
詩法
早世
間代
医者
旅館
建議
検死
参進
省部
図会
都営
歌集
自働
多額
他面
当市
眼前
高下
最深
親字
始業
水気
伝写
北部
見参
同通
放題
法定
無功
無向
無香
当方
部数
目付
児童
開板
交情
定考
鉱場
市側
大賞
東口
木芽
旧州
旧習
球周
常連
南口
快調
本類
約書
好配
高配
船首
全身
足許
最小
算当
全曲
古像
鳥屋
流会
学院
先主
戦守
線種
船手
船種
統主
屋上
歌手
小節
本社
課目
語数
市松
主働
主動
車館
資料
放課
旧里
究理
細書
大河
立礼
初句
代数
東境
年次
解消
機内
死戦
熱発
農楽
金星
東部
文書
平治
分数
後送
航送
同期
能楽
来集
支持
正人
体重
親元
快勝
点状
転場
鳥居
無化
会商
辞書
柱角
木具
記事
弱年
長姉
町史
長史
長詩
鼻水
名画
和気
語原
初世
初生
書勢
西人
多能
語感
試料
点数
文庫
英勇
番付
暴行
進化
歌句
志料
詩料
転機
焼印
合理
再信
南洋
眼付
色白
画格
画角
賀客
区史
細工
地許
養老
区市
辺境
医院
大日
政投
正東
青灯
協同
体力
長魚
通夜
漁業
差損
仕付
食肉
人気
野鳥
化現
鉱業
仕合
動作
声母
下根
秋水
送状
魚屋
支社
年配
倍数
主機
中元
結綿
医員
興業
食道
代入
追歩
馬場
戸数
朝会
刀利
土間
経費
採長
差額
師事
親等
転身
今号
根号
西紀
用兵
北側
金銅
小像
正像
転進
貧究
大物
起義
銀光
銀鉱
公刊
国見
詩画
準位
外照
外省
近似
高官
月表
上方
講経
航業
主気
酒器
適帰
米紙
方言
喜字
帰寺
使者
全道
体部
他馬
当期
公立
宮家
勝計
小計
体外
文鳥
老死
海保
過差
家人
深化
同府
仏経
文調
文長
公国
神化
分町
名技
歌語
対加
読書
仲間
現象
職任
声名
土中
年礼
梅毒
申入
進移
各日
官船
官選
口調
待命
同数
味見
原型
回状
階乗
学卒
立地
気動
気導
学制
学政
楽声
空港
寺院
時数
府試
花道
仕度
常時
水神
制令
政冷
正例
体半
朝礼
書記
大害
大街
年頭
楽章
同館
日額
客足
起用
生損
太山
豊作
州都
序言
生利
流光
軍資
検問
達人
名書
明所
詩心
地標
使信
使神
使臣
始新
近辺
松林
効率
最集
財産
死因
灯器
毎語
未刊
無色
細見
深海
新線
地合
冬季
当季
当帰
投機
人魚
以往
板金
居村
易者
仮面
好物
子院
指印
分包
明目
器物
味感
楽市
天国
気位
月例
台上
台状
大乗
仲冬
柱頭
小体
小隊
台頭
前売
青酸
子葉
指要
紙葉
資養
次点
前者
行司
夜船
対当
下令
家令
家例
表面
別館
内界
日和
平原
子安
断止
語幹
共用
小二
時文
次文
中台
見合
有色
風味
証告
制酸
成算
前戦
本堂
様式
今期
小部
全船
台本
有半
安内
終日
反張
式年
率土
熱投
大陸
用意
下属
外車
義弟
都下
遠景
円型
居飛
個包
主流
心友
新友
真勇
真友
神遊
両者
遠心
短辺
荷物
法科
墓地
民主
水象
星人
燃調
布団
王室
上体
前額
全戦
大万
年調
真先
神風
在日
大器
大基
大旗
待期
隊旗
隊規
中門
上屋
書紀
生母
精母
再変
政道
正動
正堂
精銅
製銅
線路
年増
月刊
右記
屋内
各市
鉱山
対空
気品
参仕
散仕
生協
勝軍
素子
転付
群島
時限
手続
送配
輪差
周統
図中
先行
相似
同島
駅長
清松
調色
客語
表具
過小
過少
角界
上院
後夜
同意
右玉
朝飯
河川
器具
見本
最速
借区
体面
分所
合羽
全英
公労
黄老
本末
林木
和製
公空
高空
常菜
絶句
念経
細則
世教
政協
政教
清興
西教
対気
開館
官版
管板
季冬
起頭
品格
国体
白目
臣事
上限
高塩
動労
平民
有機
健緑
製鉄
戦場
海戦
有事
紙本
話声
初月
常火
情歌
情火
条下
校注
茶帯
同点
城代
馬首
局注
戸口
店名
電波
英明
会期
右馬
心身
台木
衛星
火管
校書
競書
毛糸
光月
人財
責任
興信
心王
神王
神能
当町
東朝
等張
内火
皮体
漢語
楽長
木生
木精
英日
才識
祭式
文科
松葉
量目
経木
焼香
上図
多幸
不味
役印
少考
消光
白金
実音
服薬
教委
原住
刀身
打水
横議
南館
小父
県立
好機
左注
各店
他校
多口
目玉
小六
全隊
前隊
前文
整経
星景
正形
生経
西経
手近
都開
黒板
山村
大佐
売上
国営
再送
正経
農用
過労
参会
散会
散開
雑魚
消灯
武力
禁教
黒松
時言
有識
国楽
国史
分子
未完
新物
下流
月光
心仏
神物
木質
課程
所記
自死
半魚
美写
地価
法家
法貨
本機
軽四
公礼
好例
神経
損保
母語
有塩
願力
着付
給田
心木
体象
対唱
隊商
番人
本能
南側
無機
休日
急電
米屋
洋名
用命
陽明
領海
食料
天門
配置
公器
真青
他方
丁者
工期
好投
算木
長居
都合
遠方
光器
口器
口気
好期
好気
工機
広記
後旗
後記
校旗
校紀
校規
耕起
香気
白銀
転期
民官
赤色
上役
解発
景観
産別
曲面
事態
精路
知価
故人
神曲
人性
品種
有期
案定
画面
口分
終着
演示
全軍
大使
米利
旧制
照今
所規
暑気
上意
定意
常委
情意
常態
長所
刀商
当省
投象
東声
日向
間引
有気
遊機
強談
常体
情態
女声
立体
最低
死人
知業
古人
出典
事大
早春
真丸
画本
内家
内貨
足弱
大味
仮初
口悪
黒山
毛深
先高
先安
竹編
節高
横広
衣類
本省
現国
楽句
年高
本期
起死
固体
短大
本記
両件
絵馬
字間
実科
知情
同上
相給
圧力
空車
旧慣
旧観
級間
児息
光風
解者
経時
京滋
計時
長文
本心
雨季
復金
古体
古態
丁種
軍国
故態
生家
全土
地条
英和
茶飯
老後
青松
対生
同市
帰思
期始
起始
高声
厚情
高情
交声
向勢
好性
好晴
好生
後成
構制
鉱政
香成
最強
中品
同週
同祖
同素
土用
仏界
完食
官職
寒色
寒食
感色
事体
町立
居間
火器
間色
向学
好学
講学
音大
社名
書者
大食
手形
頭数
前生
前成
山手
友好
男物
再四
才子
祭司
精度
木刀
本隊
民家
岩戸
関税
楽曲
黒光
建像
自県
水火
水花
大知
対地
台肥
丁年
自隊
実情
他科
地体
挙止
個室
鳥肉
両相
両省
両賞
良相
各軍
死本
謝金
自覚
知性
府民
米機
本証
例年
男前
現行
支部
主基
説相
対査
肉声
売率
用字
駅側
山道
修正
多価
多花
文内
安国
詩人
低起
銅灯
用事
紀聞
記文
球場
身命
申命
神名
神命
道統
放資
方士
法司
本質
名句
洋字
黒星
時規
本真
円照
塩商
演唱
英町
果皮
産品
天機
転帰
妻神
晴眼
正眼
話好
家財
車長
実高
立方
氷炭
婦長
遊水
永業
各式
刷紙
子宮
死体
女弟
対価
要素
両氏
検事
公庫
要事
総量
丁目
別物
管長
検字
県文
天灯
電化
右足
各版
大過
隊歌
判下
付票
名区
迷苦
残照
春秋
典型
東文
荷室
同山
物事
火室
子共
混乗
精農
立話
中形
道徳
筆者
海中
今生
治定
事典
東都
屋台
階数
風切
失行
逆側
始球
糸球
主都
酒徒
遠出
寺堂
示導
耳道
順転
全仏
海雪
埼京
生研
農園
反目
文教
法句
陸軍
園側
金量
限度
在外
死球
祝着
布製
製薬
電荷
共働
買増
教典
書士
水戦
水線
満員
漁師
公算
商調
省長
西土
地勢
土建
報賞
放松
香合
地政
化生
興産
石器
地精
地名
鼻歌
不念
赤気
石基
地生
堂内
言動
主枝
手指
両法
現道
上編
典事
天字
点耳
原道
好酸
鉱産
香酸
受水
前祝
料紙
完新
寒心
薬屋
下役
所修
動物
身分
厚着
共話
証書
自験
初信
所信
書信
自家
長持
西口
鼻唱
空家
下辺
品切
素焼
政客
正格
清客
生客
破行
右耳
焼付
良方
木登
切張
身長
手羽
寄道
居候
色刷
顔負
書置
門出
器質
基質
切死
口聞
小味
先送
下書
深入
巣引
底入
立売
玉切
中日
手刷
手招
長鳴
投売
荷受
荷作
荷造
旗挙
歯元
船出
前受
前貸
孫引
眼配
目皿
焼入
焼打
湯通
寄植
観護
口鼻
後備
高鼻
大黄
目配
足止
古事
参道
外様
導火
返歌
空無
品定
義兄
居士
故事
前提
大豆
横目
覚書
完調
古字
天神
下底
河底
科程
両家
光球
公休
公宮
好球
後宮
高給
修造
中耳
朝報
適季
本態
本場
画用
重陽
長養
刀心
投信
等深
等親
等身
夏用
家国
河谷
島内
肉体
両師
両紙
良史
良師
生気
答文
以東
宮中
元基
原器
原基
光頭
広灯
講頭
香灯
自前
打球
父神
総領
肉用
犯人
王位
回船
計図
対数
多客
長方
筆書
物品
別当
信実
最寄
近代
性器
長調
在京
勝勢
商勢
商政
小成
招生
照星
省制
笑声
他区
別条
英才
今上
禁城
近情
近状
出勢
出精
予防
知命
下表
春時
治下
東豊
日精
日西
判時
半字
犯時
陽気
率法
開落
小指
師部
精機
精気
相乗
中景
夜桜
良法
円天
円転
可食
家職
果色
果食
基物
交差
財団
書家
清規
成規
星旗
清気
西気
仲兄
注型
魚貝
東南
悪臣
験記
星条
政令
大局
代任
定例
道人
兵村
立国
両目
群羊
軍容
性情
性状
正条
清上
製縄
西上
税別
感格
基図
旧貨
求荷
求貨
球果
球花
逆風
国使
国師
国資
黒死
自助
選力
氷河
仕送
上人
政情
快戦
海船
新貝
定度
投法
等方
前衛
白柱
美酒
音色
会報
級化
光行
功候
向光
好光
工鉱
港口
考工
高工
黄口
語言
損益
町法
海洋
漢風
相鉄
運動
母指
快方
暑夏
児女
次序
自序
大群
大隊
白米
肥馬
母氏
移植
下番
漢才
基布
気府
工高
字庫
国富
極上
府会
回天
海天
高察
精肉
不輸
見積
悪貨
起辞
急談
新文
神理
政機
朝政
町制
町勢
町政
調性
鳥声
電器
悪果
石階
洋食
利養
理容
正肉
長編
堂外
番士
暗夜
資産
鼻差
外台
所帯
伝記
季夏
岐下
帰家
起貨
当科
東夏
灯下
登花
答歌
豆果
頭花
両湖
家格
荷客
過客
産休
追分
局所
大雨
古京
古教
古経
古鏡
和差
経師
古典
雑音
法面
墓表
両液
句風
元職
返辞
位相
乗客
地球
中高
平安
走者
組積
愛国
下口
各曲
各極
仮構
加功
化工
可耕
河港
火光
火工
工面
高次
行旅
国改
国界
祭政
公健
採精
採製
散光
産交
商用
門中
悪気
解兵
教院
係争
仮病
資金
賞金
全長
大勝
徳政
復路
行楽
自機
大径
良心
塩土
歌体
年周
反日
夜空
冷夏
各線
大計
対景
隊形
例歌
下体
小四
自責
茶葉
等速
頭足
無地
内金
火湯
火灯
花頭
康楽
証本
辞典
人件
本営
減作
作出
字記
次記
辞気
事前
字典
自店
序刊
青地
管末
希土
治天
青単
家統
重文
美味
仏師
民法
面識
詩編
正北
薬局
教養
東国
動勢
動声
動静
道政
銅青
倍音
学術
市営
食事
対案
同声
両軍
小店
声点
小典
小点
消点
焼点
章典
新参
常識
石質
中肉
右近
外来
口元
殺気
雑益
農政
本位
最寒
細管
菜館
全率
天池
念法
焼肉
令下
学識
気配
小径
生殺
成分
対顔
文句
油虫
各氏
語順
初回
夜光
気体
故意
絵羽
古意
関数
教義
寺務
時務
長期
回路
気前
州県
集検
相好
長目
同園
物体
安宿
下顔
火眼
花顔
過眼
覚支
茶箱
相合
客気
形態
食葉
食養
天変
文筆
教頭
左辺
始祖
造言
小母
貨客
軽口
史官
史観
師管
指間
枝幹
止観
歯寒
歯間
紙管
使側
常水
人選
当所
頭初
余所
利根
歌唱
学歴
黒門
原頭
現当
個的
小量
小領
不急
不協
減等
前妻
知工
過賞
学府
月経
地鳥
清快
役職
支谷
人前
法文
法門
個利
集成
内相
南武
半信
風度
考古
順風
他者
内証
内照
反清
反神
反臣
幸水
合金
心頭
上乗
気象
産能
死馬
修成
修整
修省
赤線
居所
貨利
左図
営事
営自
永字
各点
極東
群間
軍官
軍管
司馬
年商
血液
仲立
言質
間借
悪夢
英辞
前作
園路
今次
差分
秋波
精力
鉄則
標旗
氷期
礼金
神技
後願
鉱水
作者
社歌
信義
心技
新義
深義
真義
神義
文様
下句
新米
船体
先登
屋体
緑道
愛想
向岸
高眼
雑記
列島
周期
所司
地相
様子
機器
島田
法典
以西
活字
木型
食感
新茶
前件
波戸
本局
遊民
白日
保査
情勢
同量
波止
軍手
所当
性春
遊記
良性
色葉
温中
音注
初戦
他犬
他見
多見
頭分
果粉
京間
小勢
天候
湯池
不二
不時
布字
府事
冬服
有故
雨衣
水用
清音
多弁
投地
都計
係官
急戦
旧線
言語
高教
歯芽
心体
心態
神体
人質
氷点
夜色
領事
画分
外商
岐路
結末
語気
左支
初動
常緑
良風
安歩
温水
解元
開元
対極
皮状
良等
各島
各等
客冬
角灯
画期
新型
大極
長波
和食
化土
小門
実子
選対
地点
定番
本墓
大兄
耳鼻
店長
男役
音波
功験
後行
合糸
字例
次例
自冷
辞令
追報
満月
緑茶
左道
差動
茶頭
主体
平調
間貸
悪文
好個
再試
所務
成魚
関所
先体
船隊
大役
要件
上目
英紙
成果
全町
全鳥
前朝
想像
足刀
中金
同州
有職
原職
原色
言色
社頭
戦員
当意
等位
頭位
頭囲
方程
洋貨
陽火
陽貨
養家
兄者
永世
永生
衛正
語録
護録
内角
円建
学食
機体
居城
原鉱
減光
言行
国父
雨師
回教
魚塩
見仏
取義
手技
導液
白丁
仏人
木香
表地
京風
親中
観葉
後語
校語
構語
戦敗
調理
月番
同心
歩合
仏前
満族
管用
間葉
重臣
同書
夏服
引首
思春
主位
主意
住心
重申
重身
増分
台帳
本道
様態
洋間
式中
新開
来館
勝点
金具
制止
毒虫
買得
日間
景石
作間
修証
字母
表化
分団
本丁
無証
栄花
地付
全件
月夜
道化
案件
原題
全犬
動点
無季
無記
用件
感情
元代
出欠
神界
本葉
麦作
大判
紀行
向後
茶室
頭取
養犬
各港
水質
大郡
池中
法治
天漢
金銀
光参
単性
短生
天官
無常
雨具
丸薬
神像
東辺
特委
念頭
本件
持分
要所
角氷
産前
神灯
勇士
液状
金品
別格
目次
和漢
和館
界線
魚粉
工率
損害
直選
名物
階級
期先
知才
名局
青花
紙製
気先
京官
共管
興感
国風
親類
世家
井花
声価
正価
正果
正課
正貨
生果
精果
青果
前身
地災
功名
西進
先祖
兵機
歩調
青字
格率
官寺
寒時
官制
組曲
黒毛
市民
図面
井神
成心
正神
清真
大教
調音
当人
富財
負罪
不整
法例
職親
同所
同図
非労
有司
有歯
遊士
遊子
遊糸
遊資
衛気
大版
元型
地所
中情
柱上
柱状
有人
王臣
交親
公信
功臣
向進
好親
康心
後信
行内
水雲
表門
根機
新刀
真刀
神統
神道
親統
大風
大番
音調
貝毒
気心
黒人
差入
新局
人対
前例
油類
貸金
欠格
事後
線形
台地
年限
半時
備女
右目
名声
係員
器体
基体
帰台
期別
好望
工貿
市道
時下
上番
城番
大通
客年
気合
質屋
車体
初犯
接頭
族制
続成
中体
柱帯
両鼻
火災
画人
功能
効能
興農
新葉
常例
条令
序曲
製法
素行
弟子
油入
下接
加設
家説
歌節
外客
国光
作型
産科
未見
冷害
各町
機位
最上
商利
小利
真形
絶体
団地
同川
農内
花博
福耳
法弟
油質
右表
旗章
記章
決河
芸事
前夫
洋服
流木
駅売
加線
河船
気候
欠画
心像
新像
新増
真像
早発
売買
風合
丸太
丸対
木道
眼病
商戦
真打
親交
丁場
町民
刀印
当院
東院
変顔
有生
有精
遊星
貝製
講談
鉱鉄
実母
不信
後内
新注
身中
時空
常在
全馬
手代
夕刊
器内
講式
高識
小判
住持
全箱
竹輪
次手
引数
日番
仏領
有性
駅中
客引
山容
新口
新港
新講
新鉱
深交
深高
神効
神幸
神行
親好
身光
接道
炭素
天引
伝力
都立
媛語
矢倉
利便
愛社
色校
血色
校名
宿場
主語
出番
東岸
当府
分国
本四
横丁
火熱
皮製
生地
口絵
軍談
山養
少弁
戦法
代引
左耳
門下
作中
新芽
帳場
出率
共地
早番
平台
府外
太字
夕礼
朝活
絵筆
急場
金麦
口画
消印
札束
正味
新約
直火
総代
底地
荷台
街金
町弁
豆本
無位
無医
横町
利回
合気
相客
相席
間宿
合判
相板
相版
相判
間判
合服
間服
相役
青金
青線
青税
青点
青東
青服
青本
赤牛
赤絵
赤短
赤肉
赤服
赤本
赤門
赤楽
秋号
秋作
秋服
悪形
悪玉
朝茶
朝弁
朝練
足芸
足耕
足順
足代
足台
頭差
厚地
厚様
厚葉
後金
後月
後作
後産
後役
兄王
兄分
兄役
油画
油絵
油代
編地
改帳
改役
新仏
暗箱
居玉
勇音
石絵
居職
板絵
板材
板長
糸遊
犬科
犬語
命料
今様
妹分
色悪
色絵
色地
色字
色版
色番
祝金
岩地
印箱
印米
初産
受台
牛科
右図
歌芸
歌本
内税
打歩
写絵
馬単
馬番
馬複
海千
梅茶
梅文
売玉
上絵
上物
運草
絵合
絵入
絵型
液受
駅広
絵心
絵皿
枝管
枝肉
枝番
枝量
絵茶
絵付
絵面
絵解
絵所
絵具
絵札
円買
追証
大宿
置字
置地
沖特
沖漁
落研
落度
夫役
弟分
弟役
男運
男客
帯地
帯鉄
覚帳
面具
表芸
親機
親局
親業
親番
折句
織地
折本
温玉
女運
女絵
女楽
女客
女度
女面
女力
音引
貝肉
開畑
開箱
返点
顔学
顔役
係長
係名
書判
書役
角落
角帯
角皿
格下
角柱
格付
角成
角道
角物
囲米
貸席
貸地
貸本
頭役
型材
型番
固文
勝数
川童
角番
金仏
金語
金茶
神席
神女
空茶
仮駅
借記
軽点
皮具
川漁
官側
寒肥
寒桜
寒根
関木
外数
外場
額板
額皿
側章
黄電
聞茶
帰村
北駅
北館
北門
黄茶
期近
黄服
客方
客種
客宿
急火
旧顔
香落
京菜
京上
経箱
経仏
京道
京屋
京焼
京童
切絵
切能
切米
着類
金紙
金側
金熊
金黒
金高
金建
金妻
金歯
禁野
技手
逆型
逆玉
逆止
牛細
牛塩
牛飯
銀側
銀熊
銀皿
銀高
銀玉
銀成
銀飯
銀寄
草王
草黄
口永
口米
国役
首肉
熊舎
熊肉
組重
組中
組数
組版
組夫
組名
黒鉱
黒竹
黒茶
黒番
黒本
黒方
軍物
景事
血肉
間縄
芸細
芸森
下魚
夏書
下作
月報
下物
現先
現高
元版
香色
香花
香包
香物
香箱
香札
講元
小駅
戸境
粉質
粉茶
小兵
小票
子福
細字
米代
小目
衣液
衣土
混練
強塩
極太
極細
極安
最内
才取
魚通
逆八
酒米
酒役
作男
作神
昨夕
桜会
桜材
桜図
桜草
桜茶
桜肉
提重
差料
差玉
札入
里地
申楽
産箱
産元
在方
雑口
散切
塩茶
鹿肉
下案
下職
質受
質種
質草
質店
質取
質札
歯肉
島式
島台
島役
借間
赤熊
社守
週足
主面
主持
主型
宿囲
宿高
手浴
性合
省油
章立
正札
初表
職方
初口
初切
白台
白茶
調室
調所
白電
白番
白服
白本
新糸
真書
心食
新畑
心柱
真柱
新前
新豆
新麦
地字
地雨
地板
地糸
地色
地歌
地馬
地織
地借
地貝
地顔
地紙
直宮
直物
地際
地口
地黒
自黒
地粉
地魚
実親
実方
実額
地機
地引
字引
地豆
地虫
地山
重箱
順手
情合
常打
状差
上玉
常畑
状箱
定店
常店
直真
巣内
炭製
巣門
刷本
頭赤
頭重
図引
成貝
製箱
席入
席書
席貸
席札
関名
節木
責苦
船具
船便
税高
税引
前引
全目
総頭
総身
総題
総高
総花
総湯
候礼
候文
副状
続飯
底意
外税
外番
側役
空弁
損切
象足
像側
増口
雑菜
増羽
象虫
大観
対屋
高役
竹製
救米
立席
立番
立型
建玉
建具
種代
種地
種茶
種本
束感
玉算
玉茶
玉目
試役
田役
単目
台石
談林
竹粉
竹玉
地先
着歌
着声
茶組
茶心
茶所
茶湯
茶柱
茶花
茶船
茶町
茶豆
中皿
中点
注湯
中太
中細
中悪
丁合
帳合
丁石
帳入
町組
帳付
丁持
帳元
貯玉
通切
使番
月運
月役
付句
土部
土焼
妻面
妻役
積地
面一
積読
手金
手製
手勢
手番
鉄箱
手能
寺名
天火
天日
出職
出面
電場
伝助
当限
通町
研師
特種
特太
年順
年役
飛級
飛台
飛地
取説
取的
鳥天
取止
同馬
同係
堂神
同埼
堂寺
堂守
同夕
毒男
独男
毒口
毒血
毒歯
毒花
毒味
毒見
毒麦
毒矢
土留
土橋
中番
中面
長帳
梨地
名題
夏作
夏材
夏分
何湖
何語
何用
生貯
生録
成香
成銀
縄術
南軍
肉色
肉月
肉付
西面
荷印
似絵
日印
荷役
庭師
庭番
布名
布面
練香
練天
年市
農男
野天
箱絵
箱車
箱数
箱席
橋番
柱材
葉茶
初席
初丁
初帳
初役
花会
花後
花代
花男
母役
羽布
早版
早便
張番
春号
春作
春材
晴食
半板
判形
判取
半道
半泣
飯場
半広
半丸
板元
版元
場席
場節
茨線
番屋
冷性
火王
光堂
東館
東宿
東門
比側
引具
低台
氷頭
飛成
平天
平刀
平番
平文
昼番
昼練
美黒
病間
福引
福豆
老役
仏側
筆具
筆字
太径
太材
太線
不仲
船楽
船代
不成
船用
冬作
古堂
仏性
仏間
歩積
歩留
夫丸
部民
米麦
米松
別口
別皿
別刷
別立
別間
別村
弁箱
方限
方立
細線
本刷
本箱
本畑
本水
毎夏
毎春
毎冬
毎夕
前句
前芸
馬草
町医
待画
松材
松辺
豆科
豆球
豆銀
豆単
豆炭
丸管
丸害
丸査
丸材
丸小
丸心
丸字
丸損
丸適
丸天
丸刀
丸八
丸弁
丸本
幹周
右案
右面
右様
身性
身状
水絵
水芸
水仕
水帳
水部
道師
緑絵
緑線
港別
脈所
宮号
麦茶
無印
無反
無高
無仏
村下
迷玉
目性
目量
面板
綿作
面取
面箱
申状
申分
持点
持番
元絵
元径
本肥
元弁
物頭
森番
焼絵
役付
役物
焼経
家号
屋号
休所
宿帳
宿六
山永
山番
山様
夕景
夕場
湯温
湯感
雪質
油商
湯茶
弓隊
夢記
湯量
弓勢
洋皿
用次
洋梨
洋物
横画
横額
横材
横地
横肉
横本
寄算
夜番
夜練
落顔
楽日
楽焼
力場
陸貝
利札
両打
両切
両組
両口
両下
領境
両平
両箱
両前
両指
礼肥
連木
和顔
和事
技数
技名
和皿
輪中
和妻
浅地
階高
角地
気功
木目
京女
京方
銀紙
子局
小作
格間
罪悪
子女
前列
総出
体質
中食
中地
長上
長城
手性
手相
都側
同間
土場
日歩
複目
部立
牧師
面形
守役
約手
用場
格上
季候
崎港
帰校
旗公
気光
国女
組士
健児
下絵
食性
所場
板木
本通
護役
役高
画数
管底
京人
黒先
校内
算数
下社
地境
準急
夕間
帰阪
指数
初文
時差
貸費
大発
地動
手証
不会
名実
余資
話風
教材
群体
力士
両面
大元
行側
走力
茶会
的屋
西空
博打
目地
安手
近県
金研
群来
実線
不適
立像
足音
快技
海技
開議
初手
白星
体育
庭球
府報
漁会
解文
宿方
水生
全席
同章
同賞
銅賞
同生
編数
辺数
本紙
間夫
港町
音長
講堂
産院
主食
常勝
定約
助字
助辞
序次
入学
家月
前節
中士
中支
月見
保健
防暑
門部
各業
近見
工芸
星章
戦報
中字
通身
鹿場
生花
王城
期定
規程
国公
代地
年番
白線
辺地
各人
口番
欠測
国歩
手食
同品
判子
病室
要員
軍歌
分部
山千
両村
急用
死出
新粉
歯数
羽数
本朝
丸形
感興
漢鏡
汽力
金庫
新語
神語
身後
特急
分量
河道
額面
検見
整体
半休
半弓
阪九
不漁
布量
有史
用後
織物
公武
工部
講武
戦車
全頭
路面
岩絵
局名
古語
証紙
総局
側転
大集
小史
小紙
小詩
少師
少死
正師
省市
先験
底魚
大議
対義
労金
官製
最多
情感
低地
勇臣
有神
火薬
軽度
健香
原子
公道
国有
信神
真身
政界
茶代
丁付
当区
投句
当屋
頭屋
農事
非文
比例
印章
印証
歌絵
小河
子機
大八
筆技
米作
塩類
講道
社領
城関
城館
常関
条管
対辺
大老
通年
出作
能事
決勝
支点
商科
臣人
信念
制勝
成章
政商
正賞
清勝
争力
反語
連語
受苦
玉固
同音
仏軍
本業
木標
黄銅
口道
構堂
香道
高堂
皮下
肥養
本行
原液
心念
兵営
起句
旧町
君主
対化
係数
口談
単位
同曲
同極
銅極
物量
発作
意象
寒苦
好感
低高
門人
医制
細大
浅見
分会
文会
文界
来客
礼服
英愛
山馬
産馬
所動
書堂
節名
隊務
鉄板
度者
下放
加法
家法
寒暑
漢初
週額
助員
道断
付章
夫唱
婦唱
富商
始点
心水
重選
同断
文理
山型
桜香
王化
回報
快報
解法
開方
開法
飛語
海河
漢文
義勇
黒土
実状
風情
丸暴
要因
寄金
制海
精解
想海
走快
炭水
熱帯
公案
水景
大火
体技
地衣
着花
目木
軍刀
光線
全力
肉親
民生
週内
主婦
神号
身業
字行
本実
望湖
両耳
鉱工
仕末
心海
新改
神階
増上
多回
同女
友人
雪国
季節
軍法
接台
王朝
漢方
求心
強勢
強精
教生
車代
形勢
公社
週給
初年
全会
全野
本職
余勢
家地
県政
高明
全心
安物
実姉
大福
同表
堂標
用言
車高
新店
暴君
目安
家業
課題
空軍
際会
清流
先進
短刀
点化
飲屋
法政
問題
洋画
総研
余算
古今
合資
散定
産状
勝報
唱法
商報
正報
多羽
円石
遠赤
史談
全例
風力
各個
原土
実効
題字
版画
悲境
飛香
法名
暴妻
前足
医業
型名
原形
口音
構音
地階
堂舎
実生
意行
易行
仮山
限界
港内
草案
台辞
題辞
地界
同者
道者
夏祭
南朝
名字
夜鳥
画素
義長
形声
経世
原文
高一
中卒
最少
親信
実例
水土
石油
金価
金科
金花
金貨
失点
線心
選進
要報
陽報
漁港
採証
最勝
天然
動容
表語
梨園
回虫
火手
火酒
貨主
楽員
技法
申前
神前
次書
自所
全局
全極
前局
待時
長兄
洋兵
新採
神妻
神祭
対自
通所
別行
用方
外円
物産
文野
各社
熱気
下意
下衣
歌意
季語
白板
花店
美果
鼻下
基準
禁門
行末
声帯
鉄労
真際
野牛
勇名
共利
教理
原人
出身
船中
相聞
総門
丁数
丁字
左上
文名
共産
水制
水勢
水声
水成
水政
天使
投打
半額
布衣
無中
里程
連山
科類
空前
車上
声容
政要
整容
正葉
正要
正陽
清容
精要
西用
博言
民族
名手
喜兵
経皮
軽費
言笑
国命
子育
新船
新選
接地
出禁
理事
官能
感能
観能
月氷
月評
考証
高唱
妻女
小水
中朝
朝令
銅山
兵員
学位
原景
現形
個数
深浅
前同
反感
法原
法眼
名酒
明主
友愛
落陽
衣体
衣帯
外灯
宮相
主祭
主菜
酒菜
水文
生保
早期
土柱
法言
両社
火兵
秋園
代本
同院
風格
有終
字図
英軍
園中
温感
音管
仮足
河流
挙例
原理
勝絶
商説
少雪
正説
消雪
章節
職員
真物
自院
次行
同率
内府
山線
液体
応急
解的
岩頭
月次
親日
線型
祖師
多重
老中
素紙
病状
応変
気流
建学
建楽
好意
進上
乗員
図版
素志
人記
両字
両時
両次
眼内
強勇
教友
牛肉
鉱物
支所
条章
総司
調使
光感
父王
無去
無戸
雨期
下面
果面
形体
公意
厚意
口囲
好位
校医
高意
公物
国旗
語群
修道
上表
積極
特性
良時
示準
集水
上代
石径
石経
赤経
雪景
大商
同刊
堂官
導管
道管
道観
銅管
発禁
和兵
結語
公序
水力
花金
氷面
病原
豊年
王代
王台
原点
高熱
西門
借地
初老
両車
軽国
小話
差別
招命
章名
初志
初試
所思
書史
書司
書志
日清
名士
名辞
屋戸
慣性
所志
送料
単価
文型
名詩
益鳥
花月
寒性
学商
定印
正学
世間
他害
通史
成金
南画
本然
本念
栄養
句調
苦楽
新来
神来
低額
無二
栄光
海面
外語
汽輪
財政
実地
状元
水路
戦記
天険
刀子
東司
風船
要職
輪身
観性
外局
救水
州境
秋興
主用
首要
次節
石像
祖国
単科
炭価
伝説
有料
連歌
可変
基石
帰責
気積
小果
小過
松果
松火
松花
消夏
証果
証歌
賞歌
情人
素性
戦型
線径
多生
中位
定給
表文
美術
悪作
花竹
原歌
元価
原価
原課
減価
現下
現価
黒体
散村
主談
主力
初歩
節日
相者
道義
野梅
愛犬
化人
航通
田字
伝統
内洋
両会
両回
両界
両階
領界
練達
境位
強意
子弟
首長
食器
体熱
丁銀
取消
日報
年号
発船
犯罪
府営
無言
意向
海波
式内
司祭
資望
州際
全文
独力
標語
国博
国共
散官
散寒
産官
山脈
勝兵
大故
短笛
治山
灯台
変体
両人
愛情
国対
司書
他発
注配
調書
半漁
不全
命日
悪役
囲口
衣香
観点
宮司
経財
県歌
県花
光明
国務
師弟
設想
総進
同語
母数
無比
構内
在院
師家
使丁
姉弟
歯底
町名
定員
和室
雨雪
県央
前軍
打席
帳台
町代
文楽
陸橋
路地
路上
愛児
軍師
見法
詩才
車名
治頭
動感
評語
編隊
来季
海綿
区道
香菜
植生
村民
電鉄
非鉄
変状
辺上
返状
暴力
育英
古画
政語
西語
生材
印刀
引頭
塩水
下級
官民
原発
際限
死重
社命
声量
石造
天才
物界
医局
感度
完動
官道
官銅
幹道
外観
業態
詩書
使人
士人
守成
道立
悲願
英気
王家
温帯
各群
各郡
間税
間道
金枝
金糸
証人
実成
自筆
富民
部則
家父
機械
近思
早老
他省
島都
東徒
波長
風景
花材
貨財
花辺
原曲
水人
政友
大作
他章
多勝
多照
多笑
鉄分
不争
文鏡
分線
本命
名門
冷製
買気
家電
旧交
旧功
旧口
旧好
旧港
旧行
旧高
参法
算法
史書
点景
南曲
民営
木母
語基
主点
前菜
標準
文芸
余地
理念
学用
旧注
球虫
級中
強起
白死
当番
輪花
苦節
正気
洋館
気色
減船
国益
手中
小暑
前庭
同物
道仏
反意
犯意
半波
美品
物資
弁当
雨量
英土
銀河
経路
化導
化道
師団
税制
早報
相法
総包
走法
大禁
中夏
仲夏
柱下
中研
灯数
統数
方略
容器
冷眼
海路
会頭
週別
戦士
服屋
不死
別件
保勝
保章
歩程
横顔
両世
両性
両生
令制
空地
広義
時節
成案
生安
中流
当代
都長
病人
平話
容色
上面
金目
芸人
大数
隊数
中興
昼光
昼行
注口
定食
徳性
特製
博物
判任
半人
北上
令政
令正
礼制
赤児
価標
官報
期日
現官
現観
在団
心所
新序
神助
丁名
朝名
朝命
鳥名
両群
字書
続編
茶番
当事
頭板
版木
付図
海容
開陽
外角
外洋
原案
古点
混堂
金堂
採灯
菜刀
菜湯
菜豆
証取
正業
全角
築港
電灯
度合
熱戦
半官
風雪
本館
有音
来期
両年
意力
急所
橋頭
空室
秋季
生態
地産
朝変
長辺
白梅
林間
海光
海口
海港
会所
金鉄
軍持
郡司
京包
経法
小声
雑志
史体
支帯
支隊
枝隊
詩体
新札
場外
全学
単子
単飼
短詩
短資
中医
定価
同課
評言
分校
分行
文光
文工
聞香
法制
法則
門葉
様器
用器
要機
養気
要用
陽葉
聞役
気毒
極所
個店
最短
参事
食管
食間
職工
情熱
船頭
他市
他氏
他紙
多士
多子
多指
多死
単二
氷原
不予
部材
本初
無塩
遊人
意想
移相
印手
上客
常客
声部
他用
地久
農村
農夫
仏子
仏歯
本意
夕陽
型体
型態
原始
司教
車外
主能
正真
神話
赤軍
戦形
同類
農婦
福音
仏具
本身
花容
花葉
荷葉
寒殺
器械
気海
禁水
行状
形質
血管
小葉
小用
小臣
小身
少心
少進
焼心
少用
少陽
照曜
生葉
文民
民報
民有
無耳
両郡
会友
海友
漢法
顔面
新形
真景
新書
上式
常式
長広
同下
同科
道果
道歌
銅価
銅貨
文面
迷児
民放
王立
楽式
元祖
共育
橋東
鏡頭
金団
軍使
家領
終点
酒税
制札
単品
中罪
当国
同年
土功
土工
土耕
悲歌
比価
飛花
副因
力戦
緑地
健章
原料
終期
停学
東総
東走
東送
導円
銅塩
半音
評者
不休
仏体
本使
本師
本志
円去
塩湖
遠古
楽歴
語義
正文
神国
他店
都銀
葉芽
薬食
王道
活力
結界
秋期
秋気
集気
次戦
助手
水頭
声読
正読
総長
代打
不弁
変差
方術
夜具
海佐
開差
階差
火力
外交
生薬
金字
雑器
小名
唱名
神戦
性質
太王
天光
天工
当寺
日章
満点
基業
居常
許状
失地
出色
書名
親書
神米
夏雲
方天
余録
遠人
音名
解合
開合
金平
公流
後流
国画
再校
採光
始原
成報
精包
全年
内底
年輪
方便
本曲
名機
元帳
両立
王府
王父
開教
橋柱
祭場
細条
主眼
初名
住職
想観
相観
総管
総観
雑作
炭山
短調
農薬
破算
非望
標点
評点
有罪
衣料
右岸
遠足
館守
議席
高検
再評
主述
主隊
新中
常道
他局
単元
庭園
天長
備考
平開
薬科
用間
両像
和服
英詩
英資
黄熱
開府
公営
後任
災害
親族
常人
農試
頭字
画質
基数
義妹
好健
後件
考見
子枝
式典
紙上
太達
低張
等時
答辞
比重
無上
活画
官舎
校舎
山流
織成
職制
実業
成文
多義
他体
他隊
直耕
直講
都電
表頭
仏門
歴代
駅弁
海底
間然
休題
経年
交謝
公舎
講社
高卒
古時
酸素
消防
時速
町連
等辺
同夢
保道
法堂
本編
洋書
解急
格調
句意
神類
図形
雑兵
付立
通期
頭角
東地
度数
不等
武徳
面前
勇歩
楽生
理由
行在
歌業
課業
外材
旧態
教団
挙国
欠員
険要
月給
個性
祭文
市電
士民
志民
社隊
少水
小児
新令
新例
臣礼
上部
大漁
大領
多点
同級
同村
日港
飛天
来店
各停
景品
主席
主調
次章
節刀
大道
町地
地居
内規
内記
標高
美校
北洋
命世
明政
夜灯
旅程
和字
足長
雨氷
芸香
運鉱
雲高
究極
金眼
金葉
決号
公金
古刀
古湯
湖頭
炭酸
積立
低木
当千
道先
毛布
陽復
里数
理知
林工
輪光
輪行
和洋
大金
音形
軍都
郡都
集落
酒後
白帯
単色
単組
大便
天象
天賞
島岸
当願
任天
野見
波状
副次
不測
兵舎
法務
北都
無料
両案
林松
冷気
労苦
海生
快刀
快答
海東
開湯
開頭
近因
金員
元始
原糸
原紙
原詩
原資
詩序
主役
新玉
身辺
女流
前言
天職
病後
富家
富化
府下
文具
名産
営養
各所
外伝
期成
機声
気勢
記性
経口
光周
高秋
交友
校友
細部
史局
史乗
支城
支場
枝条
歯状
矢状
糸状
詩情
紙数
全戸
側管
竹性
特使
白血
付則
部外
予価
予科
余花
林野
間投
強弱
金印
現界
原初
高圧
光来
思想
主色
酒色
酒食
自伝
前席
徳歯
特志
特指
内使
内資
日課
父名
本席
旅費
院外
演義
仮題
歌題
花台
過代
加役
加薬
可約
課役
管頭
関頭
観法
客先
興味
今古
近古
後来
士談
所作
刀山
当船
灯船
頭目
特典
特級
農場
非番
病質
富鉱
父祖
分領
方位
放声
放精
法世
本校
本港
本講
両道
育児
印池
各面
期数
機数
記数
基地
共学
経度
雑草
残月
寺伝
正門
船社
船車
側近
通念
道民
内地
必用
副務
保息
歩速
満額
有理
遊里
両店
径行
軽功
菜園
作意
次号
接点
素案
茶台
中級
適地
同温
半面
分園
無名
野外
温風
機材
急調
級長
経水
計数
候人
子孫
終局
全店
単意
短衣
単刀
反当
短頭
日独
日行
副賞
本科
本妻
名器
薬味
界面
解綿
基板
急信
旧信
旧神
旧臣
球心
光熱
声質
社印
謝礼
出院
新特
神徳
直談
人海
人品
選管
前野
損得
造塩
台形
手職
徒労
農地
野馬
反間
表相
母性
毎度
名基
明器
明期
利点
円通
各節
歌文
学徒
木口
区活
現物
才能
残数
社外
出所
主夫
首府
神軍
信書
心線
字義
耳順
重体
重力
先天
則天
茶器
動因
同引
導因
道員
銅印
府税
部類
余命
寒中
管中
気節
区長
軍報
語格
昨夏
産道
産銅
詩集
師道
支道
市兵
新陽
親用
持節
持説
自設
自説
受神
全階
前快
多種
断熱
中動
中堂
典法
天報
日乗
波勢
備品
木管
陽画
余聞
両町
医方
運命
夏下
花下
過化
各性
確正
外板
軍民
径路
社史
社司
商事
信組
神祖
次週
自来
先客
体高
天領
伝刀
伝灯
農協
発航
白光
負号
武備
領土
列強
有無
科落
館舎
学業
技能
空母
行路
国庫
酸性
新薬
正道
増差
東宮
灯標
内皮
番方
必争
悪人
基語
球界
技官
義方
魚口
訓点
県東
光体
後隊
黄帯
黄白
後輪
食育
新章
心受
神授
身受
新読
真読
親独
実兄
自発
水深
戦術
測光
態位
対日
長形
長径
長計
鳥径
通産
通書
天子
伝票
等差
当職
美点
別業
本号
野心
両線
感想
管路
街灯
街頭
元利
規準
強酸
行頭
県作
公地
公知
向地
工地
校地
耕地
航地
牛王
牛黄
才女
山菜
残酒
写声
車声
守勢
松会
食味
初形
初経
書型
進路
耳根
正横
測候
速効
多雪
張数
天師
天志
天資
転子
投炭
都連
同元
土性
土製
板額
皮質
美徳
富実
平素
両局
両用
労災
快食
改植
各代
関白
外登
街東
喜楽
苦境
黒円
業報
職印
政保
雪面
総記
側行
太祖
太素
同案
肉質
女護
表皮
風角
風調
風鳥
母線
命題
予選
圧気
悪器
王宮
強度
近浅
金線
郡村
原典
口熱
好熱
作分
商号
初級
職歴
直率
浅発
属司
族子
多住
断果
断火
当社
当店
同質
日照
日豊
防火
未然
立教
和名
円内
感量
眼鏡
共犯
現点
公助
公女
好女
工女
高女
古書
在来
借知
勝因
小引
省員
所労
実益
常務
水緑
前任
大祭
台車
天体
刀法
満園
名城
緑政
和金
話題
衛研
英陽
生立
間接
寒天
外曲
外護
外電
願書
旧職
鏡像
極限
組合
軍属
軽卒
子分
在世
財成
少年
織機
深所
清初
神書
自業
上都
城都
精留
西流
世用
船室
線文
短長
中気
通志
適時
天災
電設
同色
入声
農高
評文
不作
暴投
良港
利率
石積
円価
円貨
血統
芸者
向風
校風
高風
市会
支会
死界
識内
初球
食気
志力
死力
資力
重代
自労
船外
全校
全天
速力
鳥舎
天金
電極
毒力
版材
分身
文脈
別戸
保線
本幹
油井
酒精
安位
暗意
運勢
円周
快速
関節
観天
外務
楽習
血島
小字
主星
声字
小辞
賞辞
正法
親属
実船
住商
重商
重賞
西辺
雑上
中社
丁香
調光
長講
停飲
庭院
天際
点菜
特産
徒弟
破局
半弟
半民
病証
病象
保水
防具
防犯
母体
満願
満期
名阪
役名
流水
冷感
冷間
和南
委曲
貸出
観者
漢土
外感
外管
学外
規格
規則
客電
血幹
血圧
言文
公議
工技
航路
号数
散兵
司塩
示強
詩境
詩興
歯式
社食
秋天
真空
真筆
上記
寺領
図型
船内
前科
全功
前功
前編
単耳
田園
破調
板画
必然
福相
複相
平面
野性
葉中
力作
流央
医大
羽毛
毛人
塩素
遠洋
各州
化研
科研
家伝
火田
火電
血路
元曲
原局
古印
光路
公路
後路
強取
周産
首席
主船
守戦
初速
実形
実景
定宿
常宿
図体
正円
石炭
大意
対位
低音
底面
電流
同種
人夫
熱量
年始
農道
農民
半身
皮管
風光
風物
本工
真向
満天
民青
無形
木炭
目録
余談
悪習
演歌
塩基
可給
火休
火球
過給
各様
神札
河辺
逆数
業務
魚巣
欠点
公益
光質
公室
後室
鉱質
高質
講者
黒液
使節
子夜
州別
宿舎
主柱
招金
正金
真札
次作
人格
清適
税政
争利
側室
中佐
直球
同前
内耳
版代
番線
物損
北路
本官
本管
明部
要布
力点
老眼
和親
音圧
界際
開採
階際
家臣
外形
記実
弓道
急流
口輪
光輪
雑種
死物
州道
集童
生金
心話
新話
実技
城外
数理
成書
正書
青書
節内
先史
先師
戦史
前角
全相
全総
全草
前走
点線
土管
熱線
風説
法要
満面
民事
民話
物音
両院
両名
悪徳
遠因
解像
角材
各書
外容
外用
外葉
眼光
岩綿
協立
義務
経国
軽質
検液
県益
現員
後衛
今作
財布
差益
作風
終身
周天
周転
首領
春節
小寺
織工
重態
水和
星室
正室
静室
切点
先規
戦旗
戦期
戦気
船旗
線香
多極
他車
短所
男色
張力
適法
天球
童顔
配字
表題
肥料
美形
本領
名品
目代
門弟
流線
礼節
愛死
運気
雲水
夏緑
寒水
気球
機番
球速
教採
教相
境土
軍医
経歴
決会
結解
血海
工務
後列
質感
写場
社団
市有
師友
試遊
詩友
小皮
書人
新台
真皮
心労
事象
自船
実包
弱強
上質
水圧
青天
積書
走順
総武
卒研
態様
大弓
台型
打感
茶子
中天
電機
熱波
白球
反音
必勝
美色
病期
病変
不義
複眼
粉子
文業
兵役
変額
法術
本役
本薬
無断
名馬
薬価
遊出
有税
落語
冷所
連体
育種
英検
快晴
海成
開成
階前
会則
会務
関防
帰命
去留
血気
芸術
芸能
口話
最外
最良
週市
祝辞
主石
酒席
酒石
勝敗
笑売
商略
所領
神族
信徒
持病
重職
定規
常同
情動
静中
接境
前談
総務
体温
対独
他極
短言
低塩
定演
電線
東連
年功
白指
白詩
粉炭
母機
満室
無休
無実
友国
洋才
洋菜
葉菜
利差
利他
連休
話頭
育生
色別
運輸
英京
衛教
駅近
液便
大男
音速
回次
快事
海事
海自
解字
会席
各編
慣例
画室
顔料
旗門
気門
旧主
球体
球歴
挙人
苦言
群書
結石
県城
月球
交番
祭礼
昨夜
雑味
市設
師説
詩節
失歩
失語
史伝
師伝
集英
州内
宿命
新兵
親兵
寺号
自消
自照
自笑
時流
図録
制式
整式
西式
星像
石材
雪像
先公
先幸
先考
戦功
先後
前転
総業
雑歌
多年
中判
転末
当確
等角
統覚
豊国
銅球
度表
肉天
半農
標灯
氷島
病巣
病態
病理
風人
文才
兵家
兵火
兵科
平価
平葉
報国
方国
養分
理数
両所
両書
料所
良書
領所
良友
和様
移風
運河
階下
家祖
下布
可付
火夫
家門
花文
花門
完徳
元本
旧曲
極大
局地
義母
軽合
軽品
血税
行金
高所
公伝
祭典
雑念
死相
示相
試草
詩想
詩草
周囲
主薬
招客
正客
証左
初入
心室
身質
新受
似像
時短
実績
重油
成覚
縄文
人天
声門
正立
税関
前向
全点
全判
全容
測点
多妻
単三
単産
単線
大弁
代役
中団
中皮
調定
通貨
冬営
読点
特長
動画
土石
農都
農法
波上
半径
板面
版面
悲喜
悲母
貧土
美容
風神
服地
仏頭
文責
兵車
末年
味覚
右左
無量
余勇
来世
陸路
略図
良案
両朝
類内
例祭
冷菜
連投
老女
労連
和牛
意中
絵様
屋外
加害
観想
観相
学際
岩塩
気格
器材
器財
基材
教本
漁民
元初
原書
原本
光圧
工具
公務
国技
才媛
採塩
最遠
殺虫
雑想
雑品
市村
支村
周極
終曲
終極
修形
修景
秋景
酒量
少佐
正風
初給
所説
新春
自画
実印
辞表
人脈
水温
水族
整数
節点
戦間
争鳴
早明
村政
造花
打順
直径
伝心
電動
特許
日加
日貨
敗色
皮板
美白
副章
複勝
福利
文園
兵馬
変格
別器
別定
本課
本祭
墓制
母星
母船
役得
夜景
余罪
両極
両天
両点
良導
良道
領導
悪態
足底
円頭
遠東
往路
解結
各説
確説
官設
害用
学街
学都
楽都
救解
金湯
技研
郡民
軽科
軽荷
軽課
競輪
検修
健筆
原画
原級
現給
原義
元物
原物
口福
古式
合科
業火
合弁
細流
産室
産油
死活
歯周
司敗
終駅
主題
主領
商標
職能
所定
新軍
清軍
親軍
時習
示談
実勢
事由
上地
上知
城池
情知
精英
性差
政災
政祭
正妻
成績
成丁
正定
西低
晴天
整版
正犯
西半
選点
全高
前号
想夫
総部
側音
測温
祖先
雑布
属国
体格
台日
他種
単体
茶気
定形
低速
春宮
博引
発条
必見
非天
評判
美文
備要
不労
不老
民航
名医
毛質
門脈
役料
要義
羊毛
利得
略歴
両度
両様
老親
老兵
和式
愛校
愛妻
悪意
暗雲
暗条
暗夫
雨天
円筆
円明
園名
快足
開目
官話
漢和
外地
学祭
学費
画板
眼形
眼底
器才
機才
旧人
給料
極右
局部
義血
議事
句境
見解
建材
県設
健兵
工運
興雲
航運
行雲
香雲
光復
康福
黄門
谷頭
合道
昨季
産児
賛辞
参政
山勢
産政
酸類
財務
雑貨
雑感
残余
社説
修短
終電
祝典
主港
手工
主任
主犯
省案
証査
商船
織豊
食法
初校
所証
書証
所生
受話
自遊
静脈
政変
積水
戦績
船積
戦犯
税理
測深
足心
祖庭
素養
造貨
体菜
太細
多型
他形
他計
多形
多景
多神
達用
多毛
単板
代車
大理
打製
地銀
中相
中総
中府
中葉
直近
定温
適所
等号
投写
等色
東天
取出
同歩
内情
農功
農耕
半夏
番兵
飛程
標題
比類
風雨
風水
富友
分院
保身
望火
母川
無風
名言
明条
門歯
野岩
遊女
油性
輸精
養女
様相
予行
陸自
両校
両港
両行
良工
両船
礼法
老妻
悪事
暗中
安導
文身
駅家
液果
園主
遠祖
円板
公事
音型
海角
開角
海造
海帯
課外
各週
火石
花石
過石
過積
勝手
活版
活量
官修
慣習
寒松
寒証
観象
関門
学行
学説
元正
岩松
願生
機速
気息
気速
共営
極北
魚倉
魚相
空調
君政
訓政
軽車
経脈
結点
検者
現品
効益
工役
広益
好守
口実
光電
後発
校務
港務
航務
鉱務
国設
湖面
根幹
才量
菜料
山妻
酸菜
雑観
雑職
残効
残差
残材
仕服
写植
社福
終夕
宿題
小差
少差
勝他
賞歴
職責
初交
初航
新馬
親筆
新報
時報
準星
準正
情実
城地
示量
自領
辞林
清栄
正塩
性典
星天
正典
制服
世変
正編
積雪
接得
雪冷
線外
選外
線質
船質
戦用
絶遠
前院
全編
足力
素質
村史
孫女
村落
雑色
続投
体言
短波
代八
題名
題目
断頭
長打
長毛
定式
停職
適量
鉄橋
鉄工
天馬
電圧
電信
特色
年歯
同王
堂主
入試
任地
熱信
念糸
能動
敗者
配船
半角
判民
筆力
飛頭
表意
標識
品位
美大
風向
風林
風輪
福神
複面
複葉
富農
部首
部族
分脈
北曲
本望
暴漢
防寒
無型
無罪
名犬
名湯
明報
毛筆
役格
薬名
落差
落花
立命
略史
料飲
両州
老顔
老公
老前
和犬
和才
愛鳥
以心
以深
医心
雨害
有情
雲気
営農
営利
演員
園芸
往年
応量
王領
音義
改過
海貨
快挙
海禁
快作
開物
開明
格言
各財
各辺
確変
家信
歌神
河神
火神
火進
花信
花神
官業
寒行
観経
間八
管領
官令
外型
外径
外景
学才
学災
楽才
岩高
眼高
帰根
機根
気根
器面
基面
球技
宮主
旧守
球種
給主
旧道
求道
球道
休漁
旧領
教研
共住
教程
去夏
居家
挙家
均差
金板
義軍
逆接
逆境
牛皮
業績
軍書
軍配
計理
欠神
結節
血流
犬種
現協
言説
原像
減増
工種
耕種
向性
公田
公電
香典
後略
国母
固形
小才
湖底
根菜
根底
作願
左岸
作庭
罪種
罪名
残額
残飯
死有
死差
示差
試査
修身
秋冷
主材
主罪
取財
首罪
出数
春雪
小角
正角
消極
商才
省際
初見
所見
書庫
初任
初令
所令
神格
神験
進見
新秋
新集
深秋
神州
新着
新板
新領
神領
実修
実義
実務
自費
事変
重圧
重星
授産
受照
受章
授章
準縄
常温
情義
上室
城門
序列
持留
自流
自留
水兵
西英
責罪
接眼
船級
戦国
先任
前医
全形
全景
前景
全室
前略
総集
総勢
総兵
速結
卒検
村営
体液
対角
対流
他年
多念
単字
代休
代走
打力
断章
知能
沖天
町営
直管
直間
通説
低位
定説
低利
底流
適意
適温
天授
転線
典例
典礼
電位
電光
電工
投雪
灯油
答練
当話
答話
特等
特例
童画
動眼
同族
毒素
毒物
土足
内事
内積
内争
肉牛
日王
日給
任務
熱血
博品
反動
馬群
馬防
番犬
番茶
非業
筆紙
必笑
標本
美景
病相
病体
風営
風評
負義
復顔
副業
副流
不織
不食
父職
物類
分生
文勢
返額
変型
変様
弁理
包葉
保字
貿管
暴状
暴動
末位
末路
満車
未進
未聞
民工
民自
無給
木台
文底
有休
有礼
洋弓
余光
余効
余香
予後
楽果
落果
利息
立春
略伝
両職
両色
両得
両兵
緑豆
林相
例規
礼器
例言
冷雪
例題
連対
連隊
老健
和刀
青石
悪衣
悪字
悪評
漢人
暗期
暗号
暗室
暗証
暗部
育毛
囲中
委中
印税
院体
印伝
右羽
運材
運上
衛士
栄典
役務
絵師
遠眼
園丁
園庭
王墓
王母
大酒
悪寒
温菜
階序
海図
海防
会名
階名
各級
確例
下情
家常
管下
観花
管財
観心
完人
官費
寒流
幹流
外周
害鳥
学情
楽節
画材
機外
器形
帰経
旗国
季秋
起重
機術
希人
旗人
汽船
球根
旧知
弓馬
急務
教父
強兵
経本
曲節
金行
金鉱
金主
金種
近臣
近親
近習
金脈
金力
金緑
技建
議題
逆真
漁協
魚群
空席
句型
苦計
区隊
具材
軍備
形勝
形象
景勝
経鼻
経別
軽油
軽労
血清
決選
県会
検体
芸当
外題
月休
下牧
言議
原麦
原票
原品
現本
原名
験力
校具
香具
功罪
構材
公主
好手
工手
校種
行酒
講主
香主
向暑
好所
好書
講書
向日
好日
功績
公設
交直
香味
校門
高門
故宮
故旧
黒雪
国費
固型
古面
根管
合皮
護岸
祭天
西肥
左往
作期
昨期
殺意
散田
材質
財別
材木
雑科
雑犬
雑技
雑話
残光
残鉱
残年
史眼
詩眼
失態
市費
市府
師父
写角
社格
車格
社業
社章
写実
社伝
社保
車列
社労
集禁
集電
修徳
終板
週番
秋容
秋陽
集要
主教
祝勝
手芸
取集
首題
主版
手板
酒飯
春寒
小案
省議
証義
消息
章票
証票
賞票
商務
証文
食農
職務
白首
進角
新現
真言
神人
神典
真福
神馬
次位
自衣
辞意
直伝
自食
辞色
次図
実正
実積
実相
実速
実費
実員
実害
時評
次表
耳標
自評
字法
寺法
辞法
弱点
重土
重役
受益
受光
受令
受礼
情景
成身
上日
成実
条文
序部
地輪
神足
水球
水災
水冷
頭寒
精液
精好
正号
井数
正数
星図
精図
声績
声息
正着
成虫
正中
精虫
正副
清福
精兵
政務
席番
石標
責務
設色
雪食
雪眼
節度
雪量
設例
説例
戦火
先妻
戦災
浅才
選書
線図
先入
船名
先例
船令
絶線
絶品
全球
全号
全品
前葉
素因
総菜
早秋
想提
相動
相同
草堂
総白
巣板
測位
速達
側方
素食
速球
素服
孫色
村勢
増感
造管
増深
象神
増勢
増生
造精
増福
属島
対格
大罪
大守
太主
太守
大輪
多心
短観
短弓
単光
炭鉱
短信
単発
題材
断点
置官
池底
仲弟
中飛
長句
調号
直情
通音
通谷
通天
定言
定則
定息
定足
定速
笛音
適材
鉄鏡
鉄手
天辺
天面
電球
電報
等族
投低
等比
頭皮
東輸
特修
特大
徳礼
特価
特科
特貨
同罪
銅板
動脈
同列
毒草
独想
毒談
毒薬
内宮
内題
内務
入管
入光
入航
入市
入職
入店
入梅
任意
熱弁
年休
燃費
能幹
能管
能品
配所
敗東
博情
発破
波動
判型
反共
版形
半兄
半側
半足
半速
反足
坂路
博徒
麦角
板根
悲運
非才
必着
悲鳴
氷衣
標式
表式
票田
評伝
氷板
悲話
品行
貧児
美飯
病苦
病名
病歴
風圧
風速
風防
風来
府議
副食
復食
服色
複線
複利
不言
不着
仏手
武術
武総
物価
仏飯
物議
分期
平準
変災
変報
法官
豊庫
豊漁
保修
保肥
保冷
本題
本毛
望遠
暴害
防虫
防波
母校
墓主
母種
牧歌
毎戸
末筆
松科
満線
満船
満配
未格
未戦
民業
民苦
民宿
民用
無財
無敗
無配
務本
無品
明意
命運
名園
名演
明験
命言
迷言
名勝
名松
明証
名刀
名答
命法
鳴放
名木
面色
毛細
毛湯
聞思
文証
薬液
薬材
益体
薬理
約量
薬料
薬量
野望
油圧
有印
有官
有感
有給
遊休
有形
友情
有病
油水
葉酸
用所
葉序
葉面
養毛
要録
余財
余情
予兆
余得
来書
来状
落橋
利害
陸地
利足
流体
良運
良識
量程
旅情
類義
類字
冷温
例解
連銀
連名
労工
老心
老臣
老身
老体
労農
労兵
老令
路外
路程
愛悪
愛家
愛眼
愛機
愛技
愛苦
愛欠
愛語
愛酒
愛書
愛心
愛神
愛臣
愛息
愛刀
愛徳
愛念
愛別
愛民
愛友
愛路
青雲
青波
赤衣
赤手
赤点
赤眼
上馬
秋雲
秋雨
下語
悪運
悪液
悪演
悪王
悪害
悪逆
悪業
悪月
悪言
悪妻
悪才
悪子
悪所
悪書
悪食
悪神
悪水
悪雪
悪税
悪相
悪男
悪血
悪鳥
悪童
悪道
悪念
悪筆
悪病
悪夫
悪婦
悪風
悪変
悪報
悪法
悪面
悪友
悪例
上底
圧覚
圧空
悪計
悪国
悪根
圧制
圧成
圧政
圧点
圧条
圧電
海人
天社
編目
罪過
年魚
有体
暗化
案下
行火
安協
暗行
暗空
暗君
暗血
安康
暗光
暗香
安居
暗語
暗主
暗色
暗線
暗帯
暗点
案頭
安分
案文
安民
安立
暗流
暗緑
移易
位格
軍船
育草
育徳
育友
育林
活魚
意業
委細
移祭
石工
石文
石仏
医書
移書
医術
医女
位数
医説
以浅
市屋
位田
囲田
糸竹
往古
犬面
意念
易燃
医博
意馬
意表
以北
意望
入相
移流
色身
祝酒
因位
院印
印鏡
引経
印形
因行
院宮
院家
院号
印材
因習
印書
印信
院主
引水
因数
因説
院線
印相
印点
引転
印堂
引導
印肉
印判
因明
印綿
印面
音物
印文
院門
引力
引例
受持
雨月
牧牛
牛車
右室
有心
羽状
雨声
有象
羽族
内孫
有徳
雨読
海馬
梅林
右葉
右列
運開
雲海
雲客
雲角
雲関
雲外
温気
雲級
雲月
雲合
雲際
雲山
運指
雲手
温州
雲上
運数
運炭
雲底
運刀
雲入
雲表
運歩
雲文
雲遊
雲量
雲林
運令
永安
英印
栄運
英学
永言
英式
営舎
泳者
英主
営所
衛所
英商
栄職
英清
永日
営設
英船
営倉
営草
永代
営団
英断
営中
英中
営庭
営内
英風
衛風
栄福
泳法
英法
英民
営門
営理
英略
営漁
英領
営力
泳力
営林
液圧
液温
益気
液球
役牛
駅子
液質
駅手
駅商
液色
駅数
易世
液性
駅制
駅船
益税
液素
液相
易断
易治
駅丁
駅頭
液肥
役夫
駅夫
液分
役民
液面
液薬
益友
液量
液冷
駅路
会苦
会下
会元
絵賛
画師
絵図
絵像
絵伝
遠位
円外
塩害
円覚
円球
遠居
円鏡
演曲
円教
塩業
園区
演芸
円月
円口
園耕
塩鉱
遠交
遠航
遠行
塩酸
円材
園試
園舎
演色
園頭
園数
塩税
円村
円読
演能
円皮
塩皮
演武
園服
円弁
演変
円木
円本
演目
円文
園門
遠来
遠略
円輪
園林
園例
演練
老木
追肥
横圧
桜雲
応益
王業
黄玉
王銀
王軍
黄血
黄犬
応験
往航
王公
黄光
王号
往信
王親
往日
応身
王水
黄水
王制
王政
黄精
王族
横隊
黄体
王治
王庭
王弟
黄梅
桜品
王仏
応報
王法
王民
王命
桜友
王有
王林
王令
横列
黄連
大帯
大束
大業
屋舎
屋側
屋階
良人
男人
戸外
音価
音階
温覚
音学
温顔
音曲
音句
音訓
音群
温血
温健
温故
音効
音工
音高
遠国
温習
温色
温食
音字
温石
温点
音転
女男
温熱
音板
音便
音脈
遠流
温冷
改案
会意
開囲
階位
海駅
海王
快音
開音
海客
械具
開建
改刷
開式
会心
海深
海進
開心
改税
回祖
開祖
回族
快打
貝玉
改土
開度
改番
海氷
海表
界標
快便
快弁
開弁
回米
快味
海民
海門
解役
海陸
海流
家運
河運
火雲
顔容
加音
夏音
下界
民部
科挙
過挙
可逆
各案
格外
角岩
各橋
格技
角技
各号
各室
角質
角術
各則
各村
覚他
格通
角通
各馬
角皮
各筆
角筆
格物
客兵
各法
確報
覚夢
各役
格例
標札
水手
仮根
家作
歌作
風波
下式
家借
火術
花序
仮数
価数
果数
歌数
課数
飛白
過達
語種
活句
活殺
活水
活眼
活人
活神
活仏
活弁
活歴
果徳
科特
可読
門前
果肉
花肉
金肥
家母
下略
科料
過料
過量
皮切
官位
幹囲
寒雲
官営
官益
官園
感官
寒極
漢玉
官軍
漢軍
管群
完形
管形
管径
間欠
漢検
管見
寒月
観月
官庫
官戸
官財
管材
間質
完実
官女
寒村
漢族
間断
寒竹
漢竹
官田
寒熱
感熱
感念
寒梅
観梅
間氷
寒貧
官付
官服
官辺
完母
漢墓
寒木
完満
官務
官名
官命
漢名
漢薬
官有
漢来
官立
寒林
害悪
外圧
外囲
外衣
害意
外運
外役
外液
外王
外画
外境
外銀
外区
街区
外言
外合
外信
外心
外臣
害心
外城
外水
外積
街村
外族
外帯
街談
外底
外典
外転
害毒
外熱
外発
外皮
外物
外貿
外米
街民
外力
外緑
街路
画院
画会
画界
芽球
画境
画技
額絵
楽学
学義
学参
学室
楽所
楽神
学事
額字
学石
学績
学祖
楽想
学則
学治
学知
学店
楽典
学統
学頭
学徳
学半
学風
学仏
学務
学友
楽旅
学連
画景
画工
画号
画才
画賛
賀春
画商
賀正
画色
画術
画女
画題
画帳
額角
学活
楽興
学兄
合切
合財
合筆
月像
月令
画道
画筆
賀表
画名
画友
眼圧
願意
眼界
眼角
岩画
願学
願業
願行
眼識
岩質
岩種
願主
岩上
眼精
岩石
岩相
顔相
岩体
眼帯
眼中
眼毒
願人
岩版
眼福
岩粉
顔法
元品
岩脈
願文
岩流
喜雨
気液
器楽
気学
旗軍
気血
喜芸
期月
希酸
起式
帰宿
季春
帰信
帰心
帰神
機心
喜受
期税
木竹
気団
紀談
基通
気笛
汽笛
基発
基肥
基部
気脈
木理
喜鳴
基名
帰名
気鳴
客位
客演
客使
客乗
客注
客分
客遊
客来
客貨
規約
弓圧
求安
急雨
宮衛
給液
休園
旧円
救応
旧音
球音
旧記
給気
救急
旧教
宮禁
給金
弓技
泣血
急言
救災
旧妻
旧札
急坂
旧識
宮室
球質
休出
球春
弓術
宮女
級数
旧巣
旧村
旧族
旧地
求知
級地
給地
給知
休店
宮都
旧図
旧都
急登
旧冬
旧任
旧年
給配
旧版
休筆
救貧
旧品
急病
急便
旧物
旧聞
弓兵
急歩
宮保
旧法
旧本
救母
給米
救民
宮務
救命
旧名
求名
球面
給物
宮門
旧門
休薬
旧約
旧友
旧遊
球友
級友
旧来
旧例
旧路
旧話
挙一
教案
強運
共益
教王
経王
強音
京学
教学
教行
競業
経行
教区
教具
鏡群
教外
京職
教式
教主
共修
共習
共勝
協住
共助
協助
教場
教条
橋上
興情
教説
共戦
共線
教線
教則
競速
共属
強族
教体
京中
共電
強電
強毒
京内
教内
橋南
強馬
強皮
協弁
競歩
教法
橋北
教母
教木
交名
経名
教務
橋名
鏡面
教門
経文
共役
局課
局外
曲学
局側
極期
曲技
曲芸
局後
極左
極差
局紙
曲師
曲種
曲集
極小
極少
曲事
曲順
曲水
極則
極体
曲直
極年
曲馬
局番
極板
局票
曲風
局務
極夜
極洋
曲率
極量
曲例
曲礼
曲路
挙軍
去月
居室
去秋
去春
去声
去世
挙世
居席
許多
曲管
極官
曲型
極光
極功
極高
去冬
居動
挙動
挙父
挙要
機略
均圧
近位
近医
金位
金衣
禁衛
金液
禁園
金円
金塩
近海
近刊
金管
近眼
近居
金牛
近業
禁軍
金軍
金毛
近景
金欠
金言
金粉
均合
近国
近作
禁札
金札
近在
禁書
禁食
近信
近心
金神
禁色
金相
禁則
近村
公達
金談
禁中
禁鳥
禁庭
均田
金得
均熱
金判
金馬
金波
金布
金分
金文
金風
近歩
禁物
均輸
禁輸
近来
禁旅
近流
禁令
金冷
議運
技科
義眼
義挙
義金
義訓
義解
技芸
議言
技工
義祭
義手
義心
義臣
義女
義戦
義倉
義足
義徒
義夫
義婦
義父
義兵
技本
義民
逆悪
逆足
逆位
逆運
逆軍
逆語
逆産
逆修
逆心
逆臣
逆進
逆字
逆順
逆性
逆成
逆説
逆走
逆調
逆徒
逆徳
逆入
逆比
逆筆
逆法
逆理
牛化
牛角
牛群
牛形
牛耕
牛後
牛舎
牛種
牛耳
牛刀
牛馬
求肥
牛歩
行学
行願
行解
業際
行信
行実
行住
行数
業通
行伝
行服
行仏
業余
業容
行力
行礼
業歴
魚眼
玉案
玉衣
玉音
玉花
玉眼
玉顔
玉室
玉車
玉条
玉成
玉清
玉製
玉体
玉代
玉池
玉笛
玉頭
玉堂
玉歩
玉門
玉葉
玉類
漁具
魚形
魚種
漁色
魚信
魚数
漁政
魚族
魚体
魚鳥
玉器
魚田
漁灯
魚道
魚毒
魚肉
魚板
魚皮
魚肥
魚病
漁夫
漁父
魚服
漁法
魚味
魚文
魚油
漁連
漁労
技量
銀位
銀印
銀塩
銀価
銀貨
銀漢
銀器
銀鏡
銀経
銀札
銀山
銀糸
銀主
銀賞
銀地
銀子
銀製
銀線
銀台
銀笛
銀頭
銀白
銀歯
銀馬
銀板
銀筆
銀皮
銀票
銀粉
銀緑
銀輪
空圧
空位
空海
空格
空技
空行
空谷
空後
空佐
空際
空山
空士
空性
空相
空心
空自
空城
空石
空説
空走
空燃
空包
空望
空名
空理
空陸
空力
空林
空輪
空冷
空老
区営
苦役
久遠
苦果
区会
句会
苦海
口決
区検
口業
草屋
句集
苦受
苦参
句数
薬代
区税
句題
句中
区点
句点
苦肉
国造
国本
苦熱
句法
公方
句末
公役
句友
功力
句歴
黒油
黒衣
黒炭
君学
君公
君国
君臣
君親
訓辞
君側
訓注
君長
君徳
君王
君父
君民
訓民
君命
訓話
具案
共業
具格
具眼
具象
救生
具注
求得
軍営
郡衛
軍役
軍王
郡王
郡会
軍学
群議
軍議
群玉
軍区
郡区
郡家
群軽
軍犬
軍戸
群行
軍功
軍港
軍行
群才
群参
軍産
軍財
群山
軍種
郡守
群心
群臣
軍神
群数
軍争
軍卒
群像
郡代
郡地
郡治
群中
軍中
郡中
群長
軍長
郡長
軍転
群童
郡道
群読
軍馬
郡評
軍費
軍票
軍夫
軍服
軍防
軍務
群迷
軍命
郡名
軍門
群落
郡立
軍略
軍旅
郡領
軍令
軍歴
軍列
軍路
群鹿
景雲
軽挙
景教
軽協
形局
経義
経空
経血
経書
形神
経線
軽税
形像
軽打
京兆
計帳
軽重
景徳
京奈
経熱
軽風
景物
軽兵
競望
計面
経友
計略
化外
加行
毛衣
化主
化身
化城
花池
結願
化鳥
血球
結句
結社
血相
結体
結隊
血中
欠品
血風
血粉
欠本
欠位
血雨
血河
欠月
欠減
結言
欠字
結縄
血族
血毒
欠番
欠便
欠文
血便
血脈
決明
血友
血余
欠略
結連
化仏
花報
外連
検圧
検印
建軍
検血
見識
検車
犬舎
険所
健食
検食
建水
県税
健側
検則
検測
験測
県卒
健体
県隊
見台
検断
検田
検電
験電
犬肉
険坂
犬馬
検梅
県評
犬皮
県費
建墓
県木
研北
健末
見脈
検務
県務
検面
見面
検役
県有
検流
見料
建礼
県令
険路
芸界
芸格
芸態
芸談
芸統
芸道
芸備
芸風
芸脈
芸名
芸林
芸歴
外京
逆旅
夏行
外宮
下郡
下血
下国
下足
月界
月産
月謝
月商
月色
月食
月神
月夕
月央
月差
月図
月台
月名
月明
月利
月率
月林
月輪
外道
下人
下熱
解表
下薬
解由
原意
言意
原塩
現王
減格
言外
限外
原岩
原魚
現業
現銀
原句
言句
原件
限月
現今
眼根
元号
減災
現車
言者
現身
減弱
現修
現受
言述
験術
原水
原図
原石
言責
元素
現想
原体
原隊
原炭
減炭
現着
原注
原虫
原電
験得
験徳
原肉
減肉
現任
原版
原板
原表
減便
原皮
原肥
減肥
元標
言表
現夫
元兵
現兵
原末
原味
現務
原綿
原毛
原薬
減薬
減容
現用
言路
元老
原話
小家
口愛
興雨
香雨
好悪
公王
公海
講会
公挙
好局
香魚
好銀
校訓
高家
向春
公準
工順
後生
後席
講席
鉱石
黄石
広節
後接
後節
考説
高節
高説
公単
光毒
鉱毒
黄肉
公病
幸便
後便
公辺
口辺
好変
好編
後編
後辺
向米
口弁
広本
校本
公墓
好味
鉱脈
後面
鉱油
広録
古駅
古音
湖海
古曲
湖魚
国安
黒暗
国意
黒印
国記
国解
国号
黒質
国章
告身
告辞
国事
国字
国図
国祖
国損
国電
国都
黒肉
国年
黒表
黒変
国弁
国法
黒曜
国利
国老
個計
古形
湖月
古現
古言
故国
古札
故殺
固山
故山
古社
古酒
戸主
故主
古昔
古説
湖川
古相
古茶
古注
戸長
国幹
国漢
黒球
国均
国禁
国金
国訓
古徳
古年
故買
古筆
個票
個表
個品
個物
古仏
湖辺
古方
古法
独楽
古名
古流
古例
根圧
混一
混泳
根音
混芽
今局
混見
混酸
混種
根出
混牧
混米
根毛
混流
根量
今例
合営
合界
号外
号給
業苦
合谷
合散
合字
号笛
合転
業念
業風
合名
合薬
極意
極印
極月
極暑
極製
極説
極低
極白
極貧
極老
語根
後号
語業
牛主
午食
語序
牛頭
語素
語族
語長
業識
後仏
語脈
護民
語問
語類
語例
言中
近門
差圧
最愛
再圧
細案
祭衣
西院
才英
再役
再往
再応
才学
西客
祭具
採型
細径
最決
才芸
最左
才差
細作
採材
細材
妻室
才質
祭室
祭主
祭酒
菜食
菜頭
才術
才人
祭神
採水
再設
細節
細太
才徳
採得
最特
細動
採肉
再犯
最判
細馬
採貝
才筆
細筆
最貧
祭服
才物
才弁
細末
最明
最民
災民
細民
細毛
採薬
最落
才略
最略
左羽
差音
作印
作因
作音
作手
作種
作食
作事
作条
作設
昨対
作題
昨朝
作土
作人
作能
昨非
作変
作毛
作問
作料
作例
作礼
作話
酒質
左近
茶梅
左室
左社
差数
左直
殺界
刷版
殺法
刷数
察番
殺母
殺未
左飛
左表
左府
佐命
作略
差略
茶礼
賛意
産育
山雨
山雲
産機
散居
産金
産銀
参軍
山群
産軍
酸欠
山月
山茶
山色
酸食
算術
散所
産所
山体
散茶
産直
産鉄
酸毒
産肉
産熱
産年
賛念
酸鼻
散文
賛文
散木
山民
酸量
参礼
罪案
財運
在貨
財貨
財界
財規
在級
罪行
在空
在家
罪業
罪質
材種
在生
罪証
罪性
材色
財神
罪状
罪数
材積
罪責
在村
在台
在隊
財投
在特
財特
在判
在阪
在番
在比
財副
在仏
在満
在命
財物
在野
財有
財用
財利
財力
雑曲
雑件
雑考
雑識
雑集
雑書
雑節
雑則
雑地
雑豆
雑費
雑筆
雑評
雑粉
雑報
雑本
雑業
雑軍
雑芸
雑事
雑税
雑損
雑題
雑入
雑文
雑民
雑務
雑録
残液
残花
残寒
残基
残機
残気
残京
残金
残欠
残菜
残殺
残紙
残暑
残心
残生
残席
残雪
残像
残地
残柱
残土
残任
残熱
残氷
残品
残部
残物
残便
残兵
残編
残務
残夢
残夜
残油
残率
残量
指圧
市易
指帰
色衣
色界
色覚
色感
式楽
色境
識見
色光
色差
色材
色食
色神
識身
識字
式日
色弱
式順
色相
色帯
識達
式台
色代
色的
職田
色度
色道
式能
識能
色票
式服
式部
式文
式法
色法
色名
色面
式目
司空
司郡
市郡
指月
歯根
糸根
師主
詩酒
史実
子実
詩術
市水
止水
市税
士卒
質業
質地
質物
試茶
司直
失活
失計
失政
失対
失体
失着
失注
失調
失投
失費
失意
室員
室温
質義
質議
失事
室数
質点
失徳
質分
失保
失名
室名
失約
失立
失路
指頭
枝頭
死毒
死肉
指板
指版
歯板
死番
史筆
始筆
紙筆
試筆
死病
士風
詩風
指北
支脈
歯脈
死脈
市門
死門
社運
社屋
借音
借銀
借字
借貸
借庭
借名
借料
社訓
写景
舎兄
車限
社号
社参
車室
車重
社数
写図
社祖
社倉
社則
舎則
車速
借景
写得
謝肉
社日
社人
車番
社費
舎費
写票
社標
車夫
社風
車兵
写法
社報
写本
謝物
写野
写友
社友
社有
社用
車力
車輪
試薬
手圧
集王
集音
州花
州外
習気
集魚
拾玉
州軍
州郡
集解
祝言
集古
集財
終車
周術
修女
周上
週数
州税
周速
集村
周代
集題
修竹
周長
周定
終発
終筆
周備
修文
秋分
州法
週報
州牧
終牧
州民
秋夜
終夜
終油
修友
秋夕
秋林
守衛
主音
主家
酒化
酒家
酒害
種額
守旧
首級
酒興
主局
宿悪
宿意
祝意
宿院
宿雨
宿運
宿王
宿外
宿学
宿願
宿業
宿罪
宿所
宿神
宿世
宿政
宿村
祝電
宿徳
宿道
宿内
宿年
祝文
宿便
宿母
宿望
宿民
宿曜
宿料
宿老
手具
主群
修験
守戸
守国
主根
手根
種根
主査
主室
主神
守心
酒心
酒神
主日
種数
酒数
主節
種属
種族
主知
酒池
出格
祝喜
宿根
出舎
出車
出巣
出息
出音
出銀
出自
出母
出門
出用
手低
主島
酒毒
種内
酒肉
種皮
主筆
手筆
首標
主品
酒品
主病
修福
首服
主部
首部
主文
守文
主兵
守兵
手兵
主編
主弁
酒保
酒母
主木
主脈
主馬
種綿
主夜
酒友
守礼
酒連
首連
手録
春温
春化
春歌
春画
春景
春月
春光
春耕
春色
春情
春昼
春天
春分
春望
春本
春遊
春陽
小医
小委
勝運
商運
招運
省益
小円
消音
勝共
小工
章句
照空
焼結
勝解
笑芸
招月
商材
招春
小職
少実
松実
精舎
正税
小組
勝着
小弟
少弟
章程
小伝
招電
商道
小堂
証道
商農
小農
消波
省筆
招福
正物
小変
小編
省別
焼木
章末
小満
正脈
招民
章目
小勇
勝楽
商陸
勝率
商流
小流
正流
少類
生類
証類
商連
所演
書屋
書格
書画
所外
書外
書学
所願
書技
職安
職位
食医
食栄
職訓
職群
食原
植採
食積
植食
織女
食人
食神
職組
植相
食草
食台
食治
職長
食鳥
食通
織徳
食毒
職発
織布
植福
食服
職名
職由
植列
職労
所求
所化
所解
書芸
初現
所言
初語
書語
初号
初刷
書札
所産
初職
所税
初祖
食貨
職階
食客
職級
初伝
初電
所伝
書伝
初度
初読
暑熱
初発
書板
初筆
書筆
書票
書評
書美
初便
書風
所部
初編
書目
初夜
所役
初留
書流
書林
初列
白雲
白玉
白土
白面
調役
白眼
史略
支流
枝流
史林
士林
士列
歯列
白油
白皮
白頭
白炭
白点
白花
深愛
真愛
信印
心因
新院
真印
真因
進運
新営
真営
親英
親衛
新駅
神易
新円
真円
心黄
新王
深温
心眼
新客
神牛
親魚
新銀
神君
心血
心月
新月
信言
心原
神言
心識
神式
身識
参宿
心術
真数
新税
新則
身肉
信女
身熱
深発
親仏
深部
新風
真風
清兵
親米
神別
親北
信望
深望
清末
新味
真味
進未
申脈
新民
臣民
親明
心無
心目
進物
神問
神文
神門
親油
深流
神鹿
寺運
時運
次駅
自益
地黄
時王
寺額
食香
直参
直臣
直説
直孫
直弟
直門
次客
持経
自強
時局
自局
直領
字訓
自軍
寺家
次妻
時人
自損
地玉
実機
実境
実教
実根
実参
実者
実車
実職
実説
実損
実竹
実徳
実悪
実意
実有
実学
実語
実事
実字
実辞
実打
実大
実伝
実年
実念
実売
実備
実部
実妹
実名
実綿
実量
実歴
実録
実話
自独
自読
地熱
時風
事物
持仏
次編
自暴
自脈
持明
耳目
地物
次問
自門
弱酸
弱勢
弱声
弱卒
弱毒
弱肉
弱風
弱兵
弱冷
弱形
弱行
弱国
持薬
受圧
受育
拾因
住屋
住家
重科
重解
住管
重感
重金
重軽
住血
重言
重根
重罪
住室
重質
重種
重水
重積
重責
住設
重税
重調
重電
住都
重農
重判
重犯
重病
重弁
重列
受液
受感
受寄
授記
受職
授時
授術
入内
術計
術数
術側
述体
述定
術衣
述格
術学
術眼
術芸
術式
術部
述部
術野
受田
受働
受動
受肉
受熱
授粉
入木
順快
順境
順逆
準高
順光
準州
順正
準則
順孫
順達
準夜
順流
順列
順路
情愛
常圧
常有
上音
情願
城居
常訓
乗具
上宮
上計
場景
情形
状景
上古
定業
上首
城主
常続
上長
情調
城南
常念
情念
常敗
上白
上分
上聞
上兵
城兵
上歩
常歩
城北
上米
定命
常命
常民
上命
城名
条名
条目
常夜
常楽
常理
情理
条理
条里
乗率
上略
上列
情話
女花
序歌
女給
女訓
女軍
助業
助祭
助材
女色
序数
序節
序説
女孫
助炭
女短
女徳
助燃
女筆
女婦
女服
序文
序編
序品
時余
自余
時様
次葉
滋養
自用
自落
事略
事歴
次列
人牛
人血
人言
人才
人災
人士
人車
人証
神水
人祖
人徳
神便
人毛
人流
水運
水液
水界
水宮
水協
水曲
水牛
水銀
水軍
水研
出挙
水字
水術
水石
水速
水治
水天
水徳
水特
水団
水毒
水波
水馬
水飛
水筆
水明
水楽
水陸
水輪
数検
数行
数唱
数町
数独
数表
数目
数略
数列
末葉
初願
数息
炭質
図案
図学
図根
図象
図色
図像
図帳
図典
頭熱
頭燃
頭風
図名
正圧
星位
正位
青衣
星雨
晴雨
星雲
西学
静学
成均
正逆
成牛
青玉
正銀
制空
正訓
清月
生谷
青黒
精根
静者
星主
清酒
静修
世出
正出
晴日
政術
正準
成女
精女
青女
正切
正接
精説
西説
世祖
成祖
正続
政談
星団
清談
製茶
生着
正丁
正伝
清熱
青白
精麦
製麦
正番
製番
性比
政費
星表
精評
青氷
青票
性病
精粉
成兵
正兵
西兵
精勉
勢望
声望
性味
世務
性夢
成務
性毛
井目
星夜
静夜
政略
西旅
成林
星林
青林
星列
積悪
石印
積羽
席運
積雲
赤雲
石英
石化
赤海
席画
石画
赤球
赤県
潟湖
赤黄
積差
席主
赤心
席次
昔時
席順
石人
石製
積送
席題
石地
石竹
石中
石柱
積徳
積土
昔年
積年
石馬
石板
石版
石筆
赤貧
責付
石風
石兵
赤変
赤方
席末
石門
世鏡
赤緑
石林
石列
積和
世故
世才
世事
世辞
世上
世情
世数
世説
世相
節会
石火
雪花
節季
石球
赤血
赤黒
切歯
節士
節車
切所
節所
説唱
雪松
接神
接心
節足
雪中
雪柱
節調
雪白
節筆
雪氷
雪風
説解
節球
節義
雪原
接語
雪後
接辞
雪上
雪庭
雪皮
設標
説文
雪夜
節理
雪里
世道
世評
世福
選悪
戦雲
船運
戦役
先王
戦果
船価
選果
選科
先回
浅海
先覚
線画
先学
浅学
船額
戦局
選局
戦技
先君
戦訓
先軍
先号
浅春
先書
先節
船団
先徳
船特
先度
戦備
先便
先非
戦費
戦評
先負
選仏
線分
先夫
先婦
先富
船夫
先兵
船保
選民
先務
戦務
戦無
線名
線毛
戦野
先約
選薬
戦友
線輪
戦歴
戦列
船列
税印
税外
税経
税則
税表
税務
税目
絶海
絶境
絶景
絶作
絶勝
絶唱
絶世
絶島
絶東
絶版
絶筆
絶技
絶後
絶待
全圧
全円
全音
全顔
前岸
前眼
全級
前急
全協
全銀
前訓
全血
全山
前室
前司
前時
前条
全数
全図
前図
全損
全中
前注
全伝
全波
全評
全備
前便
前非
前表
全府
前仏
全兵
全民
全問
前問
前門
前約
全量
前歴
前連
前路
全労
草愛
総員
総演
相悪
総画
草画
早強
草魚
相銀
走句
総軍
総結
早材
草種
総序
相則
総則
倉卒
草卒
草炭
送入
相人
想念
早年
相念
送念
送筆
総表
総評
相分
草本
送油
争友
総有
巣落
相輪
素音
祖業
側圧
側囲
足囲
側衛
側芽
足芽
速算
側手
束修
速修
測色
足食
息女
側条
測水
束生
側対
束帯
側注
側道
息男
足熱
側板
側筆
速筆
測標
側布
側副
側辺
足歩
側薬
足浴
速率
足労
祖訓
祖型
祖現
素元
素原
素女
祖孫
測角
測器
測気
側根
足根
卒死
卒意
率意
卒準
卒前
卒単
素点
祖伝
祖徳
祖堂
衣物
祖法
祖本
素問
祖油
祖来
村医
損額
損気
損出
損所
村寺
村数
村税
村堂
村童
村道
村費
村法
村名
損物
村有
村立
損料
造悪
増温
造岩
造顔
雑行
増区
造句
雑訓
雑具
増血
増石
造山
象舎
雑舎
象耳
造字
造次
増巣
造像
増体
増炭
像柱
像点
増灯
象頭
雑毒
像内
雑人
増熱
増破
造波
増白
増倍
象皮
増備
象兵
造兵
造本
造墓
像法
像面
造陸
雑令
増力
属員
属間
属州
属城
属人
属数
属地
族長
続任
続命
属名
族名
族葉
属領
続録
続開
属格
属官
多圧
体圧
大運
対英
大願
帯下
対月
対合
対告
体術
帯水
大全
大典
対南
大任
台農
大白
太白
大備
対備
隊服
対仏
対物
大望
対満
対明
体毛
大勇
大令
大礼
隊列
大練
大録
田面
多給
他群
他軍
多血
他作
他殺
多産
多酸
他財
多罪
多財
他山
他室
他州
多色
多情
他船
多線
多選
多側
他族
立毛
多調
達見
達識
達意
達眼
達文
達弁
炭団
多肉
多売
多肥
他筆
他品
他風
他物
他辺
多辺
多歩
他本
他力
他流
足玉
多連
単営
単横
短角
単幹
単管
単館
炭管
単眼
単願
単球
単級
短急
単協
単極
単義
単形
短形
短径
短見
単月
炭庫
短才
単材
炭材
単式
単車
炭車
単勝
短章
単親
短日
炭住
単数
単相
短息
短足
単属
炭柱
短柱
炭田
単肥
単票
短評
単複
炭粉
反別
単弁
短兵
単包
単味
炭脈
短命
単面
単毛
短毛
単葉
単利
単立
単量
炭量
単列
単路
題意
台板
代印
台印
大印
大院
大雲
代演
大円
大遠
代価
台下
大果
大覚
題画
大逆
大検
題号
大材
台皿
題述
大序
大伝
大徳
大毒
提女
大熱
代配
大悲
代品
代返
大北
代脈
打通
打低
打法
打面
断案
断雲
断易
男王
断橋
断金
団交
男工
断酒
団信
男身
断想
男孫
断像
団茶
断毒
団内
断編
談理
地圧
知育
地運
地役
地温
竹園
竹幹
竹材
竹枝
竹紙
竹炭
築庭
竹頭
竹皮
竹筆
築法
竹木
竹門
竹葉
知解
地財
治罪
知財
治者
知者
置酒
知州
治所
知術
地積
治績
置設
地税
知足
竹管
竹根
地丁
地底
地鉄
知徳
知日
地判
地番
治病
地府
知府
地文
知分
地変
知米
知弁
地歩
池北
地母
池面
地目
茶園
茶金
着圧
着外
着差
着車
着数
着底
着点
着肉
着発
着氷
茶芸
茶書
茶商
茶席
茶説
茶通
茶庭
茶法
茶味
茶名
茶量
茶類
中圧
中印
中有
中英
中衛
中温
注音
虫害
中観
中業
中銀
虫具
仲語
柱式
中質
中種
中秋
仲秋
仲春
中書
中水
柱石
沖積
中線
虫損
中農
中波
中仏
中編
仲父
中北
注本
中墓
中馬
柱面
中薬
注薬
中量
柱列
中老
知勇
知友
長衣
鳥雲
長円
調活
帳外
町外
鳥害
長久
長弓
長近
長君
長元
朝護
長祭
朝三
朝参
長日
町税
調速
長足
長柱
帳面
長頭
丁銅
朝堂
町堂
町道
丁半
町費
帳票
朝米
町木
朝務
町務
町有
調略
直圧
直員
直往
直音
直産
直資
直証
直示
直受
直授
直生
直積
直長
直投
直登
直働
直配
直評
直方
直毛
直用
直利
直列
直路
貯食
貯精
貯貸
貯炭
直解
直協
直根
貯湯
貯木
貯油
治要
治略
知略
地類
地歴
地連
追感
対句
追行
追号
追福
通意
通運
通役
通液
通解
通級
通議
通経
通研
通言
通日
通数
通線
通船
通則
通直
通道
通板
通票
通便
土神
低圧
定圧
低王
弟王
低確
定格
底角
停刊
底岩
庭訓
低空
定係
弟兄
定見
低語
定差
低酸
定在
低山
低質
底質
定借
定積
低接
定線
定船
丁税
庭前
提題
提定
停動
底版
定評
低部
底部
定分
定文
底辺
提法
定本
底本
定理
適塩
適業
適言
適語
適才
適作
適式
適者
適職
適実
適状
適電
適年
適評
適木
適役
適薬
適利
適例
鉄管
鉄球
鉄血
鉄札
鉄相
鉄証
鉄心
鉄石
鉄損
鉄地
鉄柱
鉄刀
鉄筆
鉄粉
鉄絵
鉄塩
鉄丸
鉄魚
鉄材
鉄山
鉄質
鉄条
鉄水
鉄製
鉄属
鉄底
鉄部
鉄北
鉄木
鉄門
鉄量
鉄輪
鉄類
鉄路
転圧
典医
天意
天衣
転衣
天板
天運
天円
転園
転遠
転音
天格
店格
点画
典楽
天楽
天眼
天顔
天宮
天極
転義
転句
天空
天軍
典故
天庫
転語
転合
天産
典式
天質
典書
天助
天人
天水
点水
転図
転折
天祖
転想
転相
天測
天孫
天造
転造
点茶
天中
天柱
点注
転注
天徳
天耳
天女
点鼻
天物
店別
天望
天味
天目
典薬
点薬
天来
点立
天輪
点列
天路
天鹿
伝衣
伝音
電界
電関
電画
伝共
伝教
電業
電空
伝建
伝研
電験
伝国
田根
伝産
電産
電算
電材
電修
伝書
電照
電植
電食
電弱
田数
伝声
電制
田積
電束
電測
伝単
電着
電停
電点
田土
伝熱
電熱
田皮
電文
田野
電略
伝領
田令
電量
伝令
電令
等圧
答案
当駅
等温
頭音
冬芽
東学
等覚
頭額
東去
灯具
当家
当犬
登研
当月
当色
等式
冬春
灯心
当住
刀術
答術
当席
等積
答責
当節
頭像
冬虫
頭中
頭注
東低
東庭
当土
東土
登堂
頭肉
登熱
東博
等倍
刀筆
灯明
頭毛
湯問
答問
当薬
頭薬
当来
当落
当流
投力
刀礼
当路
登路
都管
都外
徳育
特飲
特運
特演
特管
特学
徳経
徳義
特技
得牛
得業
徳才
得失
特質
特所
特招
特賞
得示
特上
徳神
得数
特石
得船
得選
徳相
特則
特損
特地
得通
特電
特任
特番
特病
特風
得分
徳分
特保
得法
徳望
特暴
特務
特命
徳目
特用
特養
特浴
特労
特老
土軍
都護
利心
特会
特快
徳器
特機
特区
徳行
特交
特効
特講
特高
徒博
都費
都門
土圧
動愛
同愛
同圧
道営
堂屋
同角
銅角
同金
同玉
同君
同訓
道君
同宮
同根
同号
堂号
同言
同式
導術
道術
同節
同側
同卒
同属
同着
動電
導電
動熱
同博
銅版
同比
同飛
同筆
道服
銅粉
動弁
同母
動毛
同門
同役
同薬
同友
童遊
道友
道用
道力
導流
動輪
同令
土運
土音
土禁
独案
独泳
独英
毒液
独往
毒化
独眼
毒魚
独軍
独資
読史
読師
毒手
毒酒
独相
独女
独参
独対
毒茶
独日
毒念
毒筆
毒婦
独文
独米
独法
読余
独領
独和
独話
土語
土質
土祝
度生
土人
土倉
土対
土長
読会
独覚
独禁
独標
土馬
土法
土民
土量
度量
土類
内意
内因
内院
内運
内温
内局
内区
内空
内君
内言
内湖
内合
内妻
内室
内周
内城
内水
内台
内帯
内鉄
内典
内伝
内燃
内反
内弁
内貿
内薬
内話
流質
名代
奈女
南院
南園
南学
南岸
男官
南境
南限
南湖
南人
南庭
南辺
南門
南流
苦茶
肉愛
肉界
肉芽
肉球
肉交
肉根
肉情
肉代
肉池
肉柱
肉筆
肉粉
肉林
肉類
日軍
日限
日語
日支
日食
日人
日満
日量
日輪
日録
日件
日歯
日周
日神
日直
日布
入気
入客
入級
入境
入玉
入祭
入神
入息
入刀
入費
入夫
入文
女液
女根
女職
女肉
女犯
任運
任国
人師
任所
任他
任脈
任料
熱化
熱火
熱球
熱型
熱殺
熱暑
熱水
熱素
熱地
熱低
熱鉄
熱風
熱圧
熱塩
熱月
熱情
熱電
熱度
熱動
熱板
熱面
熱流
熱力
燃圧
年運
念覚
年額
年級
年給
年欠
燃材
念写
念親
念者
年税
念夢
燃油
年利
念力
農育
能会
能開
農会
能格
能書
農牛
農具
能芸
農芸
能言
農戸
能作
能才
農舎
農書
農住
農神
能相
農電
能毒
農馬
能筆
能文
農兵
農本
農牧
能米
農料
野草
波圧
配位
配意
敗因
敗運
配球
敗局
敗軍
敗血
配光
配向
敗残
敗勢
敗西
配席
敗着
敗兵
敗報
敗率
破屋
破鏡
博愛
白雨
白桜
白顔
白軍
白質
白象
白灯
白道
白銅
白肉
白麦
白票
白兵
白明
博約
白羊
白鹿
白話
破軍
波束
破談
博古
発災
発赤
発程
発引
発駅
発頭
発語
発燃
発馬
発毛
波導
母型
破風
破仏
破防
波面
破面
破落
波力
半金
半玉
半句
反軍
半芸
半言
半国
半作
反三
版式
判者
飯頭
犯情
犯状
半切
反切
反税
半損
版築
反独
阪奈
半肉
半麦
半白
判評
半武
半風
半平
半歩
反報
飯米
反満
判物
半文
半役
半遊
半里
反立
半両
半量
飯量
半輪
犯歴
半労
阪和
倍圧
売位
倍角
売官
買官
倍額
貝器
買魚
売血
梅月
買鉱
売国
売茶
買参
売山
貝子
貝種
買首
売笑
売色
売船
売炭
倍大
売電
買電
売得
梅肉
売品
売文
買弁
売防
倍満
売名
貝母
売薬
買油
貝葉
馬格
馬牛
麦雨
麦価
麦芽
麦器
博才
博労
馬借
馬耳
馬術
馬政
馬正
馬前
馬足
馬速
馬体
馬着
末家
末学
馬丁
馬頭
馬肉
馬皮
馬夫
馬布
馬名
馬料
番菜
番卒
番太
番役
肥育
悲引
非運
飛雲
飛駅
費額
非学
悲泣
飛球
非挙
悲曲
非極
飛空
飛札
非在
非修
悲秋
比照
悲色
非職
非心
飛信
比準
肥人
非勢
皮節
飛節
筆下
筆管
筆耕
筆才
必殺
必食
筆勢
筆生
必戦
筆戦
筆線
筆体
必達
必中
筆調
筆法
筆圧
筆意
羊肉
筆順
必定
必伝
筆道
必備
筆木
筆脈
必務
筆名
筆路
悲田
飛電
皮内
比熱
非売
非買
肥筆
悲風
皮粉
非仏
皮弁
非弁
非命
皮毛
飛毛
費目
非役
氷圧
氷温
表音
氷海
表外
氷球
兵具
表見
標号
表号
表札
表在
表材
氷山
評書
平声
標章
表章
表証
表象
氷食
表色
氷心
氷人
標石
氷雪
評説
氷像
標治
表徳
氷土
表土
表内
氷風
標木
表末
標目
氷野
表流
非理
品温
貧鉱
貧国
貧者
貧女
貧人
貧村
貧打
貧道
貧農
貧病
貧富
貧福
貧民
貧毛
貧楽
美育
美顔
備急
備給
美挙
美境
備金
美技
美犬
美言
鼻根
美質
美神
美身
鼻心
美事
美辞
美城
美水
美石
美績
鼻祖
美想
備置
美田
美童
鼻道
美肉
美風
美服
美物
美名
白散
白法
白緑
病衣
病家
病義
病牛
病魚
病型
病根
病妻
病災
秒札
病識
病者
病舎
病身
秒時
病勢
病性
病前
病素
病側
秒速
病像
病鳥
病毒
病熱
病馬
病夫
病婦
病父
病母
病例
便数
便追
便船
備長
便名
負圧
不育
不一
府印
父音
負因
風位
風解
風害
風眼
風教
風橋
風月
風災
夫子
風色
風信
風勢
風声
風前
風体
風態
風笛
風導
風熱
風刀
風量
風話
不活
不学
府学
不挙
不許
付曲
負極
不空
福運
複塩
副王
複音
福家
副階
複管
副鏡
複業
副菜
副使
復氏
複糸
複式
副室
福者
副守
副手
副書
復初
復所
複信
復水
副性
副成
副生
服制
複素
複属
副体
複体
副題
福茶
復田
復電
副都
復都
複都
福徳
副番
副文
復文
福分
複文
複弁
福報
複方
福北
副木
府郡
府庫
富国
不語
不識
富者
不出
夫食
不受
不住
負数
付節
付説
副官
復曲
仏京
不対
仏英
仏語
仏産
仏紙
仏字
仏製
仏版
仏兵
仏和
不伝
不入
不燃
不敗
不売
不買
布武
阜部
不文
不犯
負名
不問
不立
富力
分給
粉鉱
粉青
分速
粉体
分銅
分秒
粉本
部案
武運
部益
武音
武官
武学
武挙
武技
武訓
武具
武芸
武功
部室
武断
仏器
仏光
仏工
物交
仏式
仏者
仏舎
仏所
仏書
物証
物象
仏説
仏祖
仏足
仏典
仏天
仏徳
仏意
仏音
仏画
仏学
仏眼
物財
仏真
仏事
仏寺
物税
仏伝
仏土
仏日
仏名
仏面
仏母
仏用
仏力
物力
部兵
武辺
部別
武弁
部末
部面
武勇
武遊
豊楽
武略
分圧
文案
文運
分営
分液
分画
文外
分機
分局
分極
文金
分木
分区
文群
分根
分際
分室
分社
文種
文人
分税
分相
文草
分損
分店
分点
文典
分島
分灯
文頭
分度
文物
分服
分福
文福
分弁
文報
分米
聞略
分力
文例
文礼
文話
兵運
平温
平音
平角
兵学
兵額
平元
平曲
平作
兵種
兵書
兵食
平信
平進
兵術
平水
兵数
兵戦
兵船
兵争
兵丁
平頭
平熱
兵農
平波
平版
兵備
兵変
平脈
兵務
兵略
変愛
変圧
変温
変音
返球
変局
変曲
辺区
辺郡
返札
辺材
辺際
編者
変種
編首
返書
編章
編組
変相
編中
編注
変電
返電
辺土
変年
編年
反鼻
変物
変分
変法
辺要
変量
米案
米塩
米語
米材
米式
米商
米製
米西
米道
米独
米日
米飯
米版
米仏
米名
弁財
別解
別境
別国
別室
別種
別章
別心
別製
別体
別置
別丁
別帳
別調
別品
別報
別愛
別案
別義
別後
別語
別号
別線
別大
別伝
別電
別便
別路
便意
便衣
便益
弁開
弁官
弁義
弁公
弁口
弁才
弁史
弁士
弁色
弁証
弁説
便中
便柱
便通
勉得
弁道
弁備
弁部
便服
弁法
便法
弁務
便量
米銀
保因
法益
方音
法音
方解
法海
方格
豊角
報禁
方金
法義
豊魚
法空
法具
放血
方広
法号
豊水
方図
包接
放線
法線
法孫
法造
法談
包虫
法灯
報徳
法内
包皮
豊肥
方筆
法服
報仏
放物
方木
包米
方民
放楽
法楽
法力
法量
法林
法輪
放列
方路
保運
北院
北音
北画
北岸
北限
北七
北守
北雪
北走
北足
北低
北庭
北天
北転
北馬
北府
北辺
歩軍
歩車
保税
歩卒
北寄
北帰
北境
法橋
北家
北湖
北行
歩武
歩容
歩様
本案
本願
本紀
本起
本宮
本罪
本種
本地
本図
本則
本草
本属
本治
本犯
本病
本品
本仏
本府
本務
本面
本様
本令
本例
本話
暴雨
防雨
防液
暴王
望海
望気
防球
暴挙
防共
暴殺
防材
望春
防食
暴人
暴政
防勢
防声
防雪
暴対
暴追
防毒
防熱
暴評
暴富
暴兵
暴民
防油
暴勇
望洋
暴利
暴流
防鹿
母液
墓園
母貝
母岩
木牛
牧者
牧舎
木主
牧神
牧人
木石
牧笛
牧童
牧農
牧馬
牧夫
牧父
牧民
牧羊
墓群
母原
母公
母港
母妻
母材
墓室
母神
墓上
墓前
墓相
母巣
歩荷
木強
母店
母徳
母堂
母父
母法
墓名
母名
墓列
毎期
毎号
毎食
毎時
毎次
毎代
妹弟
毎筆
毎葉
真顔
末客
末社
末章
末世
末節
末孫
末法
末音
末技
末残
末寺
末女
末代
末部
末文
末流
馬店
満液
満仮
満会
満海
満漢
満業
満限
満作
満山
満身
満城
満場
満人
満席
満台
満地
満堂
満備
満票
満目
満門
味液
未決
未耕
未産
味識
未着
未読
緑葉
未燃
未配
未必
未病
脈圧
脈候
脈波
脈理
脈流
脈管
名記
明経
明行
命根
名号
明春
命終
明星
明清
明頭
明堂
明年
命婦
明法
名聞
明門
明夜
名利
民屋
民画
明楽
民居
民行
民具
明軍
民芸
民戸
民際
明史
民資
明式
民商
民心
民情
民設
民選
明笛
民鉄
民都
民度
民反
民費
明服
民福
民兵
民暴
民望
民本
明末
民利
民立
民力
民録
無圧
夢応
無王
夢覚
無格
無額
無業
無血
無月
夢告
無告
無妻
無才
無三
無産
無雑
無室
無終
無宿
無住
無水
夢相
無想
無相
無足
無代
無題
無貯
無底
無天
無電
無熱
無標
無氷
無病
無辺
無勉
無弁
無墓
無味
無明
無毛
夢遊
無余
無類
名印
名運
鳴管
明眼
迷宮
明許
明鏡
名玉
明玉
名君
明君
明決
名月
名語
名材
名識
命式
名車
名宿
明色
名神
名臣
迷信
名数
命数
名節
明線
名走
名族
明帯
明達
名鳥
迷鳥
鳴鳥
名笛
名筆
名評
名編
名望
命脈
迷夢
名薬
命友
迷友
明要
名流
名老
面圧
綿花
面感
面外
綿球
綿業
面向
綿混
綿材
面材
面心
綿実
面像
面朝
面部
綿布
面門
綿羊
面容
毛管
毛芽
毛根
毛状
毛帯
毛包
毛母
毛様
毛量
木階
木魚
木業
木玉
木人
目節
木船
木中
木鉄
目読
木版
木皮
木粉
木部
木本
目名
木毛
木門
木活
木球
木橋
目今
物相
門院
門衛
門客
聞経
聞解
門限
門札
門主
門神
問術
門数
門地
門灯
門頭
問話
門内
門番
門標
聞法
門末
問名
問目
門流
聞老
夜雨
夜会
野客
夜学
夜曲
薬医
薬園
薬王
約音
薬害
薬群
薬札
薬識
薬室
薬種
薬酒
薬商
約条
薬水
約数
薬性
役席
薬石
薬祖
薬大
薬茶
薬中
薬帳
薬毒
薬能
役分
役変
約保
薬包
薬方
役満
薬務
薬用
薬力
薬礼
薬歴
野群
野乗
夜前
夜想
夜走
夜直
薬経
役金
薬効
夜天
野店
野白
野夫
夜分
有因
遊印
勇往
遊客
有額
有眼
遊金
遊君
遊具
友軍
右軍
遊軍
遊芸
有言
有産
勇者
有取
有実
勇卒
遊直
遊底
勇徳
遊動
有熱
遊農
有配
右筆
有標
有夫
有婦
勇武
右文
有報
遊夢
遊楽
勇略
夕練
油管
雪虫
輸銀
遊山
油種
油状
油送
輸卒
油単
油田
油灯
油土
油母
油脈
油面
油浴
油料
油量
油冷
陽圧
陽運
葉温
用械
用害
要害
容顔
洋客
容共
養牛
養魚
洋銀
羊群
要決
陽月
陽根
洋算
洋室
洋種
洋酒
陽守
要集
陽春
葉身
養親
容受
葉重
要術
陽数
要図
要説
養竹
洋刀
洋灯
羊頭
陽徳
洋銅
要道
陽動
葉肉
洋白
洋版
羊皮
用筆
陽物
曜変
洋本
養母
用木
葉脈
洋務
用務
要務
要目
葉油
葉理
要理
葉緑
要路
陽和
余栄
余角
余興
余行
浴後
浴女
浴湯
浴比
浴仏
浴用
予研
余国
余種
予章
余色
余日
余水
予責
余席
余接
余説
予対
浴客
余徳
余毒
予燃
余念
予表
余病
余風
余民
余類
来意
来街
来京
来県
来現
来光
来行
来札
礼紙
来室
来省
来信
来示
来席
来船
来電
礼堂
来復
来服
来由
来歴
落英
落書
落月
落枝
楽酒
落首
楽食
落日
楽受
落重
落水
落想
落速
落体
落丁
楽土
落梅
楽貧
落木
落綿
楽友
楽遊
落輪
落去
理外
力役
力感
力気
力積
力投
力能
力編
陸羽
陸運
陸王
陸化
陸風
陸側
陸岸
陸境
陸空
陸佐
陸産
陸士
陸式
陸相
陸水
陸戦
陸鳥
陸田
陸土
陸標
陸兵
陸防
陸面
里家
里合
利生
梨状
利雪
里選
利達
立県
立秋
立成
立冬
立刀
立位
立牛
立面
里道
理非
利病
利米
略案
略意
略画
略号
略式
略写
略章
略字
略体
略読
略売
略評
略服
略名
略要
両個
留飲
流雲
留液
流音
流感
流管
留去
流血
流言
留職
流心
流身
流説
流祖
流速
留鳥
留点
流読
流馬
流氷
流風
立米
留別
流民
流理
流率
流量
流路
良医
両王
両音
両河
領外
量額
良弓
両義
両牛
両区
両句
領空
両君
両宮
令外
両語
両妻
良妻
両山
両種
漁種
領主
領首
両宿
両女
両水
量水
両図
良席
良績
両説
両税
良税
両全
両祖
両属
両損
両隊
良田
良図
良能
良非
量比
両夫
両府
両部
令法
両便
良母
良木
良民
領民
良夜
領野
両役
良薬
両流
両輪
旅銀
緑衣
緑営
緑黄
緑眼
緑玉
緑黒
緑酒
緑書
緑心
緑住
緑水
緑石
力争
緑草
緑竹
緑柱
緑灯
緑土
緑肥
緑布
緑風
緑便
緑門
緑遊
緑林
旅舎
旅宿
旅次
旅上
旅団
旅中
緑旗
旅遊
利楽
理力
理路
輪王
林外
林学
輪形
林研
林下
輪採
林材
林試
林住
輪住
輪状
輪数
輪生
輪走
輪台
林中
林長
輪灯
輪番
林分
林務
輪面
林力
類音
類歌
類火
類曲
類句
類書
類親
類人
類数
類題
類地
類典
類同
類品
類本
類目
類例
類話
流記
流罪
流所
流来
冷暗
礼意
冷雨
冷覚
礼楽
礼教
令兄
冷結
冷血
冷研
例月
令姉
礼者
冷照
令色
冷食
例日
令息
令孫
冷帯
冷態
冷池
冷茶
令弟
冷点
礼典
礼電
冷肉
冷熱
冷風
令妹
令名
礼物
例話
歴検
歴研
歴女
歴世
歴青
歴戦
歴朝
歴程
歴道
歴年
歴博
歴民
歴練
列国
列士
列世
列星
列石
列祖
列柱
列福
列王
列外
列機
列語
列女
列状
列数
列線
列代
列長
列伝
列番
列弁
列名
列和
連印
連運
連音
練気
連京
連曲
連区
連句
連言
連枝
連声
連成
連星
連生
連節
練炭
練鉄
連番
練武
練兵
練綿
連夜
連理
労委
老医
労運
労役
老桜
老王
労改
老害
老学
労基
労宮
労協
老境
労銀
労経
老兄
老計
労研
老犬
老研
労作
老残
老手
老酒
老弱
労政
老生
老台
老弟
老頭
老男
老農
労判
老馬
老梅
老板
老病
労福
老福
老物
老母
老友
路温
路銀
緑青
録事
鹿鳴
路車
路次
路政
路村
路頭
路標
路辺
路用
和学
和額
和鏡
和議
和訓
和軍
話芸
和産
和算
話材
和種
和習
和書
話順
和戦
和船
和炭
和鉄
和独
和仏
和方
和法
話法
和本
和約
和薬
話例
秋色
悪因
言分
以南
入船
有相
営外
英兵
衛兵
演台
演題
応手
王孫
横流
大堂
音標
海区
回流
各色
官金
漢兵
観兵
外字
外耳
元三
汽水
給原
旧作
久三
局印
局方
金工
金梅
議連
区章
口伝
口説
黒鳥
黒緑
景表
化地
月内
減数
限数
公取
黄道
国朝
国鳥
国領
古訓
材価
在民
式事
式次
式辞
信力
実記
児頭
受器
術中
受法
上作
水流
成因
正員
正院
生因
政戦
正戦
節要
世路
戦意
全回
全条
総統
造化
対間
大略
他日
題言
地集
地保
中音
中外
貯備
天南
田夫
当館
東観
当体
土道
内経
内径
南三
入川
農研
配員
標線
品流
武府
武名
分館
文官
文間
法統
本円
本義
民保
無問
無文
無門
野人
谷地
勇義
遊技
遊走
葉部
余事
利運
良種
両重
両辺
緑光
列氏
連年
録話
話末
会者
角上
角状
借出
活路
外教
客側
行香
玉山
魚食
銀波
月来
工品
国選
古伝
小電
護教
賛歌
山参
散人
式量
識量
示度
謝意
社旗
車馬
集品
修旅
主務
省線
小知
消流
初学
心音
新図
神徒
神都
自今
自根
字中
寺中
次注
自注
接中
船位
船医
全書
草頭
送湯
打高
池水
定比
徒読
同文
敗荷
敗死
飯台
仏果
物貨
仏家
別法
本知
民意
薬研
利眼
理分
流雪
両城
両条
後身
音表
歌友
官兵
外事
画図
極地
局報
近聞
古楽
護身
語調
才知
在都
質量
子母
師母
新香
地頭
耳具
弱電
授法
人確
成員
世局
正極
声中
席代
祖語
断機
定体
提台
得心
日運
判検
半知
犯地
備林
別席
弁事
包衣
法医
法意
豊衣
法衣
末書
明後
明界
木幹
門道
力動
理財
理大
林政
雨温
益重
覚者
客舎
曲池
金満
毛見
語字
後夫
職事
市銀
市上
室礼
生者
生知
世人
損金
他眼
地気
地労
通人
当村
頭内
銅造
内官
内関
熱的
能研
不徳
不例
府令
負例
部名
文件
文検
文研
兵衣
用人
要部
練功
句読
句頭
経伝
原告
原病
国典
黒点
左証
支度
主因
手印
小局
小曲
省局
書作
心法
申報
真法
神法
女体
成体
静態
他世
多声
直輸
停点
等活
東関
内状
肉幹
入漁
物上
別字
別耳
別辞
山町
用作
労務
印本
往査
王佐
寒温
幹音
感音
漢音
気水
行管
行観
現数
黒旗
質料
実調
実長
図工
声風
政風
清風
税分
治国
通政
当年
年子
熱意
比考
比高
肥効
不具
婦選
布線
本代
無動
野音
有価
有時
里正
両編
輪部
老太
以遠
客月
角食
楽人
機知
局員
交線
好戦
工船
公民
国力
周間
唱門
小問
松門
照門
相門
上気
前名
太多
対他
大流
知歯
定型
内景
熱証
風冷
平出
別集
便池
法性
類語
雲中
益金
楽理
禁区
禁句
計表
県魚
原母
合子
語勢
資材
司牧
社協
周初
主参
勝地
人界
水都
頭光
政体
大決
地本
銅像
日内
入出
配下
分都
夜戦
矢線
野戦
洋楽
印画
花林
花梨
管主
管守
館主
館種
旧徳
給特
局勢
義人
行気
行業
郡部
古色
象限
食指
図様
単打
長流
等黄
無間
略本
営作
各条
官主
学人
強国
橋両
芸文
好打
国基
古老
故老
財形
写経
証判
職司
食思
心材
深在
術語
述語
水月
制球
晴球
正球
長物
電発
肉感
筆画
品性
婦徳
報労
明点
余寒
令書
安山
会内
曲想
検校
原質
師君
氏名
習字
初会
人面
積数
走馬
票差
両刀
加点
極相
起連
個電
色料
事相
自相
声句
成句
清苦
風紀
別火
別課
保父
用金
案書
英貨
円安
金山
苦土
高民
市長
出行
長古
東伝
理国
連産
右府
風気
居人
黒線
正作
術前
図画
先知
戦地
選地
他領
戸政
都制
都政
内圧
不利
感状
管状
学報
金法
上頭
城頭
卒後
調圧
日配
博聞
白文
美林
法事
法話
外売
機業
希書
帰所
期初
効力
試案
新故
線区
大進
大信
調本
東望
中休
物化
部落
兵式
平生
豆製
古希
古期
古記
水村
政局
設工
全家
前課
造仏
豆富
根許
悪戦
径間
経管
県農
湖心
酒名
前行
人集
別働
飯借
古墓
資財
前古
体大
地学
中力
手役
強食
建法
下知
商時
相加
走化
走過
池心
治心
知心
知新
道都
日台
仏徒
仏都
物情
北朝
海気
外界
外規
修辞
週次
商館
新説
新雪
真説
臣節
器差
機差
少府
省府
本流
各位
外報
画科
画中
基調
高二
国守
国手
少細
混声
暑中
新案
地給
自救
冬夜
病害
満都
名香
命講
明光
面内
各委
官界
官階
外包
強民
小石
細雨
在中
残査
出師
知人
倍化
貝貨
画布
空都
工法
少時
深度
水師
水試
単年
中数
定点
点者
東名
同職
番長
報時
余気
借屋
学農
古学
黒縄
神観
神品
術科
節末
戦機
文事
文辞
法時
円居
悪日
円成
気温
希求
均平
見地
初中
茶紙
内功
内航
別事
料地
領治
領知
酒倉
使命
新家
新発
内行
花畑
風池
本金
民集
無体
陽声
陽生
良地
良知
話録
市庭
感温
建置
県治
士族
支族
枝族
氏族
真作
線虫
不戦
編名
因子
空戦
後出
治部
石頭
院本
会告
河面
楽府
古義
新館
心土
身土
進度
清話
通性
灯列
有毛
理性
学兵
行間
工兵
細君
色調
指標
人治
熱間
変勢
変声
編製
別所
会日
外貨
県土
勝局
新法
政調
立庭
海損
開村
宿志
神変
重連
定者
席料
関料
庭上
内政
風通
民活
漢代
管台
季調
旗長
光祖
室料
声聞
乗機
条規
鉄構
鉄鉱
日刊
歩数
領分
演者
学級
光束
光速
校則
港則
航測
高足
両文
円上
河岸
各月
間者
商相
小照
小象
少小
真相
全知
前置
単文
読後
文数
満語
野選
加年
可燃
過年
外史
外市
外紙
外資
街市
楽音
期央
算命
酸名
司命
師命
死命
示命
紙名
紙面
送風
内楽
日観
方円
医務
山相
心想
新相
神想
神草
進相
説話
税調
大区
天命
梅花
府務
本村
印花
応能
光力
公力
主業
商状
心経
心行
制義
声義
生技
側枝
対語
半天
印紙
寒波
県地
護国
西遊
少室
性技
破線
保母
流経
院司
院試
液柱
益虫
限内
語性
雑句
手落
南都
武人
予備
話速
学理
湖水
再帰
才器
才気
祭器
志室
商会
商界
小解
照海
同城
堂上
銅条
熱病
畑作
反徒
版図
法主
各期
覚起
個食
神童
臣道
代務
童心
略語
和術
新役
神役
住民
女医
極性
古城
故城
湖上
短打
低次
同信
道心
美婦
名庭
明定
県南
減額
政管
星間
精管
府連
無節
以外
横指
王師
黄紙
果園
外聞
間知
信管
心間
深管
神感
身幹
人外
南家
悪徒
医道
謝状
社前
人知
毛司
和語
黄衣
高評
国状
提立
同和
日字
原油
後妻
心境
科人
売価
文士
別動
強心
鳥人
土科
神子
昔話
名店
共進
競進
庫司
後報
天王
開版
黒目
社共
実理
統名
犯行
不発
気付
旧居
業者
漁家
原地
原調
減張
現兆
庫平
戦区
大度
島名
同左
左足
昨日
導通
府市
綿糸
因美
上功
上厚
情交
地検
非知
兵制
兵勢
基線
帰線
機先
細故
小板
初地
書字
神判
席数
本郡
県版
効果
定日
物性
弱起
選出
多語
竹工
築工
悲報
品類
洋学
会院
海員
士道
習武
心電
新田
親電
実定
実弟
石刀
赤灯
選者
体型
体長
中度
同勢
非法
飛報
音像
局相
作物
未設
民政
語法
準線
高根
血性
北子
北師
本会
領地
気運
再戦
塩焼
時相
声区
道家
独機
別科
星学
船客
長風
破船
農作
放生
法城
法条
楽事
可採
果菜
歌才
軍部
着駅
父兄
方外
京地
制法
印中
員中
左院
等電
内声
非戦
両京
外光
外構
外港
念書
望台
外向
市章
紙商
詩章
遊漁
洋語
大事
両島
両統
両頭
駅館
生卒
大光
対光
童話
南路
開都
強者
成木
測度
当山
不登
平残
音間
張本
当今
南船
兵談
本鏡
夕焼
学法
居中
国大
古馬
持平
徒手
動径
同径
道話
本経
海国
相等
放飼
悪手
検数
試練
大公
原流
業病
歯面
船数
総計
複本
門生
列火
画集
修士
清代
動学
農務
日来
本院
本報
見出
民国
位階
医界
局舎
後連
積寒
体様
低水
提要
人法
仮歯
起点
静大
雪寒
冬上
当条
登上
頭状
畑道
兵服
平服
漁人
採草
修史
州師
秋思
正米
毒性
中次
仲次
日外
教職
原法
減法
死罪
人科
図絵
定職
方里
法理
夕顔
火車
貨車
身外
大機
下列
急使
京師
兄姉
経史
商都
知見
中分
本作
英王
救歯
旧史
旧師
旧詩
球史
給糸
区政
地建
治験
置県
数学
造物
同橋
銅鏡
根皮
治人
青草
軽種
現状
政争
生草
精巣
西走
地神
文思
文詩
家用
境物
報土
方土
豊度
円管
塩田
火勢
各家
家老
寒害
管外
関外
館外
曲間
職分
電路
帰庫
欠指
欠歯
決死
神鏡
進境
天印
伝路
当世
敗南
機転
種名
信教
常典
選集
内製
別紙
下制
仮声
仮性
加成
河清
火成
花成
画報
修選
集線
刀勢
頭声
夏冬
引合
団居
用土
王統
黄灯
実戦
声調
成鳥
正調
全羽
立市
立志
愛他
全能
他感
多管
部練
学童
近体
建機
焼土
照度
政軍
西軍
東日
求食
植物
英名
音程
金帰
時価
像主
造酒
銅線
林区
神橋
夕照
石勝
積小
戦則
船速
同都
基音
古米
社地
性分
人本
戦利
戦理
肉量
年差
米果
米貨
面状
例会
夏雨
花雨
健身
検身
見神
台子
独身
気転
耳下
自歌
自火
走路
体容
態容
調器
長気
適格
同教
分波
民団
両地
海先
花芸
食時
水行
水光
水工
水耕
余話
会旗
会規
海基
開基
開気
基点
外記
体用
手合
会行
大身
重位
重囲
前照
前章
体心
赤丸
各液
形名
外気
京図
検番
月前
小犬
集光
和言
仮死
火線
秋耕
全車
前車
大師
母方
本員
暴徒
交点
光点
好天
後転
高点
地消
中味
焼色
遊採
絵布
衛府
学同
体積
大犯
地商
地象
本生
本状
目鏡
要式
行先
海台
開大
開題
古制
固成
湖西
相府
神父
対質
登園
動線
同線
導線
反義
例式
打聞
紀伝
記伝
起電
長音
復国
別学
羽粉
救国
点目
紙張
眼下
国主
故地
故知
資本
州府
時給
常法
全科
統語
年画
秒数
赤味
悪漢
角型
後選
数別
名工
旗魚
入水
早天
手下
手立
初夢
利金
悪世
温情
高地
初行
線内
大行
他利
都察
内円
無価
各句
家訓
教民
季報
詩意
白水
新教
他生
左口
本児
本字
本寺
画家
子牛
最右
星空
本時
火土
火度
往昔
外方
県営
公徳
厚徳
工特
広徳
高徳
湖口
人望
集義
神算
心証
接置
付点
方向
本城
円状
家君
過日
赤熱
主観
上用
相通
天分
天聞
不才
婦妻
無生
要領
婦人
河馬
信証
信賞
心象
新唱
新省
真象
分体
平性
下図
罪苦
新品
代案
画線
体構
根部
主城
主情
守城
全省
歌音
栄位
果実
義旗
義気
軍紀
口才
高才
黄菜
商管
小官
小寒
消間
角力
年季
陽極
未達
永栄
協働
鏡銅
群小
健民
国情
酒手
松幹
全消
大志
大死
大史
太史
対支
隊士
予土
機法
新車
農林
歩度
各館
画間
現年
天守
天種
教組
左右
体調
天主
取立
内港
半田
外因
外院
学名
切字
苦労
争点
島外
米人
各車
軍規
常食
無主
位記
新古
軍器
軍旗
書中
成美
器量
原種
原酒
食虫
上使
上士
上師
上死
情史
情思
非人
別本
赤白
帰巣
気相
使徒
史都
司徒
市都
死都
信行
洋風
良悪
令室
受口
上家
鹿児
形作
多元
武科
部課
医原
旧時
旧辞
給飼
未生
黄線
旧事
空路
社務
受領
老小
老少
売行
香車
姉兄
死計
紙型
詩型
詩形
人地
野史
野師
喜色
在沖
材中
馬具
無精
夢精
費差
画業
気性
顔付
口部
習作
相位
総意
人相
愛馬
小事
所報
書法
馬飲
面上
紙版
身根
先出
内国
博文
無益
有楽
寒帯
紙魚
衣魚
出漁
小球
小給
賞球
賞給
住基
米価
夢見
余技
余熱
学堂
重用
反旗
法規
早計
草型
倉庫
島列
日朝
主屋
母家
半季
半旗
冷戦
句例
進取
増版
知母
馬歩
新主
新酒
身首
登遊
表紙
法器
例数
軍記
高見
再編
相使
相思
走資
相土
門徒
芸学
人後
人語
本戦
健法
功果
国郡
初刊
暑寒
電柱
回武
花路
原速
所関
外勢
外性
街西
外戦
外船
広報
常職
常色
正義
付注
業体
所感
不得
耳許
養料
折線
号音
下見
住工
重光
切線
接線
雪線
右院
得体
大鳥
帰都
歯石
同中
銅柱
泣声
本市
表作
銅色
氷質
各字
各寺
各次
山駅
支石
死積
矢石
小都
神今
初位
素意
日付
英図
音頭
海村
公判
積量
満量
台輪
目覚
楽弓
原字
現字
言辞
限時
西部
法界
包帯
北界
山名
上葉
汽圧
金口
合力
所法
自乗
島部
相方
害虫
全種
知力
便性
利益
半果
反歌
犯科
付利
語句
全速
側線
同軍
半可
文題
火点
茶入
日光
花形
無象
果子
全入
新本
武器
雪女
外政
漁歌
魚価
高判
今式
社交
車行
都統
波布
美観
有線
家別
主館
種間
小室
分習
仕組
短文
全地
美感
家計
行年
厚年
最古
進程
品名
光火
公価
公課
功科
功過
好果
校歌
考課
香火
高歌
航船
大病
他社
立入
同隊
板上
夕市
親許
風見
小路
小春
上席
足取
黄顔
回春
外航
故実
能力
野良
有位
礼部
員外
作句
他聞
光害
口耳
好字
好時
工字
後事
有輪
国数
春季
日文
医用
委陽
眼科
下働
同家
半開
反回
部下
下注
歌中
花柱
花虫
害草
公費
工費
支柱
死中
詩注
慣行
再入
接話
当地
包丁
法身
内庭
紀年
公比
校費
正見
証験
新版
虫歯
無税
化学
酸度
市名
昼夜
引率
才色
半眼
半顔
本山
息子
後図
港都
心得
商社
官行
寒候
幹校
管口
次弟
前人
遊船
往紀
応機
王旗
勝者
句義
社家
静音
票数
赤青
院中
前王
変性
官公
章魚
朝顔
京花
共火
教課
全季
前季
前旗
前紀
地車
夜目
家司
行歩
銅製
圧感
後下
国文
本立
官家
液中
車種
天外
悪路
各校
球形
上下
健保
小舎
小社
常談
人造
仏民
大要
質商
無作
郡内
高調
小文
茶話
必置
役馬
海上
健政
犬声
県制
県勢
内調
話術
快漢
海関
開管
回帰
気音
各機
郡市
実館
国望
県官
散票
太師
分治
分知
水虫
有業
少林
所行
直電
花束
下名
家名
果名
花名
花明
課名
雲間
航法
定石
定府
先口
長身
分間
目近
悪天
気重
岡阜
広布
鉱夫
神出
身元
岸辺
参学
真画
小輪
笑林
鉱長
香調
黄鳥
祭日
終始
多島
父型
目上
型絵
公報
功法
包焼
都民
毒身
読心
反実
不感
重荷
滋味
多灯
多頭
短音
議案
漁期
両岐
両機
両気
量器
市部
持出
洋医
低声
武事
海運
西海
秋実
秋日
週日
女高
中管
内方
年時
不可
不楽
不落
新編
水害
体側
隊則
冬場
庫内
戸内
故里
古里
故京
会古
夏巣
家相
外分
上品
績率
全機
低所
焼鳥
油紙
高原
港長
取組
比礼
交波
光波
終章
内実
発地
半商
反照
老父
管足
名歌
下生
古句
例句
家兄
花径
特利
同志
情婦
薬品
近世
思文
支分
死文
詩文
神孫
反物
初耳
開運
歌境
歌経
歌興
勝算
小散
少産
府主
回運
改運
後代
構台
日時
眼線
行場
上布
城府
情夫
転部
連火
加増
区部
形色
経食
他事
多事
追唱
横書
主税
時服
自服
上書
当面
眼玉
均整
金晴
金精
金青
中店
明度
逆光
清愛
単回
教祖
状勢
情味
力車
足首
草根
人参
寄着
子指
小景
章京
象形
自室
観物
官物
寺主
成法
浅在
線材
船材
他国
波高
迷文
用弁
官地
求車
地松
県人
手提
各章
各証
各賞
確勝
護法
女身
名石
旧情
弓部
古道
城中
田地
仮入
馬連
名下
名花
命課
教士
雨花
重量
荷貨
要法
次室
重修
常習
長秋
定省
底生
浅木
浅黄
暴言
差止
寺社
先達
空屋
公差
名文
産消
車検
実利
常期
測線
速戦
日進
話型
機上
機情
市県
図法
球状
書式
寺舎
自車
鉄面
青虫
広間
原生
整音
正音
台紙
公孫
字音
大暑
太初
大士
大姉
大指
題詩
波線
無調
朝議
調義
飛角
外辺
社研
造作
同血
岩山
大内
弓状
旧城
建営
古銅
故銅
重音
風土
本選
士業
紙業
詩業
詩行
定額
水性
井田
制電
西電
大寒
観桜
利目
効目
成語
位官
医官
行来
応力
空文
水様
雑仕
無官
無観
小旗
勝機
商機
商規
小器
正機
笑気
戦中
総連
法度
目薬
足場
造紙
美演
令聞
心思
新詩
神使
臣子
親試
進士
進止
常葉
官紀
官記
寒季
唱題
商大
招提
昭代
照代
章台
上中
条虫
静注
鉄人
教令
原由
湯飯
導体
下限
単記
朝見
本軍
末姉
学群
金運
理科
口許
同走
不帰
不記
洋品
横芽
山号
散香
清貧
取調
同報
日用
客船
表高
天成
飲物
下元
仮言
板本
和紙
見番
同導
道童
苦因
市利
右往
貝漁
次兄
動燃
道念
公自
側石
両形
良型
良計
後書
道台
赤身
切下
山水
赤道
花事
光画
志野
徒行
都校
都講
外山
連辞
同税
悲調
夜気
野気
用量
会員
手元
枝折
旅先
小波
細波
体形
手口
銅人
貝類
見聞
画上
手話
証例
無役
悪女
建制
工数
香風
白物
人君
南寺
防効
流人
在所
判所
国勢
同包
導報
反化
北軍
健弱
世知
備付
岡目
黒帯
建中
常語
手聞
毎家
用布
帰無
苦鳴
現額
反歩
港街
角化
教部
書院
刀工
当校
投光
投高
東幸
東校
東航
灯光
登高
来春
梨花
全食
他業
地決
当行
深味
文意
花実
首根
原野
光度
公度
広土
耕土
国制
黒青
西線
左記
情事
炭色
節婦
等高
洋薬
家道
可動
歌道
火道
人代
有向
清和
日東
友交
友効
有功
芸子
上眼
群星
軍制
軍政
郡制
郡政
対内
隊内
川岸
境地
県北
天下
丸顔
無手
会記
中全
帳下
朝家
町花
長夏
覚賀
政所
口角
字径
自形
正字
等量
頭領
両材
教会
水理
兵部
未開
立金
逆効
新知
神地
神知
神治
他門
移付
工科
動態
冷光
態勢
同対
童体
心機
夏場
町角
右眼
面的
参宮
山宮
東高
社歴
心気
新期
真気
神機
神気
神起
馬主
衣文
家産
手上
商高
年紀
各体
各隊
覚体
仮字
分注
災故
売場
雲母
勢声
政制
正西
製成
青成
静清
主水
後口
点前
返事
外公
社級
山側
輪歌
可算
木耳
所出
前職
熱時
節目
容子
両教
和布
明暗
散米
支線
始線
支川
死線
詩選
白布
動地
同治
来車
対答
木箱
級別
死期
主事
主治
主辞
修持
種字
火柱
元夫
漁唱
減勢
現制
現勢
現生
言声
通時
素顔
法語
産地
昔日
石道
通辞
会式
弱志
像容
大国
火花
武神
武臣
遊魚
香草
他書
通事
破竹
林家
長鼻
公総
好走
航走
行走
場中
海内
時勢
人定
火粉
目元
清耳
分場
売子
駅間
試植
詩職
態芸
魚場
県長
図化
地帯
同作
複調
老婦
歌番
先番
主上
気口
習風
地公
治効
年中
新日
取建
右方
国色
自主
岩屋
神職
代官
赤実
序章
全区
速度
初音
男親
各課
写字
社寺
謝辞
商港
小功
小康
少校
相公
青光
生面
製綿
青面
度支
分母
体勢
能記
老師
口火
正時
新種
本教
薬戸
術師
兵団
馬子
公領
全幹
全館
前官
美声
仕切
水量
農期
立夏
歩道
用例
光量
好漁
鉱量
香料
生国
葉状
要城
魚類
土階
元朝
信金
読経
上声
上星
上製
情性
船長
有意
後根
新紙
店外
持主
眼色
塩配
構図
太清
対世
対成
帯青
球児
調度
念想
追物
公印
好音
工員
講員
鉱員
有証
公図
文集
旧悪
体節
大節
太保
隊法
徒事
頭外
都司
和上
車間
点取
西日
交角
光覚
好角
広角
後角
行客
高祖
島国
息気
行員
政官
州名
秋明
主命
墓場
標数
居木
考現
興言
正油
代船
台船
追送
鼻血
合方
各員
極点
小梨
未習
各院
公職
新都
字種
戦競
線数
副本
子熊
市議
仕立
定法
竹取
肉入
火元
利器
大舎
大車
隊舎
下山
時政
辞世
体表
指差
殺父
横側
後光
定容
等外
往者
王舎
態度
花水
橋街
局車
東半
友粉
土公
旗柱
気柱
京外
新植
機中
切地
当夜
死目
同話
本法
災過
採果
採火
祭火
事案
仏身
物神
城市
点的
動体
医長
商取
省文
新色
神色
旗本
開市
空電
師表
死票
易学
古集
集住
法学
岩場
河図
願経
引航
器台
基台
季題
公家
山島
山灯
山頭
税額
送別
手型
同義
仲良
無責
魚人
浅香
動議
各科
現法
人荷
大山
秋空
王都
府兵
身欠
息物
月花
小山
正受
北地
未修
石焼
国運
中世
名人
園池
草花
雲行
大実
月下
山海
関守
動気
同気
銅器
鳥皮
中程
流灯
留東
黒眼
里長
水防
鳥足
親指
不確
豊家
英知
定率
動意
同位
道衣
農外
両間
両館
歌会
海景
下階
課会
事主
地種
自種
単機
見得
先代
塩性
道着
日明
下集
草地
区制
前説
無気
黒豆
道教
助救
解語
買付
知合
新婦
冬物
本伝
親熊
官事
馬士
平場
持運
会子
会試
改氏
改詩
平時
緑帯
波間
美談
山羊
山波
行者
下水
塩味
熱性
名水
行規
省要
完本
船台
選題
提灯
省人
知事
新付
新府
無灯
無答
社中
青帯
格好
軽石
新夫
金製
山野
左目
日増
赤光
空巣
京福
景福
性相
選良
院子
行書
心持
紙器
大明
角回
機運
詩句
正念
頭形
東経
徒者
空身
買入
像高
増光
増高
造構
局間
塩鳥
仕草
記音
首元
光景
旧政
支区
死苦
時化
食分
身皮
上行
米加
山林
中前
西洋
体付
後車
鉄線
末広
図記
力線
各回
先人
早死
作務
守則
店員
天父
用役
要役
養液
新京
上天
土形
混元
士気
字画
毛虫
口型
口径
好形
好景
後景
黄経
史記
志気
始期
術者
太常
台屋
向側
宿代
湖産
主格
上戸
前業
天声
天青
余力
覚官
行手
仕種
花輪
門戸
入子
毛皮
終戦
平西
本青
羊水
粉物
次条
自縄
酒客
各話
金商
金性
金消
金章
金証
体上
花型
用度
各階
国地
不断
真横
有部
仕上
無神
器機
口車
小橋
章中
見晴
湯屋
青魚
道学
泣言
日米
良貨
里人
詩史
所以
両花
両課
良化
温容
温陽
音容
兵事
海星
別産
親柱
山寺
例文
色里
早成
草勢
草生
走性
白旗
新体
糸口
今体
健士
健歯
検使
犬士
犬歯
県史
星群
多夫
引金
引鉄
眼近
井手
酒場
海士
鉄色
深見
布屋
色味
黒船
初葉
待受
月柱
方眼
法花
完飲
官印
官員
漢印
館印
雪害
取下
古家
赤花
乗数
条数
独語
阪高
新緑
事上
常数
古巣
力量
身力
造主
多婦
防長
熊手
材幹
船側
日比
売人
山場
容止
洋紙
羊子
葉枝
建付
古屋
紙屋
神代
点差
上市
玉虫
同寺
独言
青物
負風
市価
内職
不同
交感
向寒
好漢
興漢
耕牧
香木
本門
真上
反戦
両等
悪感
引当
水音
入部
近時
練度
神薬
地人
赤旗
切味
山径
算経
数寄
大眼
下屋
海牛
火食
左方
義舎
毛物
館長
人税
手許
親側
雨音
学界
業力
酒道
心内
福助
経回
光色
馬歯
身許
元妻
黒皮
求法
血行
文台
目鼻
夜道
西南
老職
飼付
風上
内所
変化
大箱
黒布
井水
制水
整水
製水
静水
徒食
目下
焼場
聞耳
坂下
注連
上世
鼻面
人混
円顔
丸味
山鳥
語注
職別
街角
寒気
殺害
里親
実感
助教
家芸
詩曲
目許
楽堂
工区
下着
州兵
特写
特車
眼元
眼許
表通
欠口
欠講
散薬
墓境
仏国
家持
小桜
山河
天道
天動
転動
転導
内則
回章
快笑
海商
海相
塩気
同銀
同次
縄張
非想
平語
大入
言技
読本
技協
義鏡
見栄
見習
海市
型紙
少雨
寄子
体化
島船
他院
多飲
直入
天童
察官
塩屋
石面
出前
童女
家船
高大
知県
遠目
後味
雨戸
下院
菜根
貧苦
緑物
綿毛
飲水
取極
毛色
耕作
人規
取決
矢切
仲店
歩法
画法
歯科
浅深
女物
丁子
町次
町治
札付
学課
立会
別名
易損
川底
所要
全期
長旅
西陽
見通
各駅
適性
人態
各類
聞手
手伝
歯型
枝物
小熊
住区
女院
有金
際物
成行
下死
家士
歌詩
科試
小物
対円
乗合
板張
内生
平手
原罪
小花
外目
細雪
川原
昼食
水街
連客
旗下
白張
右前
小手
野羊
男手
左側
大長
前神
散史
賛詩
師号
支合
正語
笑語
個眼
湯飲
夜店
表耳
空豆
真子
水指
女鹿
山桜
親心
工学
温湯
川州
後天
年代
人出
水差
根曲
左眼
北線
往時
目頭
定席
炭火
中子
正倉
照相
章草
大半
旅話
糸桜
音数
草色
魚舎
乗物
本書
造船
町間
適期
赤玉
桜祭
総省
天豆
鉄器
大店
書箱
笑顔
最長
宿屋
礼式
置石
上反
黄葉
指事
思路
死児
歯車
船旅
刷毛
芽元
労資
青息
音列
機電
声歌
総点
年期
子桜
中人
中和
初湯
付子
禁漁
目高
横径
山間
本因
丸印
明文
貸間
近事
町長
仲子
名家
女心
坂道
商特
小徳
招徳
証得
星印
浅型
逆木
人目
買主
黄味
旧国
興国
真正
戦事
草紙
回文
真意
採物
同紙
羽音
古川
見覚
利手
新意
新衣
深意
神位
神意
神衣
心下
心火
新貨
神歌
神火
臣下
地毛
自毛
流者
歯形
申立
雪明
急足
往事
王事
王地
白毛
節間
赤土
冬海
島回
乗場
飼主
謝酒
体鳴
大命
隊名
発心
赤毛
切目
技士
機屋
間口
船上
草子
引分
火付
眼鼻
湯水
味塩
大部
直衣
半印
足湯
門松
聞物
米所
根本
地格
寺格
時角
厚口
子守
深酒
雨着
口留
心学
水物
切通
仕入
旅路
箱物
元売
矢来
足技
沖合
黄丸
岩根
石根
曲調
口取
対印
丸身
見返
朝型
大島
固目
金元
木守
小鼻
所業
天心
天真
点心
中指
日差
無人
水係
指先
上糸
先物
歯止
雨女
聞集
技師
頭語
引落
雨風
色合
男湯
構文
湯女
赤銅
子種
野山
星宿
近場
和光
色見
男神
小顔
新内
見所
親玉
黒五
小魚
昨報
立羽
土筆
出足
矢場
売物
各区
歌行
切売
苦界
流物
編戸
食費
眼頭
湯気
接木
正節
漢詩
官司
本問
持前
女湯
着順
葉形
本事
夕立
読物
書立
切口
早月
空耳
上口
登口
葉色
箱屋
真前
板紙
植付
軍勢
生首
判士
半士
半姉
半死
反思
物置
体性
真心
見直
受身
打手
名札
早足
冷飯
安売
借手
皮底
木寄
義姉
似顔
葉物
店先
山女
来週
風下
義士
義子
義歯
小者
白波
自案
道線
両馬
良馬
悪者
徒名
兄神
海組
大目
教師
好文
興文
行文
高文
告文
小根
指物
球数
農学
花祭
星祭
階調
小鳥
前玉
焼魚
足業
湖周
末子
照焼
常夏
飛火
中庭
波音
入歯
重味
聞書
素手
同額
仲居
古顔
編物
首輪
小人
村会
寺子
飛石
飛魚
根切
羽車
目先
夢路
石切
個月
空箱
色情
立札
練物
葉音
細身
面輪
貝輪
仮象
花精
底物
同機
何駅
産声
花弁
神主
口笛
小箱
品数
白酒
節分
付根
年玉
取粉
花平
引付
青鼻
足手
思入
小技
細目
社主
底力
内報
中落
曲角
水菜
目印
夕波
円満
顔立
切身
木景
木雨
速歩
手際
速足
目差
守神
見付
持物
雪解
後玉
色香
売手
置引
空売
黒子
月余
米印
差物
仕手
手持
庭木
葉数
母心
火縄
星草
持味
屋根
山守
足指
打身
貝柱
北池
寒空
新社
外回
強味
強身
人差
町側
焼石
家主
足毛
厚紙
草分
薬指
心根
小菜
立居
手塩
羽色
麦飯
細布
眼先
東屋
領元
置物
折合
借物
楽界
切子
切粉
国作
差油
力技
手品
歯黒
不省
布政
父性
筆箱
船底
山組
足固
受手
上皿
似非
枝豆
折紙
飼犬
神鳥
木組
草取
下坂
小丸
申年
標縄
空組
建屋
球際
力持
付人
強火
手鏡
取口
名親
名折
流矢
庭先
野点
葉竹
花入
晴間
氷木
細面
負戦
負軍
丸目
夢界
無界
明徳
芽先
持高
持場
指輪
湯船
読手
愛着
秋味
足輪
厚手
岩角
馬乗
売主
負目
大皿
大塩
教草
書付
貸主
語口
語物
勝組
金切
組子
毛引
広野
小玉
差歯
師走
新産
素破
競市
外足
建家
力業
月読
手明
手玉
手船
童児
野道
旗印
引波
火種
人玉
筆先
船人
間取
身空
耳鳴
物指
横笛
弱火
業師
合印
間着
合口
相口
合竹
合札
相物
相宿
文色
和物
青足
青馬
青海
青皮
青貝
青側
青首
青組
青毛
青差
青印
青竹
青菜
青土
青布
青箱
青旗
青羽
青火
青札
青豆
青丸
青水
青麦
青芽
青屋
青矢
赤糸
赤犬
赤魚
赤馬
赤帯
赤貝
赤紙
赤皮
赤組
赤車
赤粉
赤米
赤鹿
赤印
赤標
赤備
赤月
赤梨
赤布
赤野
赤箱
赤鼻
赤火
赤額
赤札
赤星
赤豆
赤水
赤耳
赤虫
赤女
赤目
赤芽
県主
県守
秋上
秋歌
秋顔
秋草
秋口
秋寒
空皿
秋高
商内
商場
秋夏
秋晴
秋物
木通
通草
上板
上領
総角
朝風
朝北
朝雲
朝桜
朝酒
朝寒
浅皿
朝空
浅手
浅緑
朝湯
字限
足板
足型
足形
足側
足切
足組
悪様
足白
足高
足半
足引
足冷
足太
味所
味女
東歌
東男
東女
東路
東道
校倉
遊部
頭周
頭虫
徒君
徒気
徒心
徒桜
徒情
徒花
徒矢
徒夢
厚板
厚氷
厚底
厚布
厚味
当身
後入
後付
後祭
兄宮
姉神
姉羽
油布
油草
油薬
油気
油子
油取
油菜
油火
油魚
油物
油屋
雨間
雨足
雨落
雨神
雨気
雨空
雨宿
雨夜
編糸
雨男
足結
歩板
改方
現人
新身
新湯
有合
合帯
編布
家犬
家形
家神
家着
家付
家飯
家童
魚止
息声
生塩
生仏
戦神
戦世
池側
池庭
活花
勇魚
石音
石数
石貝
石組
石倉
石衣
石坂
石皿
石梨
石豆
石宮
石持
石宿
石湯
石弓
板圧
板石
板囲
板頭
板組
板子
板皿
板戸
板場
板引
板前
板屋
市正
市司
市日
市祭
糸入
糸織
糸方
糸切
糸車
糸雨
糸底
糸束
糸玉
糸場
糸引
糸目
犬顔
犬型
犬桜
犬死
犬印
犬族
犬玉
犬友
犬走
犬防
犬笛
犬屋
命毛
命長
茨道
今方
今際
妹山
井守
入海
入側
海参
入日
入身
入目
色遊
色石
色板
色糸
色男
色女
色数
色形
色気
色事
色止
色音
色話
色節
色町
色街
色水
色虫
色物
祝事
岩鏡
石角
岩川
岩河
岩側
岩木
岩組
岩面
岩橋
石笛
岩間
岩道
岩虫
岩室
初孫
植代
植手
植人
魚心
魚付
魚直
魚荷
魚節
魚見
受売
受木
受皿
受流
受箱
牛女
牛飼
牛方
牛顔
牛熊
牛玉
牛屋
後側
後戸
後前
後矢
後指
氏神
氏子
氏寺
氏上
氏社
歌入
歌切
歌口
歌心
歌関
歌主
歌女
歌読
内祝
打音
打枝
打交
打飼
内書
打刀
内神
打切
打衣
打消
打粉
内臣
打荷
打橋
内箱
内張
打豆
内店
打目
打物
内湯
空木
海坂
海境
海界
産神
産着
産衣
生毛
産毛
生土
産土
産湯
馬市
馬追
馬長
馬方
馬貝
馬顔
馬形
馬側
味酒
馬指
馬印
馬標
馬験
石女
馬副
馬面
馬飛
午時
午年
馬柱
海色
海際
海暗
海幸
産月
海鳴
海虫
梅味
梅色
梅塩
梅印
梅畑
梅見
末木
売家
売口
売声
売立
売付
上帯
上風
上紙
上毛
上差
上土
上積
上荷
表荷
上前
上町
上身
雲形
枝打
枝梅
枝数
枝川
枝木
枝毛
枝先
枝角
枝縄
枝根
枝船
枝道
枝村
遠近
負方
追河
追金
老先
老松
横道
横木
大赤
大足
大池
大犬
大歌
大馬
大枝
大鏡
大顔
大管
大首
大熊
大鹿
大底
大玉
大夏
大波
大縄
大墓
大鼻
大引
大筆
大祝
大星
大水
大耳
大麦
大湯
大技
岡多
岡持
陸湯
置形
沖側
沖雲
興玉
置台
置土
置所
沖波
置花
置文
沖方
置屋
送物
小車
男心
食国
落魚
落人
落口
夫方
弟風
弟神
弟宮
弟切
男岩
男歌
男帯
男方
男側
男車
男坂
男道
男飯
男持
音取
男波
帯板
帯祝
帯親
帯側
帯皮
帯金
帯紙
帯代
帯玉
帯戸
帯留
帯山
男節
面差
主皿
重立
面立
表編
表歌
表方
表書
表構
表着
表口
表店
表戸
表名
表庭
表布
表町
表目
面長
重湯
親犬
親牛
親馬
親神
親木
親雲
親里
親鹿
親竹
親面
親鳥
親船
親本
織糸
折枝
折形
折声
折助
織初
折戸
折箱
織元
織屋
折山
女岩
女歌
女帯
女親
女顔
女側
女気
女組
女車
女坂
女島
女文
女宮
女持
女童
買板
買初
買次
飼鳥
飼葉
買回
貝焼
火雨
反角
顔形
顔型
顔側
顔毛
顔先
顔白
花芽
花街
鏡池
鏡板
鏡岩
鏡男
鏡作
鏡葉
鏡箱
書初
書留
部曲
欠目
囲者
風足
風音
風折
風待
風祭
貸上
貸売
貸方
貸口
貸玉
貸店
貸元
花車
花心
夏時
数取
数物
風草
風知
風玉
花草
型板
形板
刀屋
固筆
固技
語草
語手
語部
徒頭
徒組
勝車
歩立
徒荷
勝星
勝味
勝身
勝虫
角石
門口
門田
門付
門火
門辺
角店
才故
金貝
金頭
金気
鉄気
要石
金焼
鉄焼
金輪
桜皮
金売
金包
鹿深
神在
神有
神池
紙入
神移
紙女
神口
紙子
紙衣
紙皿
紙師
紙塩
紙束
紙玉
紙包
紙箱
紙橋
紙札
紙笛
神虫
神業
通箱
空足
空池
空馬
空買
漢心
漢意
幹竹
空積
空橋
空畑
空働
空船
仮糸
仮受
借受
仮歌
仮親
借方
借着
借衣
借主
仮橋
借船
仮道
仮焼
軽子
軽市
軽焼
軽業
川魚
川音
河音
皮帯
川風
河風
皮衣
川境
川竹
河竹
皮包
川止
川留
川波
川柱
川開
川札
川道
川港
川虫
皮目
神立
神司
外孫
学舎
側柱
黄赤
木板
生糸
木枝
木表
聞方
利酒
聞酒
利所
聞所
黄桜
生酒
木皿
旗色
北角
北倉
北組
切先
木連
木取
後朝
生布
黄旗
木柱
生機
木鼻
黄花
生平
木札
木笛
客波
救主
木弓
競買
清目
清元
切石
切欠
切形
切紙
切金
切岸
切炭
切立
切妻
切取
切戸
切羽
切畑
切花
切火
切札
切水
切店
切麦
切長
極書
極付
極札
近火
玉手
玉章
玉石
草市
草入
草軽
草肥
草葉
草笛
草道
草矢
薬玉
薬売
薬箱
曲者
管側
下文
管玉
管柱
管耳
口合
口足
口書
口金
口薬
口先
口下
口白
口布
口広
口開
口太
口細
口前
口女
口寄
国表
国構
国神
地社
国引
国祭
国持
首板
首落
首側
首先
首下
首引
首祭
首屋
首横
熊岩
熊男
熊祭
熊虫
組糸
組歌
組打
組頭
組木
組下
組付
組手
組外
組物
組技
雲足
雲井
雲居
雲紙
雲路
雲取
雲鳥
倉底
倉荷
車牛
車男
車側
車戸
車宿
車寄
黒赤
黒池
黒糸
黒犬
黒岩
黒牛
黒歌
黒馬
黒女
黒貝
黒熊
黒鹿
黒玉
黒血
黒造
黒手
黒戸
黒留
黒苦
黒箱
黒服
黒札
黒保
黒麦
黒飯
黒物
黒焼
黒楽
群葉
毛足
毛先
消口
消炭
毛束
毛玉
毛球
毛流
毛群
毛綿
月宮
元歌
小足
小息
神指
高手
交織
小歌
小梅
高話
肥草
肥船
肥松
小男
小面
郡方
評造
郡造
氷箱
氷旗
氷水
小女
小風
子方
子飼
小貝
子神
小衣
小君
小布
心祝
心組
心待
小札
小皿
古寺
小柱
木末
小力
事書
言伝
言問
小半
粉薬
粉気
小庭
粉引
子羊
小羊
小筆
古物
古兵
小仏
小前
子耳
小耳
小虫
小結
米場
米虫
小焼
衣毛
強飯
強面
強紙
小童
強弓
幸先
細石
界路
逆毛
逆児
逆子
酒塩
酒種
魚皿
魚箱
逆波
酒波
酒荷
酒旗
酒船
酒楽
酒室
逆目
月代
逆夢
先糸
先買
先限
先付
先箱
先太
先細
前山
差金
桜色
桜貝
桜紙
桜人
桜星
桜道
桜飯
桜守
桜湯
酒組
提物
差枝
指金
差紙
差首
差薬
差毛
差塩
差立
差縄
指縄
差前
差水
差湯
指分
里方
里川
里心
里桜
里田
里宮
里雪
里回
左馬
寒夜
白湯
皿板
皿数
皿形
山気
山人
山草
罪科
雑物
残火
志前
塩魚
塩売
塩地
塩花
塩引
塩船
塩豆
塩道
塩物
塩湯
死花
鹿男
鹿頭
鹿形
鹿皮
鹿印
鹿虫
仕口
下味
下板
下糸
下枝
下帯
下木
下積
下取
下歯
下羽
下葉
下左
下火
下引
下前
下右
下目
下読
品貸
品玉
科戸
科布
級布
死顔
死金
死神
死際
死口
死首
死時
死節
死水
東雲
島歌
島側
島酒
島宮
島守
標野
標山
下肥
下仕
下湯
曲見
宿主
守宮
手札
手刀
小火
松風
正目
初春
仕寄
白糸
白魚
白声
素声
白太
白歯
白羽
調帯
調車
白焼
白事
白者
白息
白犬
素魚
城方
城側
白熊
白組
白皿
白縄
白練
白箱
白初
白場
白札
白松
白豆
代満
真草
弱音
上船
水河
水草
水柱
水底
水飯
酸葉
水肥
水薬
末口
角眼
巣口
末黒
佐臣
少領
助船
巣皿
条黒
巣箱
素話
素引
炭馬
角木
角水
炭取
炭屋
炭焼
州元
刷色
生魚
関板
関風
昔人
関取
関札
関山
雪路
責馬
船軍
船型
船倉
前書
総毛
早出
副子
副祝
素首
底方
底石
底板
底側
底土
底取
底荷
底光
底引
底豆
外表
衣通
外書
外庭
外法
外箱
外開
外町
外湯
園守
冬青
空合
空色
空様
空似
空音
空目
空夢
空笑
反橋
反身
田主
平貝
田歌
田打
高枝
高草
高鳴
高歯
高張
高持
田草
竹足
竹倉
竹桜
竹塩
竹束
竹縄
竹似
竹笛
竹光
竹群
竹屋
竹矢
田事
田作
立合
立泳
立死
立技
立業
立挙
経編
立板
経糸
建売
立神
立塩
建初
立投
建主
立引
達引
立文
立物
店借
店子
手末
谷行
谷梅
谷風
谷方
谷止
谷道
種油
種石
種板
種牛
種馬
種親
種貸
種川
種木
種火
種物
旅心
旅衣
旅物
球足
玉糸
玉解
玉取
玉菜
玉箱
玉総
玉持
民草
手向
田虫
束子
短夜
出手
血合
少刀
近間
近矢
力足
力石
力布
力水
血川
血刀
父熊
父鳥
父主
父宮
血祭
血眼
血豆
血道
血目
中限
中男
長歌
手水
町場
長夜
直心
身柱
束石
番木
月足
築石
付馬
月梅
月男
月形
月極
月草
月組
月毛
月酒
月白
月星
築山
接手
造庭
次日
付木
付城
付札
付目
仕人
土色
土雲
土車
土気
土粉
土取
土波
土練
土畑
土笛
土船
土物
包金
包構
包紙
包文
続物
縄手
角貝
角書
角鹿
角笛
角目
角弓
妻板
妻入
妻方
妻側
妻戸
妻問
積入
積木
積出
積付
積取
積荷
面当
面水
連足
手油
庭中
手植
手打
手負
手覚
手織
手械
手飼
手木
手切
手管
天糸
手車
手心
手粉
手球
手妻
手永
手長
手習
手縄
手箱
手旗
手花
手鼻
手人
才技
手回
手湯
寺入
寺男
寺側
寺酒
照笑
出女
出買
出際
出里
出城
出初
出玉
出機
出花
出鼻
出丸
出目
出眼
戸板
問丸
投矢
東面
遠浅
遠音
遠火
通庭
解縄
研屋
戸車
常春
常節
常世
所書
心太
年神
止刀
門波
外薬
飛板
飛梅
飛倉
飛子
飛箱
富札
留石
留男
止金
留金
留木
留接
留山
留湯
共糸
共色
共帯
共紙
共木
共布
友引
鳥頭
取石
鳥打
鳥追
鳥男
養鳥
鳥空
鳥貝
鳥型
取木
鳥首
鳥毛
取皿
取初
取高
取次
鳥子
取計
取札
鳥笛
鳥虫
鳥飯
取由
菜売
中足
中池
中売
仲売
中表
中折
中買
仲買
中着
中倉
中口
中黒
中差
仲仕
中備
中手
仲直
中君
仲働
中左
中右
中結
中許
仲合
長雨
長板
長着
長言
名頭
長月
長手
長縄
長話
長節
長路
長道
長虫
長湯
流造
泣石
泣顔
泣面
鳴女
投首
投縄
投物
梨味
梨形
梨畑
刀豆
菜葉
夏市
夏糸
夏色
夏帯
夏風
夏川
夏河
夏型
夏着
夏毛
夏氷
夏空
夏鳥
夏畑
夏花
夏羽
夏豆
夏物
夏山
何味
何口
何心
何程
何態
何業
名主
菜花
生板
生音
生皮
生貝
生木
生米
生節
生麦
波板
波風
波返
波雲
波路
波月
菜飯
弱竹
鳴物
縄帯
縄先
縄付
縄目
荷足
新妻
新室
荷馬
苦草
苦塩
苦竹
苦菜
苦虫
荷口
荷車
和毛
西入
西境
西手
日計
荷積
荷止
荷縄
荷主
荷箱
荷札
荷船
荷解
庭池
庭石
庭植
庭梅
庭男
庭神
庭側
庭草
庭口
庭桜
庭土
庭積
庭場
庭花
庭火
布味
布板
布糸
布子
布球
布橋
布箱
布張
布引
布目
布山
根明
根合
根石
根魚
根方
根肥
根城
根太
根竹
根付
根深
根松
根雪
練糸
練色
練切
練衣
練粉
練土
野雨
野池
野茨
野男
野風
野川
残香
野末
望人
野立
野面
野花
野豆
飲口
飲助
野守
乗打
乗手
告門
祝告
野分
羽板
生際
墓側
墓下
羽風
葉風
墓土
墓花
墓道
墓守
墓原
羽交
羽易
接目
歯切
羽口
箱馬
箱男
箱書
箱型
箱形
箱師
箱下
箱球
箱庭
箱船
箱宮
羽衣
羽指
橋板
橋形
橋立
橋祭
橋守
柱間
走井
土師
羽白
葉末
勢車
機音
機織
旗風
旗頭
畑木
旗雲
畑耕
畑側
畑物
旗標
畑土
旗取
機所
機場
旗日
畑麦
旗持
初市
初午
初売
初風
初買
初顔
初声
初氷
初桜
初皿
初空
初旅
初荷
初花
初物
初雪
初笑
果口
花軍
花板
花市
花茨
花落
花折
花数
鼻風
鼻頭
鼻紙
鼻側
鼻木
鼻縄
花首
鼻薬
花組
鼻毛
花氷
花桜
花立
花球
花妻
花友
花時
花留
鼻柱
花冷
花人
花札
鼻笛
花船
花豆
花丸
花群
鼻持
鼻元
花物
花守
花宿
花湯
花夢
鼻横
母犬
母牛
母馬
母木
母熊
母者
母鳥
母虫
母物
葉箱
祝人
祝部
葉水
羽虫
葉虫
葉守
早馬
早玉
速玉
早縄
早場
早昼
早船
早道
早耳
早飯
早技
早業
張板
張型
張形
張手
張交
張店
張物
春着
春田
春告
春鳥
春方
春辺
春物
春山
晴着
麦秋
場末
場庭
場札
日足
火足
火入
火色
氷魚
火打
日面
東入
東組
東空
引歌
引去
引戸
引時
引直
引縄
引札
引船
引目
引物
火切
引綿
日切
久方
火先
氷雨
火皿
額際
額口
火玉
左頭
左角
左型
左縄
左鼻
左指
羊男
羊飼
未草
羊草
羊雲
未申
未年
人熱
人音
人声
人里
人伝
人波
人柱
人待
人群
独神
日永
日長
火河
日待
火祭
火虫
灯虫
火矢
冷麦
平編
平打
平泳
平織
平門
平型
平草
平首
平組
平士
平皿
平底
平玉
平付
平積
平取
平箱
平張
平筆
平政
平豆
平麦
平虫
平物
昼軍
昼帯
昼顔
昼型
昼側
昼酒
昼中
拾物
拾屋
広形
広口
広前
広山
編木
笛竹
深皿
深手
深場
文車
節糸
節織
節黒
節玉
札紙
札差
札止
筆石
筆数
筆立
筆太
筆結
太糸
太枝
太織
太型
太筆
太物
船足
船戦
船板
船歌
船方
船形
船君
船子
船路
船印
船標
船玉
船着
船息
船荷
船連
船場
船祭
船虫
船持
船守
船屋
船宿
船改
文箱
史部
文板
文使
文荷
文札
冬糸
冬型
冬側
冬木
冬着
冬草
冬空
冬時
冬鳥
冬菜
冬日
冬道
冬山
古板
古糸
古歌
古女
古鉄
古布
古様
古竹
古種
古血
古手
古綿
不男
不助
仏花
仏心
兵児
辺路
減口
別布
外居
行器
星合
星型
星形
星神
星組
星下
星取
星目
星眼
細糸
細枝
細型
細形
細口
細声
細縄
細根
細葉
細引
細道
熱味
仏顔
程合
本歌
本船
間合
前赤
前板
前帯
前側
前羽
前宮
間男
死返
曲玉
真金
真北
負組
曲木
孫神
正夢
混飯
真竹
町着
街着
町口
待肥
町境
街種
街場
街森
松皮
松炭
真土
松虫
待雪
祭笛
的球
目交
眼交
眼間
眼居
眼皮
真西
間柱
真東
間広
真緑
真南
豆板
豆幹
豆皿
豆面
豆梨
豆畑
豆飯
守刀
守札
丸頭
丸編
丸石
丸打
円領
丸帯
丸首
丸皿
丸底
丸竹
丸鼻
丸葉
丸筆
丸麦
丸物
客神
真綿
実梅
身重
幹糸
幹縄
右頭
右枝
右角
右顔
右型
右首
右指
右横
見境
実桜
短手
身印
水青
水足
水油
水糸
湖側
水落
水飼
水鏡
水貝
水切
水子
水心
水玉
水鼻
水次
水止
水計
水引
水船
水屋
水雪
水綿
店構
道板
道糸
路角
道角
道草
道辺
道火
道悪
王身
見取
緑組
緑花
緑虫
緑湯
南入
南倉
南組
南様
南妻
南手
南丸
南向
身毛
耳上
耳金
耳側
耳際
耳毛
耳底
耳菜
耳無
耳水
耳横
耳輪
見目
身持
宮居
宮型
宮方
都移
都落
都草
都鳥
都節
都辺
宮地
宮所
宮柱
宮人
宮水
宮持
宮守
昔型
昔者
麦色
麦女
麦車
麦畑
麦笛
麦湯
夢現
虫男
虫型
虫草
虫薬
虫気
虫声
虫酸
虫友
虫札
虫笛
虫眼
虫屋
虫湯
結目
徒足
徒口
徒話
徒飯
村男
村方
村側
群雲
村雨
村境
村界
村里
連主
群竹
村祭
眼明
目板
目打
目方
目角
目顔
眼顔
目黄
目利
目切
目口
飯売
飯時
飯湯
女竹
目力
目土
女時
女波
目張
目光
女節
目星
目細
女松
目耳
女山
目結
綿畑
水取
申口
申子
申次
申文
持地
持手
持荷
持弓
元入
元受
元枝
元口
元黒
本黒
元肥
元高
元種
元玉
本鳥
元縄
元根
元箱
基柱
元湯
物売
物書
物差
物成
物原
森側
矢合
矢板
矢面
家数
矢数
矢風
矢型
矢形
焼型
焼金
焼塩
焼玉
焼畑
焼飯
矢車
焼野
焼山
矢声
矢印
安魚
安酒
休石
矢立
矢竹
矢種
矢玉
矢束
矢取
宿側
宿着
宿船
宿元
宿許
宿木
鳴家
矢羽
矢文
山犬
病犬
山送
山数
山風
山方
山刀
山際
山子
山坂
山幸
山境
山里
山師
山土
山面
山留
山辺
山豆
山雪
山童
破車
夜話
夕風
夕雲
夕桜
夕空
夕月
夕花
夕晴
夕光
湯音
湯面
明衣
雪男
雪組
雪雲
雪気
雪消
雪坂
雪代
雪空
雪玉
雪鳥
雪晴
行平
雪平
雪間
雪見
雪水
雪持
雪輪
雪童
湯口
弓末
湯立
湯玉
湯次
弓場
湯場
湯波
湯葉
湯畑
湯花
指毛
指笛
指技
湯札
弓数
弓頭
湯道
弓取
弓張
弓矢
夢色
夢歌
夢先
夢解
夢鳥
湯宿
夜軍
葉群
夜風
横合
横足
横編
横石
横板
横糸
横枝
横置
横帯
横風
横型
横組
横車
横様
横面
横手
横波
横根
横羽
横飯
横物
横矢
世心
夜寒
寄木
寄手
寄場
寄文
夜旅
夜長
夜泣
夜鳴
世波
米坂
読切
読人
読札
夜宮
寄合
寄魚
寄親
寄身
寄物
寄人
夜市
夜顔
夜型
夜側
夜昼
弱味
弱身
弱虫
公魚
分去
病葉
分里
曲物
業前
業物
綿油
綿入
綿雲
綿虫
綿雪
綿弓
輪積
輪留
輪縄
輪虫
笑草
童歌
童言
破子
悪場
悪身
間事
青粉
厚物
油差
言種
言草
石粉
板厚
植女
馬屋
上火
遠見
重石
面持
形無
空荷
仮屋
皮身
黄粉
管物
口遊
国元
国許
小首
心付
小言
子代
子夫
小昼
仕置
下組
品書
死身
仕向
上界
条解
素飯
勢子
高波
立者
店者
玉毛
手編
手業
年女
都人
荷粉
西東
羽子
花活
花生
花菜
人宿
日女
前付
真昼
間日
目色
焼物
寄辺
後山
石子
後立
大総
毛長
小切
事始
島山
常会
水魚
質悪
手引
飛出
中入
西組
日次
葉肥
発止
人買
府政
見受
身側
内高
売高
横線
神側
倉入
黒味
山国
仕物
白根
足部
中平
戸前
取入
生血
張合
引手
札山
本給
孫子
水先
山薬
山男
童部
内人
木間
好者
局口
寺町
湯浴
菜種
生型
雪菜
色子
雲助
張子
家根
岩魚
完村
肉村
死所
底根
備場
店数
出州
日取
母衣
曲家
水場
見開
元結
物種
夜明
輪箱
頭打
金貸
庫入
人屋
手事
西市
板間
打首
大女
音屋
居合
家路
市人
勝戦
戸人
見立
出湯
品部
年波
間人
板型
差支
積率
目路
眼路
申出
大市
型屋
果物
仕分
反英
山神
野寺
輪金
所引
世帯
張出
河中
神官
刷物
大兵
半丁
時鳥
典馬
馬飼
識者
導師
眼差
赤葉
同師
導子
童詩
道士
半町
夫君
聞屋
近目
長母
反故
市女
毒気
引受
飯屋
科別
名子
祝女
古枝
芽生
太神
野焼
機物
水口
田遊
居長
白笑
書取
来手
西風
遠矢
物取
官等
家側
色粉
馬道
塩海
白飯
引出
深間
枝葉
上回
電池
道程
発力
小乗
省城
章条
証上
証状
神事
受入
車引
公人
田植
小米
粉米
上宿
心字
真事
真字
神示
寄帰
旗機
汽機
記紀
古格
子鳥
婦道
府道
父道
受取
独活
車前
河下
指手
箱入
東向
仕出
草字
走時
送辞
火事
紙花
県民
詩歌
知客
糸価
紙価
詩家
数等
火焼
共時
実父
高菜
次姉
不調
大岩
川中
城内
中州
女木
浴衣
給額
口入
定書
日子
平城
道引
火屋
初子
活計
仲馬
生水
軽音
旧社
下男
板目
店主
陽光
当量
家元
借上
客観
白田
場台
横引
原状
現成
売女
川前
新出
受合
大羽
大葉
各管
切首
真人
直下
人長
豆比
同部
理観
石神
旧字
本覚
居前
居待
気表
軍機
田子
山川
何型
熊皮
達示
子規
時事
石屋
入物
島人
光柱
光虫
好中
鉱柱
後注
美人
良品
議院
線条
家礼
局中
紀要
下身
主典
仏道
青田
風車
曲数
極数
白下
古生
別使
目数
元首
食中
建前
赤巣
後先
白粉
口側
高性
小場
人感
中市
山会
立前
似合
民地
物持
黒羽
資質
多福
大農
大船
川下
出合
業主
益母
外海
始末
白馬
向付
羽太
産気
身心
羊歯
地子
寺使
次子
次指
船乗
低価
手付
小頭
小刀
差引
商登
照灯
容量
持金
置場
市花
理法
黒酒
子鹿
性根
領国
内板
車交
能面
川水
広目
小夜
不道
代名
群青
散塩
馬力
人死
門家
学士
図利
地理
労相
食物
北半
北海
物入
正親
火取
案外
文月
楽家
志士
国側
子息
年弱
氷柱
標柱
標注
氷中
表注
評注
原音
庭内
紙切
気量
日金
方印
法印
結束
真後
道行
中径
中路
待橋
居館
多言
鼻先
糸速
竹刀
素気
対面
人中
次時
治理
鼻輪
見場
相身
折返
国分
谷側
身形
身態
加水
河水
工場
当会
羽織
屋形
試買
魚市
学資
絶間
演物
粉屋
書生
径庭
和児
太夫
立心
漁区
小休
出会
古参
天性
修法
船門
北関
東軍
全史
全歯
全紙
前史
早見
明知
勝間
独木
理化
再治
祭事
細事
南天
氷室
聞持
重機
元金
木作
河上
新星
丸木
重複
行改
川方
芸大
通力
自性
天年
古紙
前議
夜来
大飯
外面
要点
雨林
版本
提子
故紙
古詩
詩学
買取
枝指
悪見
加重
使司
史詩
士師
市史
師資
支子
死士
示指
詩思
精鉄
全話
要港
件名
全生
町役
野老
入方
大角
苦無
城東
歯学
買上
後足
夫側
野原
司調
司長
士長
師長
紙帳
仕丁
貸切
外生
朝焼
記法
神学
素足
手方
白衣
心底
組入
側目
熱感
家学
歌学
自他
国軍
待人
各部
取付
中通
全輪
兵法
逆行
生残
全駅
大富
人山
方案
清朝
葉先
前話
歯先
中空
印制
院政
外線
辞代
書館
大官
楽士
仕打
能率
芽木
素生
伝家
風間
同右
平目
陽線
子役
細魚
黒白
父母
合音
平米
救世
立待
皮側
漁火
手練
舎人
指地
死地
内線
科白
売出
時中
入社
理判
前広
青身
算式
部内
葉月
小倉
朝野
半年
見張
月初
人眼
天明
馬代
町石
長石
引下
温度
金賞
年強
伝手
松山
書出
曲球
首打
大家
船眼
出歯
村役
出生
引上
新字
根原
夜半
義理
有高
黄身
巣上
総状
村高
和人
金額
再構
水田
正教
洋上
寺内
博士
大音
鳴子
気圧
周年
男木
都城
団円
漢学
生老
快楽
太上
上衣
減率
次席
調子
過重
在明
湯元
糸魚
内法
政事
同郡
医食
鳴声
代身
路側
米産
常事
生玉
旧市
防人
商学
人文
波型
和声
終生
人型
体色
花茶
意気
永久
死場
衛門
経学
豆油
歯音
対岸
鉄船
日数
事績
耳石
自席
下野
元手
眼目
師子
本賞
番所
終世
口切
習性
元芽
楽隊
新宮
女方
子馬
中章
毎周
用益
終声
赤木
神鳴
知辺
水門
人月
古着
修生
上生
情状
同型
小馬
水脈
秒間
用池
陽地
陽池
要地
余人
伝馬
事理
時利
自利
自理
頭上
入合
客体
本間
中道
民数
高位
農相
面体
形行
波数
心性
深成
真性
神政
神精
親政
身世
右投
和子
下手
身際
講師
術士
出水
飯子
義者
天理
観額
神性
側女
側妻
太方
頭下
後学
小使
白夜
目線
助言
神器
買手
解夏
力紙
業生
東風
時制
立役
名分
代物
有林
初冬
町人
門柱
車止
舎弟
再来
前頭
発句
経典
数千
半解
小木
光日
古河
女主
色目
個条
出船
村議
大神
市鳥
初登
馬身
産貿
主幹
童形
工会
大本
外輪
名付
山成
山鳴
院議
在英
車台
非有
身上
王子
直中
店屋
刀自
高年
白州
谷口
家中
市中
各行
正面
本木
中間
仕方
治世
成山
青味
金石
再調
同小
全人
無性
永遠
故友
丁未
番手
竹馬
取手
院卒
旧日
時世
谷町
王院
兵隊
木器
生肉
力学
種子
外相
心神
新進
深身
真信
真神
神心
神身
臣心
県産
客員
人日
馬手
太子
山元
過員
過飲
子中
再開
歌風
近衛
象文
他意
体幹
再建
隊長
茶館
地利
名残
広葉
地代
動中
定量
歩兵
和国
全島
当日
正本
地対
客席
新地
両岸
海神
競売
大夫
梨子
天満
合体
生紙
曲輪
後会
積肥
真冬
寄席
平岡
店売
花鳥
功徳
語意
女官
良家
家風
楽師
選言
打出
形木
高角
同本
物見
耕区
鉱区
無勢
相国
小池
校区
講時
功人
好人
工人
黄人
実物
遠道
境界
人力
信士
分支
素木
国書
市立
雑役
山本
犬神
行幸
才幹
老夫
船主
無意
毛羽
薬学
軍内
興商
人命
大君
見物
心情
王者
宿駅
春期
名乗
変人
素見
人像
佐官
肉眼
米朝
仮宮
副編
村社
火消
土司
年初
駅馬
地面
生起
倍速
東行
順応
通語
科名
相識
時日
手書
停止
礼文
集会
水管
用便
得物
桜花
徒士
量化
県間
重工
平野
右折
追風
家長
金時
全社
横紙
産屋
小牛
公証
工商
厚相
光年
川船
信条
交唱
光象
功章
功賞
口証
好商
好笑
好証
後章
校章
行章
行賞
高商
真情
織目
下心
葉桜
頭布
秋野
番台
能化
人心
仏文
確度
心算
洋式
水主
山内
旅客
夜業
平屋
中生
同地
薬事
塩梅
国学
読取
引張
天界
道標
不女
丸柱
花園
空言
事代
空事
海山
無政
不完
式神
見切
科長
黒書
河原
眼力
単音
同相
真名
本線
小道
新道
親母
行人
便器
地力
学究
字解
自界
自解
間食
角形
深重
引取
階子
校長
始代
支台
歯大
右打
色紙
対側
近赤
旧河
川上
新手
容態
心力
上歯
大功
鹿角
高平
売店
好相
素面
大洋
製織
夏日
木場
世職
星食
正食
生植
生色
上薬
大路
鳥類
高飛
女工
出店
年男
新制
墓所
朝臣
飲酒
同会
黄色
客地
画地
新卒
同大
祖神
大貝
海草
道外
士分
同階
町橋
客人
頭高
黄金
立寄
小三
節句
今夏
夫婦
野次
書体
熱湯
口数
年余
法体
水上
天部
共人
音場
多勢
汽車
直筆
悪心
大石
講中
大念
光学
省力
左投
体量
先願
貸屋
上根
文治
大川
赤口
性愛
町見
力者
使主
職住
黒米
人体
同形
美学
容気
形気
国柱
小雪
小五
頭部
比売
神明
線引
構法
真下
在高
持合
久松
時効
夜着
査衣
材面
谷合
白石
高機
精工
金色
性効
成工
晴耕
正向
清光
生香
精講
精鉱
製鉱
西航
青黄
短期
大織
各省
船橋
赤松
人国
未分
教書
野手
正木
点火
徳利
経産
統領
下田
知音
本手
雑学
何分
法相
字高
時候
時好
自工
自校
自航
自行
電神
鳴神
鳴電
内輪
土方
海松
水松
村路
主個
関公
領内
酒代
県下
後世
同条
空手
面目
古文
東方
左官
手本
白子
東駅
寒地
大空
山家
新政
日休
部活
県西
現世
同士
所員
前守
小雨
平戸
湯本
重手
雪道
山中
日出
音声
風花
初出
無期
田畑
雲雨
学者
連子
糸毛
秋風
児者
定性
場周
言下
新村
飛鳥
形相
南東
品別
他夫
人形
開先
学史
町議
荷重
所職
外編
園生
薬師
住手
弓形
雑木
形代
静電
海里
過言
木群
夫人
新球
中原
緑野
家来
顔色
白河
在米
動力
東市
波頭
無感
羽山
号車
会長
貸手
波打
文中
照葉
法会
無心
現時
重唱
生時
松原
金持
黒色
新山
王土
黄土
最北
雑用
験者
章題
春風
前方
流通
歌合
日中
墓石
高確
大所
所内
記帳
家出
小野
体感
大菜
賀状
明王
夜祭
西方
治安
大社
知行
元軍
油皿
産子
田楽
用品
製品
格式
年産
魚菜
夏休
金政
独仏
大雪
女手
年月
工夫
合間
管楽
写真
丁末
前金
出場
雨水
地味
役所
木金
判官
読者
本文
画意
賀意
品番
花木
大法
字面
赤子
名義
花色
目見
部費
前立
飲料
球部
当金
正体
経堂
野路
固有
楽園
大字
仕業
個有
夏木
大前
松下
石山
生日
白雪
数的
本節
科学
村外
眼覚
面構
祖母
旅人
多角
山路
鼻声
美衣
大竹
前後
折目
局内
生有
性悪
粉雪
人馬
未発
民会
散楽
花野
県中
田家
円相
紙質
羽先
秋月
前輪
母屋
人事
前食
左打
要語
山畑
服部
要具
海布
山岸
朝間
区名
神酒
城西
同法
解説
海女
下士
罪人
自力
言葉
母音
内力
東沖
遠路
塩井
品等
分位
村人
大刀
大和
唱歌
年央
真魚
青木
河口
酒飲
同病
弓手
河鹿
数百
水相
発機
体内
親子
草木
正方
中国
快感
黒雲
行宮
酒好
橋下
出血
他愛
良材
中島
左横
下草
語史
省内
味気
上側
経営
水利
赤金
川側
過酸
元木
両三
害者
礼講
鳥目
日産
上田
兵六
属音
中務
月日
国政
区議
米粉
区立
経常
声色
今昔
作法
素地
高低
心地
山下
本所
破目
太政
立花
目白
海鳥
鹿子
算額
心事
年式
小枝
園遊
省令
過半
鼻息
残日
水車
岩下
好事
北風
新木
間数
対中
日当
場数
建場
金物
乗法
小一
素水
円柱
働力
年祭
同委
名案
県市
真田
天井
容体
生活
大丸
動機
金型
現住
今年
子年
天花
数度
羽根
初秋
貨物
合板
水飲
有光
林内
性向
武士
末期
遠山
川口
公法
兵者
高札
古史
中古
人足
初日
生児
同体
上手
眼球
毛織
米民
国産
不採
期年
望月
英数
女形
相性
副長
紙代
図星
直会
野田
省都
半物
宮城
外組
石橋
美男
時程
皿山
横刀
寒風
語路
型付
多聞
冬景
出物
小見
大都
陸部
学力
所長
医師
家内
笑話
筆頭
銀色
町中
大工
神田
以前
少馬
小松
親父
大声
徒人
小金
海雲
農機
府県
高度
最安
年老
火口
海側
食堂
海辺
各音
酒屋
期中
内側
松明
肉団
飯事
貸家
米倉
梅雨
親近
天堂
谷底
川島
急悪
高音
右手
北国
中西
集名
半円
山口
小子
量感
同編
後文
黒木
容形
相生
山車
鼻高
野口
山田
年比
常用
年会
魚商
小島
人台
生物
畑中
産物
戸部
年寄
迷子
最中
化物
陽子
小川
張紙
緑色
大方
最下
谷川
大戸
天草
絶好
用達
茶道
道議
務所
数十
関屋
文学
内外
水分
本田
区内
真弓
白身
未成
声音
生身
不平
黒石
石綿
語形
牧場
問屋
男気
外国
東西
園地
代人
女友
牧野
赤羽
回外
営地
西行
後方
科会
朝昼
大宮
野中
軽乗
草野
半期
神識
山形
円心
羽目
大勢
全市
菜切
単一
客数
石取
朝庭
天朝
所得
対米
平山
大一
肉食
形見
国家
刊本
国原
織部
戸建
平家
町内
妻子
春日
真中
深雪
住人
景気
高木
団員
麦粉
人似
画風
道路
切手
線量
持家
青梅
以下
人数
酸味
線状
金的
帯状
強力
水母
去年
全業
他人
力率
文体
住地
世界
在地
晴明
灯火
用水
山梨
不動
差出
間帯
着物
木村
手入
庫倉
独歩
市大
人家
左前
前面
自社
所用
団長
名取
借入
変動
府立
海月
単衣
県議
下半
機長
台場
借家
男組
目黒
外見
下女
県連
王女
学書
内発
母本
南島
石井
館員
身体
大政
漁場
最前
出先
間期
夕飯
金子
性行
小屋
行事
何人
両国
手先
史上
曲目
日夜
真個
語中
手動
手紙
数多
勝目
昼時
神楽
清水
本分
浴法
室長
人妻
子持
中田
少子
区民
字形
居住
死様
水面
築年
学科
仮名
市子
青山
個年
真価
重苦
口中
徒然
月間
居多
谷中
浴場
葉山
個所
湖岸
酒類
両側
市売
市区
習慣
議場
女性
川流
里子
大人
知識
左手
生足
子音
童子
太刀
大成
住居
生業
心意
戦時
場内
車屋
大会
学部
産額
金地
局長
隊員
村内
弟妹
立場
区外
物数
医学
多分
林地
土日
文目
史家
対人
労使
何役
法案
中山
東海
上階
部長
月水
側部
上半
真木
村長
結構
原材
手間
用材
県別
春夏
人別
学会
式場
門外
君達
父君
曜日
飲食
用紙
家集
何科
夏秋
産婦
実作
女学
田舎
相反
局留
治体
同組
人情
断面
年百
粉状
本学
部員
人王
日祝
曲中
全都
仏堂
局数
丸一
線上
次式
英独
国人
理学
青緑
旅所
字名
表中
日月
法院
用地
小中
多国
水金
軍側
同業
課長
上右
海風
業界
月末
板状
秋冬
機用
旧軍
上左
客用
作目
都議
英仏
水道
数差
巣状
員数
薬店
前駅
語学
場代
院生
半目
書面
業法
大卒
毎週
地内
店側
足先
朝夜
用具
州政
仏独
園児
白赤
産業
陸海
室外
政労
団隊
車道
大外
同学
塩浴
表六
朝夕
木草
米大
次会
大職
衣食
生年
中小
上学
人頭
同字
後目
水氷
税法
南中
語音
家本
新製
各道
各型
市町
木気
語文
下風
期末
教徒
西高
音図
正職
外出
人部
白味
校生
客屋
茶畑
水木
素数
女役
町村
楽部
課員
発着
国初
街中
後人
港区
人名
長短
料率
道会
飯食
官学
橋際
海空
食住
国中
転結
自公
火水
産学
州立
都道
公保